CRITICAL - 2025-10-26 15:45:04 --> CodeIgniter\View\Exceptions\ViewException: Invalid file: "auth/doctor/prescription_form.php"
[Method: GET, Route: doctor/prescriptions/create]
in SYSTEMPATH\Exceptions\FrameworkException.php on line 39.
 1 SYSTEMPATH\View\View.php(214): CodeIgniter\Exceptions\FrameworkException::forInvalidFile('auth/doctor/prescription_form.php')
 2 SYSTEMPATH\Common.php(1167): CodeIgniter\View\View->render('auth/doctor/prescription_form', [], true)
 3 APPPATH\Controllers\DoctorController.php(330): view('auth/doctor/prescription_form', [...])
 4 SYSTEMPATH\CodeIgniter.php(933): App\Controllers\DoctorController->createPrescription()
 5 SYSTEMPATH\CodeIgniter.php(507): CodeIgniter\CodeIgniter->runController(Object(App\Controllers\DoctorController))
 6 SYSTEMPATH\CodeIgniter.php(354): CodeIgniter\CodeIgniter->handleRequest(null, Object(Config\Cache), false)
 7 SYSTEMPATH\Boot.php(363): CodeIgniter\CodeIgniter->run()
 8 SYSTEMPATH\Boot.php(68): CodeIgniter\Boot::runCodeIgniter(Object(CodeIgniter\CodeIgniter))
 9 FCPATH\index.php(59): CodeIgniter\Boot::bootWeb(Object(Config\Paths))
10 SYSTEMPATH\rewrite.php(44): require_once('C:\\xampp\\htdocs\\HOSPITALMANAGEMENT_GROUP3\\index.php')
CRITICAL - 2025-10-26 15:49:25 --> CodeIgniter\View\Exceptions\ViewException: Invalid file: "auth/doctor/prescription_form.php"
[Method: GET, Route: doctor/prescriptions/create]
in SYSTEMPATH\Exceptions\FrameworkException.php on line 39.
 1 SYSTEMPATH\View\View.php(214): CodeIgniter\Exceptions\FrameworkException::forInvalidFile('auth/doctor/prescription_form.php')
 2 SYSTEMPATH\Common.php(1167): CodeIgniter\View\View->render('auth/doctor/prescription_form', [], true)
 3 APPPATH\Controllers\DoctorController.php(330): view('auth/doctor/prescription_form', [...])
 4 SYSTEMPATH\CodeIgniter.php(933): App\Controllers\DoctorController->createPrescription()
 5 SYSTEMPATH\CodeIgniter.php(507): CodeIgniter\CodeIgniter->runController(Object(App\Controllers\DoctorController))
 6 SYSTEMPATH\CodeIgniter.php(354): CodeIgniter\CodeIgniter->handleRequest(null, Object(Config\Cache), false)
 7 SYSTEMPATH\Boot.php(363): CodeIgniter\CodeIgniter->run()
 8 SYSTEMPATH\Boot.php(68): CodeIgniter\Boot::runCodeIgniter(Object(CodeIgniter\CodeIgniter))
 9 FCPATH\index.php(59): CodeIgniter\Boot::bootWeb(Object(Config\Paths))
10 SYSTEMPATH\rewrite.php(44): require_once('C:\\xampp\\htdocs\\HOSPITALMANAGEMENT_GROUP3\\index.php')
CRITICAL - 2025-10-26 15:49:27 --> CodeIgniter\View\Exceptions\ViewException: Invalid file: "auth/doctor/prescription_form.php"
[Method: GET, Route: doctor/prescriptions/create]
in SYSTEMPATH\Exceptions\FrameworkException.php on line 39.
 1 SYSTEMPATH\View\View.php(214): CodeIgniter\Exceptions\FrameworkException::forInvalidFile('auth/doctor/prescription_form.php')
 2 SYSTEMPATH\Common.php(1167): CodeIgniter\View\View->render('auth/doctor/prescription_form', [], true)
 3 APPPATH\Controllers\DoctorController.php(330): view('auth/doctor/prescription_form', [...])
 4 SYSTEMPATH\CodeIgniter.php(933): App\Controllers\DoctorController->createPrescription()
 5 SYSTEMPATH\CodeIgniter.php(507): CodeIgniter\CodeIgniter->runController(Object(App\Controllers\DoctorController))
 6 SYSTEMPATH\CodeIgniter.php(354): CodeIgniter\CodeIgniter->handleRequest(null, Object(Config\Cache), false)
 7 SYSTEMPATH\Boot.php(363): CodeIgniter\CodeIgniter->run()
 8 SYSTEMPATH\Boot.php(68): CodeIgniter\Boot::runCodeIgniter(Object(CodeIgniter\CodeIgniter))
 9 FCPATH\index.php(59): CodeIgniter\Boot::bootWeb(Object(Config\Paths))
10 SYSTEMPATH\rewrite.php(44): require_once('C:\\xampp\\htdocs\\HOSPITALMANAGEMENT_GROUP3\\index.php')
CRITICAL - 2025-10-26 15:50:43 --> ErrorException: Undefined array key "patient_id"
[Method: GET, Route: lab/requests]
in APPPATH\Views\auth\lab\requests.php on line 29.
 1 APPPATH\Views\auth\lab\requests.php(29): CodeIgniter\Debug\Exceptions->errorHandler(2, 'Undefined array key "patient_id"', 'C:\\xampp\\htdocs\\HOSPITALMANAGEMENT_GROUP3\\app\\Views\\auth\\lab\\requests.php', 29)
 2 SYSTEMPATH\View\View.php(226): include('C:\\xampp\\htdocs\\HOSPITALMANAGEMENT_GROUP3\\app\\Views\\auth\\lab\\requests.php')
 3 SYSTEMPATH\View\View.php(229): CodeIgniter\View\View->CodeIgniter\View\{closure}()
 4 SYSTEMPATH\Common.php(1167): CodeIgniter\View\View->render('auth/lab/requests', [], true)
 5 APPPATH\Controllers\LabController.php(38): view('auth/lab/requests', [...])
 6 SYSTEMPATH\CodeIgniter.php(933): App\Controllers\LabController->requests()
 7 SYSTEMPATH\CodeIgniter.php(507): CodeIgniter\CodeIgniter->runController(Object(App\Controllers\LabController))
 8 SYSTEMPATH\CodeIgniter.php(354): CodeIgniter\CodeIgniter->handleRequest(null, Object(Config\Cache), false)
 9 SYSTEMPATH\Boot.php(363): CodeIgniter\CodeIgniter->run()
10 SYSTEMPATH\Boot.php(68): CodeIgniter\Boot::runCodeIgniter(Object(CodeIgniter\CodeIgniter))
11 FCPATH\index.php(59): CodeIgniter\Boot::bootWeb(Object(Config\Paths))
12 SYSTEMPATH\rewrite.php(44): require_once('C:\\xampp\\htdocs\\HOSPITALMANAGEMENT_GROUP3\\index.php')
CRITICAL - 2025-10-26 15:50:46 --> ErrorException: Undefined array key "patient_id"
[Method: GET, Route: lab/requests]
in APPPATH\Views\auth\lab\requests.php on line 29.
 1 APPPATH\Views\auth\lab\requests.php(29): CodeIgniter\Debug\Exceptions->errorHandler(2, 'Undefined array key "patient_id"', 'C:\\xampp\\htdocs\\HOSPITALMANAGEMENT_GROUP3\\app\\Views\\auth\\lab\\requests.php', 29)
 2 SYSTEMPATH\View\View.php(226): include('C:\\xampp\\htdocs\\HOSPITALMANAGEMENT_GROUP3\\app\\Views\\auth\\lab\\requests.php')
 3 SYSTEMPATH\View\View.php(229): CodeIgniter\View\View->CodeIgniter\View\{closure}()
 4 SYSTEMPATH\Common.php(1167): CodeIgniter\View\View->render('auth/lab/requests', [], true)
 5 APPPATH\Controllers\LabController.php(38): view('auth/lab/requests', [...])
 6 SYSTEMPATH\CodeIgniter.php(933): App\Controllers\LabController->requests()
 7 SYSTEMPATH\CodeIgniter.php(507): CodeIgniter\CodeIgniter->runController(Object(App\Controllers\LabController))
 8 SYSTEMPATH\CodeIgniter.php(354): CodeIgniter\CodeIgniter->handleRequest(null, Object(Config\Cache), false)
 9 SYSTEMPATH\Boot.php(363): CodeIgniter\CodeIgniter->run()
10 SYSTEMPATH\Boot.php(68): CodeIgniter\Boot::runCodeIgniter(Object(CodeIgniter\CodeIgniter))
11 FCPATH\index.php(59): CodeIgniter\Boot::bootWeb(Object(Config\Paths))
12 SYSTEMPATH\rewrite.php(44): require_once('C:\\xampp\\htdocs\\HOSPITALMANAGEMENT_GROUP3\\index.php')
CRITICAL - 2025-10-26 15:54:49 --> ErrorException: Undefined array key "patient_id"
[Method: GET, Route: lab/requests]
in APPPATH\Views\auth\lab\requests.php on line 29.
 1 APPPATH\Views\auth\lab\requests.php(29): CodeIgniter\Debug\Exceptions->errorHandler(2, 'Undefined array key "patient_id"', 'C:\\xampp\\htdocs\\HOSPITALMANAGEMENT_GROUP3\\app\\Views\\auth\\lab\\requests.php', 29)
 2 SYSTEMPATH\View\View.php(226): include('C:\\xampp\\htdocs\\HOSPITALMANAGEMENT_GROUP3\\app\\Views\\auth\\lab\\requests.php')
 3 SYSTEMPATH\View\View.php(229): CodeIgniter\View\View->CodeIgniter\View\{closure}()
 4 SYSTEMPATH\Common.php(1167): CodeIgniter\View\View->render('auth/lab/requests', [], true)
 5 APPPATH\Controllers\LabController.php(38): view('auth/lab/requests', [...])
 6 SYSTEMPATH\CodeIgniter.php(933): App\Controllers\LabController->requests()
 7 SYSTEMPATH\CodeIgniter.php(507): CodeIgniter\CodeIgniter->runController(Object(App\Controllers\LabController))
 8 SYSTEMPATH\CodeIgniter.php(354): CodeIgniter\CodeIgniter->handleRequest(null, Object(Config\Cache), false)
 9 SYSTEMPATH\Boot.php(363): CodeIgniter\CodeIgniter->run()
10 SYSTEMPATH\Boot.php(68): CodeIgniter\Boot::runCodeIgniter(Object(CodeIgniter\CodeIgniter))
11 FCPATH\index.php(59): CodeIgniter\Boot::bootWeb(Object(Config\Paths))
12 SYSTEMPATH\rewrite.php(44): require_once('C:\\xampp\\htdocs\\HOSPITALMANAGEMENT_GROUP3\\index.php')
CRITICAL - 2025-10-26 15:54:50 --> ErrorException: Undefined array key "patient_id"
[Method: GET, Route: lab/requests]
in APPPATH\Views\auth\lab\requests.php on line 29.
 1 APPPATH\Views\auth\lab\requests.php(29): CodeIgniter\Debug\Exceptions->errorHandler(2, 'Undefined array key "patient_id"', 'C:\\xampp\\htdocs\\HOSPITALMANAGEMENT_GROUP3\\app\\Views\\auth\\lab\\requests.php', 29)
 2 SYSTEMPATH\View\View.php(226): include('C:\\xampp\\htdocs\\HOSPITALMANAGEMENT_GROUP3\\app\\Views\\auth\\lab\\requests.php')
 3 SYSTEMPATH\View\View.php(229): CodeIgniter\View\View->CodeIgniter\View\{closure}()
 4 SYSTEMPATH\Common.php(1167): CodeIgniter\View\View->render('auth/lab/requests', [], true)
 5 APPPATH\Controllers\LabController.php(38): view('auth/lab/requests', [...])
 6 SYSTEMPATH\CodeIgniter.php(933): App\Controllers\LabController->requests()
 7 SYSTEMPATH\CodeIgniter.php(507): CodeIgniter\CodeIgniter->runController(Object(App\Controllers\LabController))
 8 SYSTEMPATH\CodeIgniter.php(354): CodeIgniter\CodeIgniter->handleRequest(null, Object(Config\Cache), false)
 9 SYSTEMPATH\Boot.php(363): CodeIgniter\CodeIgniter->run()
10 SYSTEMPATH\Boot.php(68): CodeIgniter\Boot::runCodeIgniter(Object(CodeIgniter\CodeIgniter))
11 FCPATH\index.php(59): CodeIgniter\Boot::bootWeb(Object(Config\Paths))
12 SYSTEMPATH\rewrite.php(44): require_once('C:\\xampp\\htdocs\\HOSPITALMANAGEMENT_GROUP3\\index.php')
CRITICAL - 2025-10-26 15:54:50 --> ErrorException: Undefined array key "patient_id"
[Method: GET, Route: lab/requests]
in APPPATH\Views\auth\lab\requests.php on line 29.
 1 APPPATH\Views\auth\lab\requests.php(29): CodeIgniter\Debug\Exceptions->errorHandler(2, 'Undefined array key "patient_id"', 'C:\\xampp\\htdocs\\HOSPITALMANAGEMENT_GROUP3\\app\\Views\\auth\\lab\\requests.php', 29)
 2 SYSTEMPATH\View\View.php(226): include('C:\\xampp\\htdocs\\HOSPITALMANAGEMENT_GROUP3\\app\\Views\\auth\\lab\\requests.php')
 3 SYSTEMPATH\View\View.php(229): CodeIgniter\View\View->CodeIgniter\View\{closure}()
 4 SYSTEMPATH\Common.php(1167): CodeIgniter\View\View->render('auth/lab/requests', [], true)
 5 APPPATH\Controllers\LabController.php(38): view('auth/lab/requests', [...])
 6 SYSTEMPATH\CodeIgniter.php(933): App\Controllers\LabController->requests()
 7 SYSTEMPATH\CodeIgniter.php(507): CodeIgniter\CodeIgniter->runController(Object(App\Controllers\LabController))
 8 SYSTEMPATH\CodeIgniter.php(354): CodeIgniter\CodeIgniter->handleRequest(null, Object(Config\Cache), false)
 9 SYSTEMPATH\Boot.php(363): CodeIgniter\CodeIgniter->run()
10 SYSTEMPATH\Boot.php(68): CodeIgniter\Boot::runCodeIgniter(Object(CodeIgniter\CodeIgniter))
11 FCPATH\index.php(59): CodeIgniter\Boot::bootWeb(Object(Config\Paths))
12 SYSTEMPATH\rewrite.php(44): require_once('C:\\xampp\\htdocs\\HOSPITALMANAGEMENT_GROUP3\\index.php')
CRITICAL - 2025-10-26 15:54:51 --> ErrorException: Undefined array key "patient_id"
[Method: GET, Route: lab/requests]
in APPPATH\Views\auth\lab\requests.php on line 29.
 1 APPPATH\Views\auth\lab\requests.php(29): CodeIgniter\Debug\Exceptions->errorHandler(2, 'Undefined array key "patient_id"', 'C:\\xampp\\htdocs\\HOSPITALMANAGEMENT_GROUP3\\app\\Views\\auth\\lab\\requests.php', 29)
 2 SYSTEMPATH\View\View.php(226): include('C:\\xampp\\htdocs\\HOSPITALMANAGEMENT_GROUP3\\app\\Views\\auth\\lab\\requests.php')
 3 SYSTEMPATH\View\View.php(229): CodeIgniter\View\View->CodeIgniter\View\{closure}()
 4 SYSTEMPATH\Common.php(1167): CodeIgniter\View\View->render('auth/lab/requests', [], true)
 5 APPPATH\Controllers\LabController.php(38): view('auth/lab/requests', [...])
 6 SYSTEMPATH\CodeIgniter.php(933): App\Controllers\LabController->requests()
 7 SYSTEMPATH\CodeIgniter.php(507): CodeIgniter\CodeIgniter->runController(Object(App\Controllers\LabController))
 8 SYSTEMPATH\CodeIgniter.php(354): CodeIgniter\CodeIgniter->handleRequest(null, Object(Config\Cache), false)
 9 SYSTEMPATH\Boot.php(363): CodeIgniter\CodeIgniter->run()
10 SYSTEMPATH\Boot.php(68): CodeIgniter\Boot::runCodeIgniter(Object(CodeIgniter\CodeIgniter))
11 FCPATH\index.php(59): CodeIgniter\Boot::bootWeb(Object(Config\Paths))
12 SYSTEMPATH\rewrite.php(44): require_once('C:\\xampp\\htdocs\\HOSPITALMANAGEMENT_GROUP3\\index.php')
ERROR - 2025-10-26 16:01:11 --> mysqli_sql_exception: Cannot add or update a child row: a foreign key constraint fails (`hmsdb`.`prescriptions`, CONSTRAINT `prescriptions_doctor_id_foreign` FOREIGN KEY (`doctor_id`) REFERENCES `staff` (`id`) ON DELETE CASCADE ON UPDATE CASCADE) in C:\xampp\htdocs\HOSPITALMANAGEMENT_GROUP3\system\Database\MySQLi\Connection.php:327
Stack trace:
#0 C:\xampp\htdocs\HOSPITALMANAGEMENT_GROUP3\system\Database\MySQLi\Connection.php(327): mysqli->query('INSERT INTO `pr...', 0)
#1 C:\xampp\htdocs\HOSPITALMANAGEMENT_GROUP3\system\Database\BaseConnection.php(729): CodeIgniter\Database\MySQLi\Connection->execute('INSERT INTO `pr...')
#2 C:\xampp\htdocs\HOSPITALMANAGEMENT_GROUP3\system\Database\BaseConnection.php(646): CodeIgniter\Database\BaseConnection->simpleQuery('INSERT INTO `pr...')
#3 C:\xampp\htdocs\HOSPITALMANAGEMENT_GROUP3\system\Database\BaseBuilder.php(2345): CodeIgniter\Database\BaseConnection->query('INSERT INTO `pr...', Array, false)
#4 C:\xampp\htdocs\HOSPITALMANAGEMENT_GROUP3\system\Model.php(394): CodeIgniter\Database\BaseBuilder->insert()
#5 C:\xampp\htdocs\HOSPITALMANAGEMENT_GROUP3\system\BaseModel.php(838): CodeIgniter\Model->doInsert(Array)
#6 C:\xampp\htdocs\HOSPITALMANAGEMENT_GROUP3\system\Model.php(797): CodeIgniter\BaseModel->insert(Array, true)
#7 C:\xampp\htdocs\HOSPITALMANAGEMENT_GROUP3\app\Controllers\DoctorController.php(345): CodeIgniter\Model->insert(Array)
#8 C:\xampp\htdocs\HOSPITALMANAGEMENT_GROUP3\system\CodeIgniter.php(933): App\Controllers\DoctorController->storePrescription()
#9 C:\xampp\htdocs\HOSPITALMANAGEMENT_GROUP3\system\CodeIgniter.php(507): CodeIgniter\CodeIgniter->runController(Object(App\Controllers\DoctorController))
#10 C:\xampp\htdocs\HOSPITALMANAGEMENT_GROUP3\system\CodeIgniter.php(354): CodeIgniter\CodeIgniter->handleRequest(NULL, Object(Config\Cache), false)
#11 C:\xampp\htdocs\HOSPITALMANAGEMENT_GROUP3\system\Boot.php(363): CodeIgniter\CodeIgniter->run()
#12 C:\xampp\htdocs\HOSPITALMANAGEMENT_GROUP3\system\Boot.php(68): CodeIgniter\Boot::runCodeIgniter(Object(CodeIgniter\CodeIgniter))
#13 C:\xampp\htdocs\HOSPITALMANAGEMENT_GROUP3\index.php(59): CodeIgniter\Boot::bootWeb(Object(Config\Paths))
#14 C:\xampp\htdocs\HOSPITALMANAGEMENT_GROUP3\system\rewrite.php(44): require_once('C:\\xampp\\htdocs...')
#15 {main}
CRITICAL - 2025-10-26 16:01:11 --> CodeIgniter\Database\Exceptions\DatabaseException: Cannot add or update a child row: a foreign key constraint fails (`hmsdb`.`prescriptions`, CONSTRAINT `prescriptions_doctor_id_foreign` FOREIGN KEY (`doctor_id`) REFERENCES `staff` (`id`) ON DELETE CASCADE ON UPDATE CASCADE)
[Method: POST, Route: doctor/prescriptions/store]
in SYSTEMPATH\Database\BaseConnection.php on line 684.
 1 SYSTEMPATH\Database\BaseBuilder.php(2345): CodeIgniter\Database\BaseConnection->query('INSERT INTO `prescriptions` (`patient_id`, `doctor_id`, `appointment_id`, `prescription_date`, `diagnosis`, `notes`, `status`) VALUES (:patient_id:, :doctor_id:, :appointment_id:, :prescription_date:, :diagnosis:, :notes:, :status:)', [...], false)
 2 SYSTEMPATH\Model.php(394): CodeIgniter\Database\BaseBuilder->insert()
 3 SYSTEMPATH\BaseModel.php(838): CodeIgniter\Model->doInsert([...])
 4 SYSTEMPATH\Model.php(797): CodeIgniter\BaseModel->insert([...], true)
 5 APPPATH\Controllers\DoctorController.php(345): CodeIgniter\Model->insert([...])
 6 SYSTEMPATH\CodeIgniter.php(933): App\Controllers\DoctorController->storePrescription()
 7 SYSTEMPATH\CodeIgniter.php(507): CodeIgniter\CodeIgniter->runController(Object(App\Controllers\DoctorController))
 8 SYSTEMPATH\CodeIgniter.php(354): CodeIgniter\CodeIgniter->handleRequest(null, Object(Config\Cache), false)
 9 SYSTEMPATH\Boot.php(363): CodeIgniter\CodeIgniter->run()
10 SYSTEMPATH\Boot.php(68): CodeIgniter\Boot::runCodeIgniter(Object(CodeIgniter\CodeIgniter))
11 FCPATH\index.php(59): CodeIgniter\Boot::bootWeb(Object(Config\Paths))
12 SYSTEMPATH\rewrite.php(44): require_once('C:\\xampp\\htdocs\\HOSPITALMANAGEMENT_GROUP3\\index.php')
CRITICAL - 2025-10-26 16:01:11 --> [Caused by] CodeIgniter\Database\Exceptions\DatabaseException: Cannot add or update a child row: a foreign key constraint fails (`hmsdb`.`prescriptions`, CONSTRAINT `prescriptions_doctor_id_foreign` FOREIGN KEY (`doctor_id`) REFERENCES `staff` (`id`) ON DELETE CASCADE ON UPDATE CASCADE)
in SYSTEMPATH\Database\MySQLi\Connection.php on line 332.
 1 SYSTEMPATH\Database\BaseConnection.php(729): CodeIgniter\Database\MySQLi\Connection->execute('INSERT INTO `prescriptions` (`patient_id`, `doctor_id`, `appointment_id`, `prescription_date`, `diagnosis`, `notes`, `status`) VALUES (\'2\', \'9\', \'10\', \'2025-10-26 16:01:11\', \'12312\', \'12312\', \'pending\')')
 2 SYSTEMPATH\Database\BaseConnection.php(646): CodeIgniter\Database\BaseConnection->simpleQuery('INSERT INTO `prescriptions` (`patient_id`, `doctor_id`, `appointment_id`, `prescription_date`, `diagnosis`, `notes`, `status`) VALUES (\'2\', \'9\', \'10\', \'2025-10-26 16:01:11\', \'12312\', \'12312\', \'pending\')')
 3 SYSTEMPATH\Database\BaseBuilder.php(2345): CodeIgniter\Database\BaseConnection->query('INSERT INTO `prescriptions` (`patient_id`, `doctor_id`, `appointment_id`, `prescription_date`, `diagnosis`, `notes`, `status`) VALUES (:patient_id:, :doctor_id:, :appointment_id:, :prescription_date:, :diagnosis:, :notes:, :status:)', [...], false)
 4 SYSTEMPATH\Model.php(394): CodeIgniter\Database\BaseBuilder->insert()
 5 SYSTEMPATH\BaseModel.php(838): CodeIgniter\Model->doInsert([...])
 6 SYSTEMPATH\Model.php(797): CodeIgniter\BaseModel->insert([...], true)
 7 APPPATH\Controllers\DoctorController.php(345): CodeIgniter\Model->insert([...])
 8 SYSTEMPATH\CodeIgniter.php(933): App\Controllers\DoctorController->storePrescription()
 9 SYSTEMPATH\CodeIgniter.php(507): CodeIgniter\CodeIgniter->runController(Object(App\Controllers\DoctorController))
10 SYSTEMPATH\CodeIgniter.php(354): CodeIgniter\CodeIgniter->handleRequest(null, Object(Config\Cache), false)
11 SYSTEMPATH\Boot.php(363): CodeIgniter\CodeIgniter->run()
12 SYSTEMPATH\Boot.php(68): CodeIgniter\Boot::runCodeIgniter(Object(CodeIgniter\CodeIgniter))
13 FCPATH\index.php(59): CodeIgniter\Boot::bootWeb(Object(Config\Paths))
14 SYSTEMPATH\rewrite.php(44): require_once('C:\\xampp\\htdocs\\HOSPITALMANAGEMENT_GROUP3\\index.php')
CRITICAL - 2025-10-26 16:01:11 --> [Caused by] mysqli_sql_exception: Cannot add or update a child row: a foreign key constraint fails (`hmsdb`.`prescriptions`, CONSTRAINT `prescriptions_doctor_id_foreign` FOREIGN KEY (`doctor_id`) REFERENCES `staff` (`id`) ON DELETE CASCADE ON UPDATE CASCADE)
in SYSTEMPATH\Database\MySQLi\Connection.php on line 327.
 1 SYSTEMPATH\Database\MySQLi\Connection.php(327): mysqli->query('INSERT INTO `prescriptions` (`patient_id`, `doctor_id`, `appointment_id`, `prescription_date`, `diagnosis`, `notes`, `status`) VALUES (\'2\', \'9\', \'10\', \'2025-10-26 16:01:11\', \'12312\', \'12312\', \'pending\')', 0)
 2 SYSTEMPATH\Database\BaseConnection.php(729): CodeIgniter\Database\MySQLi\Connection->execute('INSERT INTO `prescriptions` (`patient_id`, `doctor_id`, `appointment_id`, `prescription_date`, `diagnosis`, `notes`, `status`) VALUES (\'2\', \'9\', \'10\', \'2025-10-26 16:01:11\', \'12312\', \'12312\', \'pending\')')
 3 SYSTEMPATH\Database\BaseConnection.php(646): CodeIgniter\Database\BaseConnection->simpleQuery('INSERT INTO `prescriptions` (`patient_id`, `doctor_id`, `appointment_id`, `prescription_date`, `diagnosis`, `notes`, `status`) VALUES (\'2\', \'9\', \'10\', \'2025-10-26 16:01:11\', \'12312\', \'12312\', \'pending\')')
 4 SYSTEMPATH\Database\BaseBuilder.php(2345): CodeIgniter\Database\BaseConnection->query('INSERT INTO `prescriptions` (`patient_id`, `doctor_id`, `appointment_id`, `prescription_date`, `diagnosis`, `notes`, `status`) VALUES (:patient_id:, :doctor_id:, :appointment_id:, :prescription_date:, :diagnosis:, :notes:, :status:)', [...], false)
 5 SYSTEMPATH\Model.php(394): CodeIgniter\Database\BaseBuilder->insert()
 6 SYSTEMPATH\BaseModel.php(838): CodeIgniter\Model->doInsert([...])
 7 SYSTEMPATH\Model.php(797): CodeIgniter\BaseModel->insert([...], true)
 8 APPPATH\Controllers\DoctorController.php(345): CodeIgniter\Model->insert([...])
 9 SYSTEMPATH\CodeIgniter.php(933): App\Controllers\DoctorController->storePrescription()
10 SYSTEMPATH\CodeIgniter.php(507): CodeIgniter\CodeIgniter->runController(Object(App\Controllers\DoctorController))
11 SYSTEMPATH\CodeIgniter.php(354): CodeIgniter\CodeIgniter->handleRequest(null, Object(Config\Cache), false)
12 SYSTEMPATH\Boot.php(363): CodeIgniter\CodeIgniter->run()
13 SYSTEMPATH\Boot.php(68): CodeIgniter\Boot::runCodeIgniter(Object(CodeIgniter\CodeIgniter))
14 FCPATH\index.php(59): CodeIgniter\Boot::bootWeb(Object(Config\Paths))
15 SYSTEMPATH\rewrite.php(44): require_once('C:\\xampp\\htdocs\\HOSPITALMANAGEMENT_GROUP3\\index.php')
ERROR - 2025-10-26 16:07:56 --> Staff not found for email: doctor123@gmail.com
