ERROR - 2025-09-11 13:57:09 --> mysqli_sql_exception: Table 'appointments' already exists in C:\xampp\htdocs\HOSPITALMANAGEMENT_GROUP3\system\Database\MySQLi\Connection.php:327
Stack trace:
#0 C:\xampp\htdocs\HOSPITALMANAGEMENT_GROUP3\system\Database\MySQLi\Connection.php(327): mysqli->query('CREATE TABLE `a...', 0)
#1 C:\xampp\htdocs\HOSPITALMANAGEMENT_GROUP3\system\Database\BaseConnection.php(729): CodeIgniter\Database\MySQLi\Connection->execute('CREATE TABLE `a...')
#2 C:\xampp\htdocs\HOSPITALMANAGEMENT_GROUP3\system\Database\BaseConnection.php(646): CodeIgniter\Database\BaseConnection->simpleQuery('CREATE TABLE `a...')
#3 C:\xampp\htdocs\HOSPITALMANAGEMENT_GROUP3\system\Database\Forge.php(570): CodeIgniter\Database\BaseConnection->query('CREATE TABLE `a...')
#4 C:\xampp\htdocs\HOSPITALMANAGEMENT_GROUP3\app\Database\Migrations\2025-09-11-135520_CreateAppointmentsTable.php(47): CodeIgniter\Database\Forge->createTable('appointments')
#5 C:\xampp\htdocs\HOSPITALMANAGEMENT_GROUP3\system\Database\MigrationRunner.php(876): App\Database\Migrations\CreateAppointmentsTable->up()
#6 C:\xampp\htdocs\HOSPITALMANAGEMENT_GROUP3\system\Database\MigrationRunner.php(182): CodeIgniter\Database\MigrationRunner->migrate('up', Object(stdClass))
#7 C:\xampp\htdocs\HOSPITALMANAGEMENT_GROUP3\system\Commands\Database\Migrate.php(85): CodeIgniter\Database\MigrationRunner->latest(NULL)
#8 C:\xampp\htdocs\HOSPITALMANAGEMENT_GROUP3\system\CLI\Commands.php(74): CodeIgniter\Commands\Database\Migrate->run(Array)
#9 C:\xampp\htdocs\HOSPITALMANAGEMENT_GROUP3\system\CLI\Console.php(47): CodeIgniter\CLI\Commands->run('migrate', Array)
#10 C:\xampp\htdocs\HOSPITALMANAGEMENT_GROUP3\system\Boot.php(388): CodeIgniter\CLI\Console->run()
#11 C:\xampp\htdocs\HOSPITALMANAGEMENT_GROUP3\system\Boot.php(133): CodeIgniter\Boot::runCommand(Object(CodeIgniter\CLI\Console))
#12 C:\xampp\htdocs\HOSPITALMANAGEMENT_GROUP3\spark(87): CodeIgniter\Boot::bootSpark(Object(Config\Paths))
#13 {main}
ERROR - 2025-09-11 16:17:02 --> Error connecting to the database: mysqli_sql_exception: Unknown database 'hmsdb' in C:\xampp\htdocs\HOSPITALMANAGEMENT_GROUP3\system\Database\MySQLi\Connection.php:201
Stack trace:
#0 C:\xampp\htdocs\HOSPITALMANAGEMENT_GROUP3\system\Database\MySQLi\Connection.php(201): mysqli->real_connect('localhost', 'root', Object(SensitiveParameterValue), 'hmsdb', 3306, '', 0)
#1 C:\xampp\htdocs\HOSPITALMANAGEMENT_GROUP3\system\Database\BaseConnection.php(419): CodeIgniter\Database\MySQLi\Connection->connect(false)
#2 C:\xampp\htdocs\HOSPITALMANAGEMENT_GROUP3\system\Database\BaseConnection.php(614): CodeIgniter\Database\BaseConnection->initialize()
#3 C:\xampp\htdocs\HOSPITALMANAGEMENT_GROUP3\system\Database\BaseBuilder.php(1649): CodeIgniter\Database\BaseConnection->query('SELECT 1\nFROM `...', Array, false)
#4 C:\xampp\htdocs\HOSPITALMANAGEMENT_GROUP3\system\Validation\Rules.php(175): CodeIgniter\Database\BaseBuilder->get()
#5 C:\xampp\htdocs\HOSPITALMANAGEMENT_GROUP3\system\Validation\StrictRules\Rules.php(187): CodeIgniter\Validation\Rules->is_unique('kevin@gmail.com', 'users.email', Array)
#6 C:\xampp\htdocs\HOSPITALMANAGEMENT_GROUP3\system\Validation\Validation.php(336): CodeIgniter\Validation\StrictRules\Rules->is_unique('kevin@gmail.com', 'users.email', Array, NULL, 'email')
#7 C:\xampp\htdocs\HOSPITALMANAGEMENT_GROUP3\system\Validation\Validation.php(201): CodeIgniter\Validation\Validation->processRules('email', 'email', 'kevin@gmail.com', Array, Array, 'email')
#8 C:\xampp\htdocs\HOSPITALMANAGEMENT_GROUP3\app\Controllers\LoginController.php(32): CodeIgniter\Validation\Validation->run()
#9 C:\xampp\htdocs\HOSPITALMANAGEMENT_GROUP3\system\CodeIgniter.php(933): App\Controllers\LoginController->store()
#10 C:\xampp\htdocs\HOSPITALMANAGEMENT_GROUP3\system\CodeIgniter.php(507): CodeIgniter\CodeIgniter->runController(Object(App\Controllers\LoginController))
#11 C:\xampp\htdocs\HOSPITALMANAGEMENT_GROUP3\system\CodeIgniter.php(354): CodeIgniter\CodeIgniter->handleRequest(NULL, Object(Config\Cache), false)
#12 C:\xampp\htdocs\HOSPITALMANAGEMENT_GROUP3\system\Boot.php(363): CodeIgniter\CodeIgniter->run()
#13 C:\xampp\htdocs\HOSPITALMANAGEMENT_GROUP3\system\Boot.php(68): CodeIgniter\Boot::runCodeIgniter(Object(CodeIgniter\CodeIgniter))
#14 C:\xampp\htdocs\HOSPITALMANAGEMENT_GROUP3\public\index.php(59): CodeIgniter\Boot::bootWeb(Object(Config\Paths))
#15 C:\xampp\htdocs\HOSPITALMANAGEMENT_GROUP3\system\rewrite.php(44): require_once('C:\\xampp\\htdocs...')
#16 {main}

Next CodeIgniter\Database\Exceptions\DatabaseException: Unknown database 'hmsdb' in C:\xampp\htdocs\HOSPITALMANAGEMENT_GROUP3\system\Database\MySQLi\Connection.php:246
Stack trace:
#0 C:\xampp\htdocs\HOSPITALMANAGEMENT_GROUP3\system\Database\BaseConnection.php(419): CodeIgniter\Database\MySQLi\Connection->connect(false)
#1 C:\xampp\htdocs\HOSPITALMANAGEMENT_GROUP3\system\Database\BaseConnection.php(614): CodeIgniter\Database\BaseConnection->initialize()
#2 C:\xampp\htdocs\HOSPITALMANAGEMENT_GROUP3\system\Database\BaseBuilder.php(1649): CodeIgniter\Database\BaseConnection->query('SELECT 1\nFROM `...', Array, false)
#3 C:\xampp\htdocs\HOSPITALMANAGEMENT_GROUP3\system\Validation\Rules.php(175): CodeIgniter\Database\BaseBuilder->get()
#4 C:\xampp\htdocs\HOSPITALMANAGEMENT_GROUP3\system\Validation\StrictRules\Rules.php(187): CodeIgniter\Validation\Rules->is_unique('kevin@gmail.com', 'users.email', Array)
#5 C:\xampp\htdocs\HOSPITALMANAGEMENT_GROUP3\system\Validation\Validation.php(336): CodeIgniter\Validation\StrictRules\Rules->is_unique('kevin@gmail.com', 'users.email', Array, NULL, 'email')
#6 C:\xampp\htdocs\HOSPITALMANAGEMENT_GROUP3\system\Validation\Validation.php(201): CodeIgniter\Validation\Validation->processRules('email', 'email', 'kevin@gmail.com', Array, Array, 'email')
#7 C:\xampp\htdocs\HOSPITALMANAGEMENT_GROUP3\app\Controllers\LoginController.php(32): CodeIgniter\Validation\Validation->run()
#8 C:\xampp\htdocs\HOSPITALMANAGEMENT_GROUP3\system\CodeIgniter.php(933): App\Controllers\LoginController->store()
#9 C:\xampp\htdocs\HOSPITALMANAGEMENT_GROUP3\system\CodeIgniter.php(507): CodeIgniter\CodeIgniter->runController(Object(App\Controllers\LoginController))
#10 C:\xampp\htdocs\HOSPITALMANAGEMENT_GROUP3\system\CodeIgniter.php(354): CodeIgniter\CodeIgniter->handleRequest(NULL, Object(Config\Cache), false)
#11 C:\xampp\htdocs\HOSPITALMANAGEMENT_GROUP3\system\Boot.php(363): CodeIgniter\CodeIgniter->run()
#12 C:\xampp\htdocs\HOSPITALMANAGEMENT_GROUP3\system\Boot.php(68): CodeIgniter\Boot::runCodeIgniter(Object(CodeIgniter\CodeIgniter))
#13 C:\xampp\htdocs\HOSPITALMANAGEMENT_GROUP3\public\index.php(59): CodeIgniter\Boot::bootWeb(Object(Config\Paths))
#14 C:\xampp\htdocs\HOSPITALMANAGEMENT_GROUP3\system\rewrite.php(44): require_once('C:\\xampp\\htdocs...')
#15 {main}
CRITICAL - 2025-09-11 16:17:02 --> CodeIgniter\Database\Exceptions\DatabaseException: Unable to connect to the database.
Main connection [MySQLi]: Unknown database 'hmsdb'
[Method: POST, Route: register]
in SYSTEMPATH\Database\BaseConnection.php on line 465.
 1 SYSTEMPATH\Database\BaseConnection.php(614): CodeIgniter\Database\BaseConnection->initialize()
 2 SYSTEMPATH\Database\BaseBuilder.php(1649): CodeIgniter\Database\BaseConnection->query('SELECT 1
FROM `users`
WHERE `email` = :email:
 LIMIT 1', [...], false)
 3 SYSTEMPATH\Validation\Rules.php(175): CodeIgniter\Database\BaseBuilder->get()
 4 SYSTEMPATH\Validation\StrictRules\Rules.php(187): CodeIgniter\Validation\Rules->is_unique('kevin@gmail.com', 'users.email', [...])
 5 SYSTEMPATH\Validation\Validation.php(336): CodeIgniter\Validation\StrictRules\Rules->is_unique('kevin@gmail.com', 'users.email', [...], null, 'email')
 6 SYSTEMPATH\Validation\Validation.php(201): CodeIgniter\Validation\Validation->processRules('email', 'email', 'kevin@gmail.com', [...], [...], 'email')
 7 APPPATH\Controllers\LoginController.php(32): CodeIgniter\Validation\Validation->run()
 8 SYSTEMPATH\CodeIgniter.php(933): App\Controllers\LoginController->store()
 9 SYSTEMPATH\CodeIgniter.php(507): CodeIgniter\CodeIgniter->runController(Object(App\Controllers\LoginController))
10 SYSTEMPATH\CodeIgniter.php(354): CodeIgniter\CodeIgniter->handleRequest(null, Object(Config\Cache), false)
11 SYSTEMPATH\Boot.php(363): CodeIgniter\CodeIgniter->run()
12 SYSTEMPATH\Boot.php(68): CodeIgniter\Boot::runCodeIgniter(Object(CodeIgniter\CodeIgniter))
13 FCPATH\index.php(59): CodeIgniter\Boot::bootWeb(Object(Config\Paths))
14 SYSTEMPATH\rewrite.php(44): require_once('C:\\xampp\\htdocs\\HOSPITALMANAGEMENT_GROUP3\\public\\index.php')
ERROR - 2025-09-11 16:17:14 --> Error connecting to the database: mysqli_sql_exception: Unknown database 'hmsdb' in C:\xampp\htdocs\HOSPITALMANAGEMENT_GROUP3\system\Database\MySQLi\Connection.php:201
Stack trace:
#0 C:\xampp\htdocs\HOSPITALMANAGEMENT_GROUP3\system\Database\MySQLi\Connection.php(201): mysqli->real_connect('localhost', 'root', Object(SensitiveParameterValue), 'hmsdb', 3306, '', 0)
#1 C:\xampp\htdocs\HOSPITALMANAGEMENT_GROUP3\system\Database\BaseConnection.php(419): CodeIgniter\Database\MySQLi\Connection->connect(false)
#2 C:\xampp\htdocs\HOSPITALMANAGEMENT_GROUP3\system\Database\BaseConnection.php(614): CodeIgniter\Database\BaseConnection->initialize()
#3 C:\xampp\htdocs\HOSPITALMANAGEMENT_GROUP3\system\Database\BaseBuilder.php(1649): CodeIgniter\Database\BaseConnection->query('SELECT *\nFROM `...', Array, false)
#4 C:\xampp\htdocs\HOSPITALMANAGEMENT_GROUP3\system\Model.php(330): CodeIgniter\Database\BaseBuilder->get()
#5 C:\xampp\htdocs\HOSPITALMANAGEMENT_GROUP3\system\BaseModel.php(715): CodeIgniter\Model->doFirst()
#6 C:\xampp\htdocs\HOSPITALMANAGEMENT_GROUP3\app\Controllers\LoginController.php(59): CodeIgniter\BaseModel->first()
#7 C:\xampp\htdocs\HOSPITALMANAGEMENT_GROUP3\system\CodeIgniter.php(933): App\Controllers\LoginController->authenticate()
#8 C:\xampp\htdocs\HOSPITALMANAGEMENT_GROUP3\system\CodeIgniter.php(507): CodeIgniter\CodeIgniter->runController(Object(App\Controllers\LoginController))
#9 C:\xampp\htdocs\HOSPITALMANAGEMENT_GROUP3\system\CodeIgniter.php(354): CodeIgniter\CodeIgniter->handleRequest(NULL, Object(Config\Cache), false)
#10 C:\xampp\htdocs\HOSPITALMANAGEMENT_GROUP3\system\Boot.php(363): CodeIgniter\CodeIgniter->run()
#11 C:\xampp\htdocs\HOSPITALMANAGEMENT_GROUP3\system\Boot.php(68): CodeIgniter\Boot::runCodeIgniter(Object(CodeIgniter\CodeIgniter))
#12 C:\xampp\htdocs\HOSPITALMANAGEMENT_GROUP3\public\index.php(59): CodeIgniter\Boot::bootWeb(Object(Config\Paths))
#13 C:\xampp\htdocs\HOSPITALMANAGEMENT_GROUP3\system\rewrite.php(44): require_once('C:\\xampp\\htdocs...')
#14 {main}

Next CodeIgniter\Database\Exceptions\DatabaseException: Unknown database 'hmsdb' in C:\xampp\htdocs\HOSPITALMANAGEMENT_GROUP3\system\Database\MySQLi\Connection.php:246
Stack trace:
#0 C:\xampp\htdocs\HOSPITALMANAGEMENT_GROUP3\system\Database\BaseConnection.php(419): CodeIgniter\Database\MySQLi\Connection->connect(false)
#1 C:\xampp\htdocs\HOSPITALMANAGEMENT_GROUP3\system\Database\BaseConnection.php(614): CodeIgniter\Database\BaseConnection->initialize()
#2 C:\xampp\htdocs\HOSPITALMANAGEMENT_GROUP3\system\Database\BaseBuilder.php(1649): CodeIgniter\Database\BaseConnection->query('SELECT *\nFROM `...', Array, false)
#3 C:\xampp\htdocs\HOSPITALMANAGEMENT_GROUP3\system\Model.php(330): CodeIgniter\Database\BaseBuilder->get()
#4 C:\xampp\htdocs\HOSPITALMANAGEMENT_GROUP3\system\BaseModel.php(715): CodeIgniter\Model->doFirst()
#5 C:\xampp\htdocs\HOSPITALMANAGEMENT_GROUP3\app\Controllers\LoginController.php(59): CodeIgniter\BaseModel->first()
#6 C:\xampp\htdocs\HOSPITALMANAGEMENT_GROUP3\system\CodeIgniter.php(933): App\Controllers\LoginController->authenticate()
#7 C:\xampp\htdocs\HOSPITALMANAGEMENT_GROUP3\system\CodeIgniter.php(507): CodeIgniter\CodeIgniter->runController(Object(App\Controllers\LoginController))
#8 C:\xampp\htdocs\HOSPITALMANAGEMENT_GROUP3\system\CodeIgniter.php(354): CodeIgniter\CodeIgniter->handleRequest(NULL, Object(Config\Cache), false)
#9 C:\xampp\htdocs\HOSPITALMANAGEMENT_GROUP3\system\Boot.php(363): CodeIgniter\CodeIgniter->run()
#10 C:\xampp\htdocs\HOSPITALMANAGEMENT_GROUP3\system\Boot.php(68): CodeIgniter\Boot::runCodeIgniter(Object(CodeIgniter\CodeIgniter))
#11 C:\xampp\htdocs\HOSPITALMANAGEMENT_GROUP3\public\index.php(59): CodeIgniter\Boot::bootWeb(Object(Config\Paths))
#12 C:\xampp\htdocs\HOSPITALMANAGEMENT_GROUP3\system\rewrite.php(44): require_once('C:\\xampp\\htdocs...')
#13 {main}
CRITICAL - 2025-09-11 16:17:14 --> CodeIgniter\Database\Exceptions\DatabaseException: Unable to connect to the database.
Main connection [MySQLi]: Unknown database 'hmsdb'
[Method: POST, Route: login]
in SYSTEMPATH\Database\BaseConnection.php on line 465.
 1 SYSTEMPATH\Database\BaseConnection.php(614): CodeIgniter\Database\BaseConnection->initialize()
 2 SYSTEMPATH\Database\BaseBuilder.php(1649): CodeIgniter\Database\BaseConnection->query('SELECT *
FROM `users`
WHERE `email` = :email:
 LIMIT 1', [...], false)
 3 SYSTEMPATH\Model.php(330): CodeIgniter\Database\BaseBuilder->get()
 4 SYSTEMPATH\BaseModel.php(715): CodeIgniter\Model->doFirst()
 5 APPPATH\Controllers\LoginController.php(59): CodeIgniter\BaseModel->first()
 6 SYSTEMPATH\CodeIgniter.php(933): App\Controllers\LoginController->authenticate()
 7 SYSTEMPATH\CodeIgniter.php(507): CodeIgniter\CodeIgniter->runController(Object(App\Controllers\LoginController))
 8 SYSTEMPATH\CodeIgniter.php(354): CodeIgniter\CodeIgniter->handleRequest(null, Object(Config\Cache), false)
 9 SYSTEMPATH\Boot.php(363): CodeIgniter\CodeIgniter->run()
10 SYSTEMPATH\Boot.php(68): CodeIgniter\Boot::runCodeIgniter(Object(CodeIgniter\CodeIgniter))
11 FCPATH\index.php(59): CodeIgniter\Boot::bootWeb(Object(Config\Paths))
12 SYSTEMPATH\rewrite.php(44): require_once('C:\\xampp\\htdocs\\HOSPITALMANAGEMENT_GROUP3\\public\\index.php')
ERROR - 2025-09-11 16:17:22 --> Error connecting to the database: mysqli_sql_exception: Unknown database 'hmsdb' in C:\xampp\htdocs\HOSPITALMANAGEMENT_GROUP3\system\Database\MySQLi\Connection.php:201
Stack trace:
#0 C:\xampp\htdocs\HOSPITALMANAGEMENT_GROUP3\system\Database\MySQLi\Connection.php(201): mysqli->real_connect('localhost', 'root', Object(SensitiveParameterValue), 'hmsdb', 3306, '', 0)
#1 C:\xampp\htdocs\HOSPITALMANAGEMENT_GROUP3\system\Database\BaseConnection.php(419): CodeIgniter\Database\MySQLi\Connection->connect(false)
#2 C:\xampp\htdocs\HOSPITALMANAGEMENT_GROUP3\system\Database\BaseConnection.php(614): CodeIgniter\Database\BaseConnection->initialize()
#3 C:\xampp\htdocs\HOSPITALMANAGEMENT_GROUP3\system\Database\BaseBuilder.php(1649): CodeIgniter\Database\BaseConnection->query('SELECT *\nFROM `...', Array, false)
#4 C:\xampp\htdocs\HOSPITALMANAGEMENT_GROUP3\system\Model.php(330): CodeIgniter\Database\BaseBuilder->get()
#5 C:\xampp\htdocs\HOSPITALMANAGEMENT_GROUP3\system\BaseModel.php(715): CodeIgniter\Model->doFirst()
#6 C:\xampp\htdocs\HOSPITALMANAGEMENT_GROUP3\app\Controllers\LoginController.php(59): CodeIgniter\BaseModel->first()
#7 C:\xampp\htdocs\HOSPITALMANAGEMENT_GROUP3\system\CodeIgniter.php(933): App\Controllers\LoginController->authenticate()
#8 C:\xampp\htdocs\HOSPITALMANAGEMENT_GROUP3\system\CodeIgniter.php(507): CodeIgniter\CodeIgniter->runController(Object(App\Controllers\LoginController))
#9 C:\xampp\htdocs\HOSPITALMANAGEMENT_GROUP3\system\CodeIgniter.php(354): CodeIgniter\CodeIgniter->handleRequest(NULL, Object(Config\Cache), false)
#10 C:\xampp\htdocs\HOSPITALMANAGEMENT_GROUP3\system\Boot.php(363): CodeIgniter\CodeIgniter->run()
#11 C:\xampp\htdocs\HOSPITALMANAGEMENT_GROUP3\system\Boot.php(68): CodeIgniter\Boot::runCodeIgniter(Object(CodeIgniter\CodeIgniter))
#12 C:\xampp\htdocs\HOSPITALMANAGEMENT_GROUP3\public\index.php(59): CodeIgniter\Boot::bootWeb(Object(Config\Paths))
#13 C:\xampp\htdocs\HOSPITALMANAGEMENT_GROUP3\system\rewrite.php(44): require_once('C:\\xampp\\htdocs...')
#14 {main}

Next CodeIgniter\Database\Exceptions\DatabaseException: Unknown database 'hmsdb' in C:\xampp\htdocs\HOSPITALMANAGEMENT_GROUP3\system\Database\MySQLi\Connection.php:246
Stack trace:
#0 C:\xampp\htdocs\HOSPITALMANAGEMENT_GROUP3\system\Database\BaseConnection.php(419): CodeIgniter\Database\MySQLi\Connection->connect(false)
#1 C:\xampp\htdocs\HOSPITALMANAGEMENT_GROUP3\system\Database\BaseConnection.php(614): CodeIgniter\Database\BaseConnection->initialize()
#2 C:\xampp\htdocs\HOSPITALMANAGEMENT_GROUP3\system\Database\BaseBuilder.php(1649): CodeIgniter\Database\BaseConnection->query('SELECT *\nFROM `...', Array, false)
#3 C:\xampp\htdocs\HOSPITALMANAGEMENT_GROUP3\system\Model.php(330): CodeIgniter\Database\BaseBuilder->get()
#4 C:\xampp\htdocs\HOSPITALMANAGEMENT_GROUP3\system\BaseModel.php(715): CodeIgniter\Model->doFirst()
#5 C:\xampp\htdocs\HOSPITALMANAGEMENT_GROUP3\app\Controllers\LoginController.php(59): CodeIgniter\BaseModel->first()
#6 C:\xampp\htdocs\HOSPITALMANAGEMENT_GROUP3\system\CodeIgniter.php(933): App\Controllers\LoginController->authenticate()
#7 C:\xampp\htdocs\HOSPITALMANAGEMENT_GROUP3\system\CodeIgniter.php(507): CodeIgniter\CodeIgniter->runController(Object(App\Controllers\LoginController))
#8 C:\xampp\htdocs\HOSPITALMANAGEMENT_GROUP3\system\CodeIgniter.php(354): CodeIgniter\CodeIgniter->handleRequest(NULL, Object(Config\Cache), false)
#9 C:\xampp\htdocs\HOSPITALMANAGEMENT_GROUP3\system\Boot.php(363): CodeIgniter\CodeIgniter->run()
#10 C:\xampp\htdocs\HOSPITALMANAGEMENT_GROUP3\system\Boot.php(68): CodeIgniter\Boot::runCodeIgniter(Object(CodeIgniter\CodeIgniter))
#11 C:\xampp\htdocs\HOSPITALMANAGEMENT_GROUP3\public\index.php(59): CodeIgniter\Boot::bootWeb(Object(Config\Paths))
#12 C:\xampp\htdocs\HOSPITALMANAGEMENT_GROUP3\system\rewrite.php(44): require_once('C:\\xampp\\htdocs...')
#13 {main}
CRITICAL - 2025-09-11 16:17:22 --> CodeIgniter\Database\Exceptions\DatabaseException: Unable to connect to the database.
Main connection [MySQLi]: Unknown database 'hmsdb'
[Method: POST, Route: login]
in SYSTEMPATH\Database\BaseConnection.php on line 465.
 1 SYSTEMPATH\Database\BaseConnection.php(614): CodeIgniter\Database\BaseConnection->initialize()
 2 SYSTEMPATH\Database\BaseBuilder.php(1649): CodeIgniter\Database\BaseConnection->query('SELECT *
FROM `users`
WHERE `email` = :email:
 LIMIT 1', [...], false)
 3 SYSTEMPATH\Model.php(330): CodeIgniter\Database\BaseBuilder->get()
 4 SYSTEMPATH\BaseModel.php(715): CodeIgniter\Model->doFirst()
 5 APPPATH\Controllers\LoginController.php(59): CodeIgniter\BaseModel->first()
 6 SYSTEMPATH\CodeIgniter.php(933): App\Controllers\LoginController->authenticate()
 7 SYSTEMPATH\CodeIgniter.php(507): CodeIgniter\CodeIgniter->runController(Object(App\Controllers\LoginController))
 8 SYSTEMPATH\CodeIgniter.php(354): CodeIgniter\CodeIgniter->handleRequest(null, Object(Config\Cache), false)
 9 SYSTEMPATH\Boot.php(363): CodeIgniter\CodeIgniter->run()
10 SYSTEMPATH\Boot.php(68): CodeIgniter\Boot::runCodeIgniter(Object(CodeIgniter\CodeIgniter))
11 FCPATH\index.php(59): CodeIgniter\Boot::bootWeb(Object(Config\Paths))
12 SYSTEMPATH\rewrite.php(44): require_once('C:\\xampp\\htdocs\\HOSPITALMANAGEMENT_GROUP3\\public\\index.php')
ERROR - 2025-09-11 16:17:31 --> Error connecting to the database: mysqli_sql_exception: Unknown database 'hmsdb' in C:\xampp\htdocs\HOSPITALMANAGEMENT_GROUP3\system\Database\MySQLi\Connection.php:201
Stack trace:
#0 C:\xampp\htdocs\HOSPITALMANAGEMENT_GROUP3\system\Database\MySQLi\Connection.php(201): mysqli->real_connect('localhost', 'root', Object(SensitiveParameterValue), 'hmsdb', 3306, '', 0)
#1 C:\xampp\htdocs\HOSPITALMANAGEMENT_GROUP3\system\Database\BaseConnection.php(419): CodeIgniter\Database\MySQLi\Connection->connect(false)
#2 C:\xampp\htdocs\HOSPITALMANAGEMENT_GROUP3\system\Database\BaseConnection.php(614): CodeIgniter\Database\BaseConnection->initialize()
#3 C:\xampp\htdocs\HOSPITALMANAGEMENT_GROUP3\system\Database\BaseBuilder.php(1649): CodeIgniter\Database\BaseConnection->query('SELECT *\nFROM `...', Array, false)
#4 C:\xampp\htdocs\HOSPITALMANAGEMENT_GROUP3\system\Model.php(330): CodeIgniter\Database\BaseBuilder->get()
#5 C:\xampp\htdocs\HOSPITALMANAGEMENT_GROUP3\system\BaseModel.php(715): CodeIgniter\Model->doFirst()
#6 C:\xampp\htdocs\HOSPITALMANAGEMENT_GROUP3\app\Controllers\LoginController.php(59): CodeIgniter\BaseModel->first()
#7 C:\xampp\htdocs\HOSPITALMANAGEMENT_GROUP3\system\CodeIgniter.php(933): App\Controllers\LoginController->authenticate()
#8 C:\xampp\htdocs\HOSPITALMANAGEMENT_GROUP3\system\CodeIgniter.php(507): CodeIgniter\CodeIgniter->runController(Object(App\Controllers\LoginController))
#9 C:\xampp\htdocs\HOSPITALMANAGEMENT_GROUP3\system\CodeIgniter.php(354): CodeIgniter\CodeIgniter->handleRequest(NULL, Object(Config\Cache), false)
#10 C:\xampp\htdocs\HOSPITALMANAGEMENT_GROUP3\system\Boot.php(363): CodeIgniter\CodeIgniter->run()
#11 C:\xampp\htdocs\HOSPITALMANAGEMENT_GROUP3\system\Boot.php(68): CodeIgniter\Boot::runCodeIgniter(Object(CodeIgniter\CodeIgniter))
#12 C:\xampp\htdocs\HOSPITALMANAGEMENT_GROUP3\public\index.php(59): CodeIgniter\Boot::bootWeb(Object(Config\Paths))
#13 C:\xampp\htdocs\HOSPITALMANAGEMENT_GROUP3\system\rewrite.php(44): require_once('C:\\xampp\\htdocs...')
#14 {main}

Next CodeIgniter\Database\Exceptions\DatabaseException: Unknown database 'hmsdb' in C:\xampp\htdocs\HOSPITALMANAGEMENT_GROUP3\system\Database\MySQLi\Connection.php:246
Stack trace:
#0 C:\xampp\htdocs\HOSPITALMANAGEMENT_GROUP3\system\Database\BaseConnection.php(419): CodeIgniter\Database\MySQLi\Connection->connect(false)
#1 C:\xampp\htdocs\HOSPITALMANAGEMENT_GROUP3\system\Database\BaseConnection.php(614): CodeIgniter\Database\BaseConnection->initialize()
#2 C:\xampp\htdocs\HOSPITALMANAGEMENT_GROUP3\system\Database\BaseBuilder.php(1649): CodeIgniter\Database\BaseConnection->query('SELECT *\nFROM `...', Array, false)
#3 C:\xampp\htdocs\HOSPITALMANAGEMENT_GROUP3\system\Model.php(330): CodeIgniter\Database\BaseBuilder->get()
#4 C:\xampp\htdocs\HOSPITALMANAGEMENT_GROUP3\system\BaseModel.php(715): CodeIgniter\Model->doFirst()
#5 C:\xampp\htdocs\HOSPITALMANAGEMENT_GROUP3\app\Controllers\LoginController.php(59): CodeIgniter\BaseModel->first()
#6 C:\xampp\htdocs\HOSPITALMANAGEMENT_GROUP3\system\CodeIgniter.php(933): App\Controllers\LoginController->authenticate()
#7 C:\xampp\htdocs\HOSPITALMANAGEMENT_GROUP3\system\CodeIgniter.php(507): CodeIgniter\CodeIgniter->runController(Object(App\Controllers\LoginController))
#8 C:\xampp\htdocs\HOSPITALMANAGEMENT_GROUP3\system\CodeIgniter.php(354): CodeIgniter\CodeIgniter->handleRequest(NULL, Object(Config\Cache), false)
#9 C:\xampp\htdocs\HOSPITALMANAGEMENT_GROUP3\system\Boot.php(363): CodeIgniter\CodeIgniter->run()
#10 C:\xampp\htdocs\HOSPITALMANAGEMENT_GROUP3\system\Boot.php(68): CodeIgniter\Boot::runCodeIgniter(Object(CodeIgniter\CodeIgniter))
#11 C:\xampp\htdocs\HOSPITALMANAGEMENT_GROUP3\public\index.php(59): CodeIgniter\Boot::bootWeb(Object(Config\Paths))
#12 C:\xampp\htdocs\HOSPITALMANAGEMENT_GROUP3\system\rewrite.php(44): require_once('C:\\xampp\\htdocs...')
#13 {main}
CRITICAL - 2025-09-11 16:17:31 --> CodeIgniter\Database\Exceptions\DatabaseException: Unable to connect to the database.
Main connection [MySQLi]: Unknown database 'hmsdb'
[Method: POST, Route: login]
in SYSTEMPATH\Database\BaseConnection.php on line 465.
 1 SYSTEMPATH\Database\BaseConnection.php(614): CodeIgniter\Database\BaseConnection->initialize()
 2 SYSTEMPATH\Database\BaseBuilder.php(1649): CodeIgniter\Database\BaseConnection->query('SELECT *
FROM `users`
WHERE `email` = :email:
 LIMIT 1', [...], false)
 3 SYSTEMPATH\Model.php(330): CodeIgniter\Database\BaseBuilder->get()
 4 SYSTEMPATH\BaseModel.php(715): CodeIgniter\Model->doFirst()
 5 APPPATH\Controllers\LoginController.php(59): CodeIgniter\BaseModel->first()
 6 SYSTEMPATH\CodeIgniter.php(933): App\Controllers\LoginController->authenticate()
 7 SYSTEMPATH\CodeIgniter.php(507): CodeIgniter\CodeIgniter->runController(Object(App\Controllers\LoginController))
 8 SYSTEMPATH\CodeIgniter.php(354): CodeIgniter\CodeIgniter->handleRequest(null, Object(Config\Cache), false)
 9 SYSTEMPATH\Boot.php(363): CodeIgniter\CodeIgniter->run()
10 SYSTEMPATH\Boot.php(68): CodeIgniter\Boot::runCodeIgniter(Object(CodeIgniter\CodeIgniter))
11 FCPATH\index.php(59): CodeIgniter\Boot::bootWeb(Object(Config\Paths))
12 SYSTEMPATH\rewrite.php(44): require_once('C:\\xampp\\htdocs\\HOSPITALMANAGEMENT_GROUP3\\public\\index.php')
ERROR - 2025-09-11 16:18:46 --> mysqli_sql_exception: Table 'appointments' already exists in C:\xampp\htdocs\HOSPITALMANAGEMENT_GROUP3\system\Database\MySQLi\Connection.php:327
Stack trace:
#0 C:\xampp\htdocs\HOSPITALMANAGEMENT_GROUP3\system\Database\MySQLi\Connection.php(327): mysqli->query('CREATE TABLE `a...', 0)
#1 C:\xampp\htdocs\HOSPITALMANAGEMENT_GROUP3\system\Database\BaseConnection.php(729): CodeIgniter\Database\MySQLi\Connection->execute('CREATE TABLE `a...')
#2 C:\xampp\htdocs\HOSPITALMANAGEMENT_GROUP3\system\Database\BaseConnection.php(646): CodeIgniter\Database\BaseConnection->simpleQuery('CREATE TABLE `a...')
#3 C:\xampp\htdocs\HOSPITALMANAGEMENT_GROUP3\system\Database\Forge.php(570): CodeIgniter\Database\BaseConnection->query('CREATE TABLE `a...')
#4 C:\xampp\htdocs\HOSPITALMANAGEMENT_GROUP3\app\Database\Migrations\2025-09-11-135520_CreateAppointmentsTable.php(47): CodeIgniter\Database\Forge->createTable('appointments')
#5 C:\xampp\htdocs\HOSPITALMANAGEMENT_GROUP3\system\Database\MigrationRunner.php(876): App\Database\Migrations\CreateAppointmentsTable->up()
#6 C:\xampp\htdocs\HOSPITALMANAGEMENT_GROUP3\system\Database\MigrationRunner.php(182): CodeIgniter\Database\MigrationRunner->migrate('up', Object(stdClass))
#7 C:\xampp\htdocs\HOSPITALMANAGEMENT_GROUP3\system\Commands\Database\Migrate.php(85): CodeIgniter\Database\MigrationRunner->latest(NULL)
#8 C:\xampp\htdocs\HOSPITALMANAGEMENT_GROUP3\system\CLI\Commands.php(74): CodeIgniter\Commands\Database\Migrate->run(Array)
#9 C:\xampp\htdocs\HOSPITALMANAGEMENT_GROUP3\system\CLI\Console.php(47): CodeIgniter\CLI\Commands->run('migrate', Array)
#10 C:\xampp\htdocs\HOSPITALMANAGEMENT_GROUP3\system\Boot.php(388): CodeIgniter\CLI\Console->run()
#11 C:\xampp\htdocs\HOSPITALMANAGEMENT_GROUP3\system\Boot.php(133): CodeIgniter\Boot::runCommand(Object(CodeIgniter\CLI\Console))
#12 C:\xampp\htdocs\HOSPITALMANAGEMENT_GROUP3\spark(87): CodeIgniter\Boot::bootSpark(Object(Config\Paths))
#13 {main}
ERROR - 2025-09-11 16:22:00 --> mysqli_sql_exception: Table 'hmsdb.users' doesn't exist in C:\xampp\htdocs\HOSPITALMANAGEMENT_GROUP3\system\Database\MySQLi\Connection.php:327
Stack trace:
#0 C:\xampp\htdocs\HOSPITALMANAGEMENT_GROUP3\system\Database\MySQLi\Connection.php(327): mysqli->query('TRUNCATE `users...', 0)
#1 C:\xampp\htdocs\HOSPITALMANAGEMENT_GROUP3\system\Database\BaseConnection.php(729): CodeIgniter\Database\MySQLi\Connection->execute('TRUNCATE `users...')
#2 C:\xampp\htdocs\HOSPITALMANAGEMENT_GROUP3\system\Database\BaseConnection.php(646): CodeIgniter\Database\BaseConnection->simpleQuery('TRUNCATE `users...')
#3 C:\xampp\htdocs\HOSPITALMANAGEMENT_GROUP3\system\Database\BaseBuilder.php(2773): CodeIgniter\Database\BaseConnection->query('TRUNCATE `users...', NULL, false)
#4 C:\xampp\htdocs\HOSPITALMANAGEMENT_GROUP3\app\Database\Seeds\UserSeeder.php(12): CodeIgniter\Database\BaseBuilder->truncate()
#5 C:\xampp\htdocs\HOSPITALMANAGEMENT_GROUP3\system\Database\Seeder.php(149): App\Database\Seeds\UserSeeder->run()
#6 C:\xampp\htdocs\HOSPITALMANAGEMENT_GROUP3\system\Commands\Database\Seed.php(79): CodeIgniter\Database\Seeder->call('App\\Database\\Se...')
#7 C:\xampp\htdocs\HOSPITALMANAGEMENT_GROUP3\system\CLI\Commands.php(74): CodeIgniter\Commands\Database\Seed->run(Array)
#8 C:\xampp\htdocs\HOSPITALMANAGEMENT_GROUP3\system\CLI\Console.php(47): CodeIgniter\CLI\Commands->run('db:seed', Array)
#9 C:\xampp\htdocs\HOSPITALMANAGEMENT_GROUP3\system\Boot.php(388): CodeIgniter\CLI\Console->run()
#10 C:\xampp\htdocs\HOSPITALMANAGEMENT_GROUP3\system\Boot.php(133): CodeIgniter\Boot::runCommand(Object(CodeIgniter\CLI\Console))
#11 C:\xampp\htdocs\HOSPITALMANAGEMENT_GROUP3\spark(87): CodeIgniter\Boot::bootSpark(Object(Config\Paths))
#12 {main}
ERROR - 2025-09-11 16:22:48 --> mysqli_sql_exception: Table 'appointments' already exists in C:\xampp\htdocs\HOSPITALMANAGEMENT_GROUP3\system\Database\MySQLi\Connection.php:327
Stack trace:
#0 C:\xampp\htdocs\HOSPITALMANAGEMENT_GROUP3\system\Database\MySQLi\Connection.php(327): mysqli->query('CREATE TABLE `a...', 0)
#1 C:\xampp\htdocs\HOSPITALMANAGEMENT_GROUP3\system\Database\BaseConnection.php(729): CodeIgniter\Database\MySQLi\Connection->execute('CREATE TABLE `a...')
#2 C:\xampp\htdocs\HOSPITALMANAGEMENT_GROUP3\system\Database\BaseConnection.php(646): CodeIgniter\Database\BaseConnection->simpleQuery('CREATE TABLE `a...')
#3 C:\xampp\htdocs\HOSPITALMANAGEMENT_GROUP3\system\Database\Forge.php(570): CodeIgniter\Database\BaseConnection->query('CREATE TABLE `a...')
#4 C:\xampp\htdocs\HOSPITALMANAGEMENT_GROUP3\app\Database\Migrations\2025-09-11-135520_CreateAppointmentsTable.php(47): CodeIgniter\Database\Forge->createTable('appointments')
#5 C:\xampp\htdocs\HOSPITALMANAGEMENT_GROUP3\system\Database\MigrationRunner.php(876): App\Database\Migrations\CreateAppointmentsTable->up()
#6 C:\xampp\htdocs\HOSPITALMANAGEMENT_GROUP3\system\Database\MigrationRunner.php(182): CodeIgniter\Database\MigrationRunner->migrate('up', Object(stdClass))
#7 C:\xampp\htdocs\HOSPITALMANAGEMENT_GROUP3\system\Commands\Database\Migrate.php(85): CodeIgniter\Database\MigrationRunner->latest(NULL)
#8 C:\xampp\htdocs\HOSPITALMANAGEMENT_GROUP3\system\CLI\Commands.php(74): CodeIgniter\Commands\Database\Migrate->run(Array)
#9 C:\xampp\htdocs\HOSPITALMANAGEMENT_GROUP3\system\CLI\Console.php(47): CodeIgniter\CLI\Commands->run('migrate', Array)
#10 C:\xampp\htdocs\HOSPITALMANAGEMENT_GROUP3\system\Boot.php(388): CodeIgniter\CLI\Console->run()
#11 C:\xampp\htdocs\HOSPITALMANAGEMENT_GROUP3\system\Boot.php(133): CodeIgniter\Boot::runCommand(Object(CodeIgniter\CLI\Console))
#12 C:\xampp\htdocs\HOSPITALMANAGEMENT_GROUP3\spark(87): CodeIgniter\Boot::bootSpark(Object(Config\Paths))
#13 {main}
CRITICAL - 2025-09-11 16:26:00 --> ErrorException: Undefined array key "password"
[Method: POST, Route: login]
in APPPATH\Controllers\LoginController.php on line 66.
 1 APPPATH\Controllers\LoginController.php(66): CodeIgniter\Debug\Exceptions->errorHandler(2, 'Undefined array key "password"', 'C:\\xampp\\htdocs\\HOSPITALMANAGEMENT_GROUP3\\app\\Controllers\\LoginController.php', 66)
 2 SYSTEMPATH\CodeIgniter.php(933): App\Controllers\LoginController->authenticate()
 3 SYSTEMPATH\CodeIgniter.php(507): CodeIgniter\CodeIgniter->runController(Object(App\Controllers\LoginController))
 4 SYSTEMPATH\CodeIgniter.php(354): CodeIgniter\CodeIgniter->handleRequest(null, Object(Config\Cache), false)
 5 SYSTEMPATH\Boot.php(363): CodeIgniter\CodeIgniter->run()
 6 SYSTEMPATH\Boot.php(68): CodeIgniter\Boot::runCodeIgniter(Object(CodeIgniter\CodeIgniter))
 7 FCPATH\index.php(59): CodeIgniter\Boot::bootWeb(Object(Config\Paths))
 8 SYSTEMPATH\rewrite.php(44): require_once('C:\\xampp\\htdocs\\HOSPITALMANAGEMENT_GROUP3\\public\\index.php')
CRITICAL - 2025-09-11 16:26:11 --> ErrorException: Undefined array key "password"
[Method: POST, Route: login]
in APPPATH\Controllers\LoginController.php on line 66.
 1 APPPATH\Controllers\LoginController.php(66): CodeIgniter\Debug\Exceptions->errorHandler(2, 'Undefined array key "password"', 'C:\\xampp\\htdocs\\HOSPITALMANAGEMENT_GROUP3\\app\\Controllers\\LoginController.php', 66)
 2 SYSTEMPATH\CodeIgniter.php(933): App\Controllers\LoginController->authenticate()
 3 SYSTEMPATH\CodeIgniter.php(507): CodeIgniter\CodeIgniter->runController(Object(App\Controllers\LoginController))
 4 SYSTEMPATH\CodeIgniter.php(354): CodeIgniter\CodeIgniter->handleRequest(null, Object(Config\Cache), false)
 5 SYSTEMPATH\Boot.php(363): CodeIgniter\CodeIgniter->run()
 6 SYSTEMPATH\Boot.php(68): CodeIgniter\Boot::runCodeIgniter(Object(CodeIgniter\CodeIgniter))
 7 FCPATH\index.php(59): CodeIgniter\Boot::bootWeb(Object(Config\Paths))
 8 SYSTEMPATH\rewrite.php(44): require_once('C:\\xampp\\htdocs\\HOSPITALMANAGEMENT_GROUP3\\public\\index.php')
ERROR - 2025-09-11 16:47:10 --> mysqli_sql_exception: Table 'hmsdb.appointments' doesn't exist in C:\xampp\htdocs\HOSPITALMANAGEMENT_GROUP3\system\Database\MySQLi\Connection.php:327
Stack trace:
#0 C:\xampp\htdocs\HOSPITALMANAGEMENT_GROUP3\system\Database\MySQLi\Connection.php(327): mysqli->query('SELECT `appoint...', 0)
#1 C:\xampp\htdocs\HOSPITALMANAGEMENT_GROUP3\system\Database\BaseConnection.php(729): CodeIgniter\Database\MySQLi\Connection->execute('SELECT `appoint...')
#2 C:\xampp\htdocs\HOSPITALMANAGEMENT_GROUP3\system\Database\BaseConnection.php(646): CodeIgniter\Database\BaseConnection->simpleQuery('SELECT `appoint...')
#3 C:\xampp\htdocs\HOSPITALMANAGEMENT_GROUP3\system\Database\BaseBuilder.php(1649): CodeIgniter\Database\BaseConnection->query('SELECT `appoint...', Array, false)
#4 C:\xampp\htdocs\HOSPITALMANAGEMENT_GROUP3\app\Models\ReceptionistModel.php(75): CodeIgniter\Database\BaseBuilder->get()
#5 C:\xampp\htdocs\HOSPITALMANAGEMENT_GROUP3\app\Controllers\ReceptionistController.php(88): App\Models\ReceptionistModel->getAppointments()
#6 C:\xampp\htdocs\HOSPITALMANAGEMENT_GROUP3\system\CodeIgniter.php(933): App\Controllers\ReceptionistController->appointments()
#7 C:\xampp\htdocs\HOSPITALMANAGEMENT_GROUP3\system\CodeIgniter.php(507): CodeIgniter\CodeIgniter->runController(Object(App\Controllers\ReceptionistController))
#8 C:\xampp\htdocs\HOSPITALMANAGEMENT_GROUP3\system\CodeIgniter.php(354): CodeIgniter\CodeIgniter->handleRequest(NULL, Object(Config\Cache), false)
#9 C:\xampp\htdocs\HOSPITALMANAGEMENT_GROUP3\system\Boot.php(363): CodeIgniter\CodeIgniter->run()
#10 C:\xampp\htdocs\HOSPITALMANAGEMENT_GROUP3\system\Boot.php(68): CodeIgniter\Boot::runCodeIgniter(Object(CodeIgniter\CodeIgniter))
#11 C:\xampp\htdocs\HOSPITALMANAGEMENT_GROUP3\public\index.php(59): CodeIgniter\Boot::bootWeb(Object(Config\Paths))
#12 C:\xampp\htdocs\HOSPITALMANAGEMENT_GROUP3\system\rewrite.php(44): require_once('C:\\xampp\\htdocs...')
#13 {main}
CRITICAL - 2025-09-11 16:47:10 --> CodeIgniter\Database\Exceptions\DatabaseException: Table 'hmsdb.appointments' doesn't exist
[Method: GET, Route: receptionist/appointments]
in SYSTEMPATH\Database\BaseConnection.php on line 684.
 1 SYSTEMPATH\Database\BaseBuilder.php(1649): CodeIgniter\Database\BaseConnection->query('SELECT `appointments`.*, `patients`.`name` as `patient_name`
FROM `appointments`
LEFT JOIN `patients` ON `patients`.`id` = `appointments`.`patient_id`
ORDER BY `appointments`.`date` DESC', [], false)
 2 APPPATH\Models\ReceptionistModel.php(75): CodeIgniter\Database\BaseBuilder->get()
 3 APPPATH\Controllers\ReceptionistController.php(88): App\Models\ReceptionistModel->getAppointments()
 4 SYSTEMPATH\CodeIgniter.php(933): App\Controllers\ReceptionistController->appointments()
 5 SYSTEMPATH\CodeIgniter.php(507): CodeIgniter\CodeIgniter->runController(Object(App\Controllers\ReceptionistController))
 6 SYSTEMPATH\CodeIgniter.php(354): CodeIgniter\CodeIgniter->handleRequest(null, Object(Config\Cache), false)
 7 SYSTEMPATH\Boot.php(363): CodeIgniter\CodeIgniter->run()
 8 SYSTEMPATH\Boot.php(68): CodeIgniter\Boot::runCodeIgniter(Object(CodeIgniter\CodeIgniter))
 9 FCPATH\index.php(59): CodeIgniter\Boot::bootWeb(Object(Config\Paths))
10 SYSTEMPATH\rewrite.php(44): require_once('C:\\xampp\\htdocs\\HOSPITALMANAGEMENT_GROUP3\\public\\index.php')
CRITICAL - 2025-09-11 16:47:10 --> [Caused by] CodeIgniter\Database\Exceptions\DatabaseException: Table 'hmsdb.appointments' doesn't exist
in SYSTEMPATH\Database\MySQLi\Connection.php on line 332.
 1 SYSTEMPATH\Database\BaseConnection.php(729): CodeIgniter\Database\MySQLi\Connection->execute('SELECT `appointments`.*, `patients`.`name` as `patient_name`
FROM `appointments`
LEFT JOIN `patients` ON `patients`.`id` = `appointments`.`patient_id`
ORDER BY `appointments`.`date` DESC')
 2 SYSTEMPATH\Database\BaseConnection.php(646): CodeIgniter\Database\BaseConnection->simpleQuery('SELECT `appointments`.*, `patients`.`name` as `patient_name`
FROM `appointments`
LEFT JOIN `patients` ON `patients`.`id` = `appointments`.`patient_id`
ORDER BY `appointments`.`date` DESC')
 3 SYSTEMPATH\Database\BaseBuilder.php(1649): CodeIgniter\Database\BaseConnection->query('SELECT `appointments`.*, `patients`.`name` as `patient_name`
FROM `appointments`
LEFT JOIN `patients` ON `patients`.`id` = `appointments`.`patient_id`
ORDER BY `appointments`.`date` DESC', [], false)
 4 APPPATH\Models\ReceptionistModel.php(75): CodeIgniter\Database\BaseBuilder->get()
 5 APPPATH\Controllers\ReceptionistController.php(88): App\Models\ReceptionistModel->getAppointments()
 6 SYSTEMPATH\CodeIgniter.php(933): App\Controllers\ReceptionistController->appointments()
 7 SYSTEMPATH\CodeIgniter.php(507): CodeIgniter\CodeIgniter->runController(Object(App\Controllers\ReceptionistController))
 8 SYSTEMPATH\CodeIgniter.php(354): CodeIgniter\CodeIgniter->handleRequest(null, Object(Config\Cache), false)
 9 SYSTEMPATH\Boot.php(363): CodeIgniter\CodeIgniter->run()
10 SYSTEMPATH\Boot.php(68): CodeIgniter\Boot::runCodeIgniter(Object(CodeIgniter\CodeIgniter))
11 FCPATH\index.php(59): CodeIgniter\Boot::bootWeb(Object(Config\Paths))
12 SYSTEMPATH\rewrite.php(44): require_once('C:\\xampp\\htdocs\\HOSPITALMANAGEMENT_GROUP3\\public\\index.php')
CRITICAL - 2025-09-11 16:47:10 --> [Caused by] mysqli_sql_exception: Table 'hmsdb.appointments' doesn't exist
in SYSTEMPATH\Database\MySQLi\Connection.php on line 327.
 1 SYSTEMPATH\Database\MySQLi\Connection.php(327): mysqli->query('SELECT `appointments`.*, `patients`.`name` as `patient_name`
FROM `appointments`
LEFT JOIN `patients` ON `patients`.`id` = `appointments`.`patient_id`
ORDER BY `appointments`.`date` DESC', 0)
 2 SYSTEMPATH\Database\BaseConnection.php(729): CodeIgniter\Database\MySQLi\Connection->execute('SELECT `appointments`.*, `patients`.`name` as `patient_name`
FROM `appointments`
LEFT JOIN `patients` ON `patients`.`id` = `appointments`.`patient_id`
ORDER BY `appointments`.`date` DESC')
 3 SYSTEMPATH\Database\BaseConnection.php(646): CodeIgniter\Database\BaseConnection->simpleQuery('SELECT `appointments`.*, `patients`.`name` as `patient_name`
FROM `appointments`
LEFT JOIN `patients` ON `patients`.`id` = `appointments`.`patient_id`
ORDER BY `appointments`.`date` DESC')
 4 SYSTEMPATH\Database\BaseBuilder.php(1649): CodeIgniter\Database\BaseConnection->query('SELECT `appointments`.*, `patients`.`name` as `patient_name`
FROM `appointments`
LEFT JOIN `patients` ON `patients`.`id` = `appointments`.`patient_id`
ORDER BY `appointments`.`date` DESC', [], false)
 5 APPPATH\Models\ReceptionistModel.php(75): CodeIgniter\Database\BaseBuilder->get()
 6 APPPATH\Controllers\ReceptionistController.php(88): App\Models\ReceptionistModel->getAppointments()
 7 SYSTEMPATH\CodeIgniter.php(933): App\Controllers\ReceptionistController->appointments()
 8 SYSTEMPATH\CodeIgniter.php(507): CodeIgniter\CodeIgniter->runController(Object(App\Controllers\ReceptionistController))
 9 SYSTEMPATH\CodeIgniter.php(354): CodeIgniter\CodeIgniter->handleRequest(null, Object(Config\Cache), false)
10 SYSTEMPATH\Boot.php(363): CodeIgniter\CodeIgniter->run()
11 SYSTEMPATH\Boot.php(68): CodeIgniter\Boot::runCodeIgniter(Object(CodeIgniter\CodeIgniter))
12 FCPATH\index.php(59): CodeIgniter\Boot::bootWeb(Object(Config\Paths))
13 SYSTEMPATH\rewrite.php(44): require_once('C:\\xampp\\htdocs\\HOSPITALMANAGEMENT_GROUP3\\public\\index.php')
ERROR - 2025-09-11 16:47:13 --> mysqli_sql_exception: Table 'hmsdb.appointments' doesn't exist in C:\xampp\htdocs\HOSPITALMANAGEMENT_GROUP3\system\Database\MySQLi\Connection.php:327
Stack trace:
#0 C:\xampp\htdocs\HOSPITALMANAGEMENT_GROUP3\system\Database\MySQLi\Connection.php(327): mysqli->query('SELECT `appoint...', 0)
#1 C:\xampp\htdocs\HOSPITALMANAGEMENT_GROUP3\system\Database\BaseConnection.php(729): CodeIgniter\Database\MySQLi\Connection->execute('SELECT `appoint...')
#2 C:\xampp\htdocs\HOSPITALMANAGEMENT_GROUP3\system\Database\BaseConnection.php(646): CodeIgniter\Database\BaseConnection->simpleQuery('SELECT `appoint...')
#3 C:\xampp\htdocs\HOSPITALMANAGEMENT_GROUP3\system\Database\BaseBuilder.php(1649): CodeIgniter\Database\BaseConnection->query('SELECT `appoint...', Array, false)
#4 C:\xampp\htdocs\HOSPITALMANAGEMENT_GROUP3\app\Models\ReceptionistModel.php(75): CodeIgniter\Database\BaseBuilder->get()
#5 C:\xampp\htdocs\HOSPITALMANAGEMENT_GROUP3\app\Controllers\ReceptionistController.php(88): App\Models\ReceptionistModel->getAppointments()
#6 C:\xampp\htdocs\HOSPITALMANAGEMENT_GROUP3\system\CodeIgniter.php(933): App\Controllers\ReceptionistController->appointments()
#7 C:\xampp\htdocs\HOSPITALMANAGEMENT_GROUP3\system\CodeIgniter.php(507): CodeIgniter\CodeIgniter->runController(Object(App\Controllers\ReceptionistController))
#8 C:\xampp\htdocs\HOSPITALMANAGEMENT_GROUP3\system\CodeIgniter.php(354): CodeIgniter\CodeIgniter->handleRequest(NULL, Object(Config\Cache), false)
#9 C:\xampp\htdocs\HOSPITALMANAGEMENT_GROUP3\system\Boot.php(363): CodeIgniter\CodeIgniter->run()
#10 C:\xampp\htdocs\HOSPITALMANAGEMENT_GROUP3\system\Boot.php(68): CodeIgniter\Boot::runCodeIgniter(Object(CodeIgniter\CodeIgniter))
#11 C:\xampp\htdocs\HOSPITALMANAGEMENT_GROUP3\public\index.php(59): CodeIgniter\Boot::bootWeb(Object(Config\Paths))
#12 C:\xampp\htdocs\HOSPITALMANAGEMENT_GROUP3\system\rewrite.php(44): require_once('C:\\xampp\\htdocs...')
#13 {main}
CRITICAL - 2025-09-11 16:47:13 --> CodeIgniter\Database\Exceptions\DatabaseException: Table 'hmsdb.appointments' doesn't exist
[Method: GET, Route: receptionist/appointments]
in SYSTEMPATH\Database\BaseConnection.php on line 684.
 1 SYSTEMPATH\Database\BaseBuilder.php(1649): CodeIgniter\Database\BaseConnection->query('SELECT `appointments`.*, `patients`.`name` as `patient_name`
FROM `appointments`
LEFT JOIN `patients` ON `patients`.`id` = `appointments`.`patient_id`
ORDER BY `appointments`.`date` DESC', [], false)
 2 APPPATH\Models\ReceptionistModel.php(75): CodeIgniter\Database\BaseBuilder->get()
 3 APPPATH\Controllers\ReceptionistController.php(88): App\Models\ReceptionistModel->getAppointments()
 4 SYSTEMPATH\CodeIgniter.php(933): App\Controllers\ReceptionistController->appointments()
 5 SYSTEMPATH\CodeIgniter.php(507): CodeIgniter\CodeIgniter->runController(Object(App\Controllers\ReceptionistController))
 6 SYSTEMPATH\CodeIgniter.php(354): CodeIgniter\CodeIgniter->handleRequest(null, Object(Config\Cache), false)
 7 SYSTEMPATH\Boot.php(363): CodeIgniter\CodeIgniter->run()
 8 SYSTEMPATH\Boot.php(68): CodeIgniter\Boot::runCodeIgniter(Object(CodeIgniter\CodeIgniter))
 9 FCPATH\index.php(59): CodeIgniter\Boot::bootWeb(Object(Config\Paths))
10 SYSTEMPATH\rewrite.php(44): require_once('C:\\xampp\\htdocs\\HOSPITALMANAGEMENT_GROUP3\\public\\index.php')
CRITICAL - 2025-09-11 16:47:13 --> [Caused by] CodeIgniter\Database\Exceptions\DatabaseException: Table 'hmsdb.appointments' doesn't exist
in SYSTEMPATH\Database\MySQLi\Connection.php on line 332.
 1 SYSTEMPATH\Database\BaseConnection.php(729): CodeIgniter\Database\MySQLi\Connection->execute('SELECT `appointments`.*, `patients`.`name` as `patient_name`
FROM `appointments`
LEFT JOIN `patients` ON `patients`.`id` = `appointments`.`patient_id`
ORDER BY `appointments`.`date` DESC')
 2 SYSTEMPATH\Database\BaseConnection.php(646): CodeIgniter\Database\BaseConnection->simpleQuery('SELECT `appointments`.*, `patients`.`name` as `patient_name`
FROM `appointments`
LEFT JOIN `patients` ON `patients`.`id` = `appointments`.`patient_id`
ORDER BY `appointments`.`date` DESC')
 3 SYSTEMPATH\Database\BaseBuilder.php(1649): CodeIgniter\Database\BaseConnection->query('SELECT `appointments`.*, `patients`.`name` as `patient_name`
FROM `appointments`
LEFT JOIN `patients` ON `patients`.`id` = `appointments`.`patient_id`
ORDER BY `appointments`.`date` DESC', [], false)
 4 APPPATH\Models\ReceptionistModel.php(75): CodeIgniter\Database\BaseBuilder->get()
 5 APPPATH\Controllers\ReceptionistController.php(88): App\Models\ReceptionistModel->getAppointments()
 6 SYSTEMPATH\CodeIgniter.php(933): App\Controllers\ReceptionistController->appointments()
 7 SYSTEMPATH\CodeIgniter.php(507): CodeIgniter\CodeIgniter->runController(Object(App\Controllers\ReceptionistController))
 8 SYSTEMPATH\CodeIgniter.php(354): CodeIgniter\CodeIgniter->handleRequest(null, Object(Config\Cache), false)
 9 SYSTEMPATH\Boot.php(363): CodeIgniter\CodeIgniter->run()
10 SYSTEMPATH\Boot.php(68): CodeIgniter\Boot::runCodeIgniter(Object(CodeIgniter\CodeIgniter))
11 FCPATH\index.php(59): CodeIgniter\Boot::bootWeb(Object(Config\Paths))
12 SYSTEMPATH\rewrite.php(44): require_once('C:\\xampp\\htdocs\\HOSPITALMANAGEMENT_GROUP3\\public\\index.php')
CRITICAL - 2025-09-11 16:47:13 --> [Caused by] mysqli_sql_exception: Table 'hmsdb.appointments' doesn't exist
in SYSTEMPATH\Database\MySQLi\Connection.php on line 327.
 1 SYSTEMPATH\Database\MySQLi\Connection.php(327): mysqli->query('SELECT `appointments`.*, `patients`.`name` as `patient_name`
FROM `appointments`
LEFT JOIN `patients` ON `patients`.`id` = `appointments`.`patient_id`
ORDER BY `appointments`.`date` DESC', 0)
 2 SYSTEMPATH\Database\BaseConnection.php(729): CodeIgniter\Database\MySQLi\Connection->execute('SELECT `appointments`.*, `patients`.`name` as `patient_name`
FROM `appointments`
LEFT JOIN `patients` ON `patients`.`id` = `appointments`.`patient_id`
ORDER BY `appointments`.`date` DESC')
 3 SYSTEMPATH\Database\BaseConnection.php(646): CodeIgniter\Database\BaseConnection->simpleQuery('SELECT `appointments`.*, `patients`.`name` as `patient_name`
FROM `appointments`
LEFT JOIN `patients` ON `patients`.`id` = `appointments`.`patient_id`
ORDER BY `appointments`.`date` DESC')
 4 SYSTEMPATH\Database\BaseBuilder.php(1649): CodeIgniter\Database\BaseConnection->query('SELECT `appointments`.*, `patients`.`name` as `patient_name`
FROM `appointments`
LEFT JOIN `patients` ON `patients`.`id` = `appointments`.`patient_id`
ORDER BY `appointments`.`date` DESC', [], false)
 5 APPPATH\Models\ReceptionistModel.php(75): CodeIgniter\Database\BaseBuilder->get()
 6 APPPATH\Controllers\ReceptionistController.php(88): App\Models\ReceptionistModel->getAppointments()
 7 SYSTEMPATH\CodeIgniter.php(933): App\Controllers\ReceptionistController->appointments()
 8 SYSTEMPATH\CodeIgniter.php(507): CodeIgniter\CodeIgniter->runController(Object(App\Controllers\ReceptionistController))
 9 SYSTEMPATH\CodeIgniter.php(354): CodeIgniter\CodeIgniter->handleRequest(null, Object(Config\Cache), false)
10 SYSTEMPATH\Boot.php(363): CodeIgniter\CodeIgniter->run()
11 SYSTEMPATH\Boot.php(68): CodeIgniter\Boot::runCodeIgniter(Object(CodeIgniter\CodeIgniter))
12 FCPATH\index.php(59): CodeIgniter\Boot::bootWeb(Object(Config\Paths))
13 SYSTEMPATH\rewrite.php(44): require_once('C:\\xampp\\htdocs\\HOSPITALMANAGEMENT_GROUP3\\public\\index.php')
ERROR - 2025-09-11 16:47:33 --> mysqli_sql_exception: Table 'hmsdb.appointments' doesn't exist in C:\xampp\htdocs\HOSPITALMANAGEMENT_GROUP3\system\Database\MySQLi\Connection.php:327
Stack trace:
#0 C:\xampp\htdocs\HOSPITALMANAGEMENT_GROUP3\system\Database\MySQLi\Connection.php(327): mysqli->query('SELECT `appoint...', 0)
#1 C:\xampp\htdocs\HOSPITALMANAGEMENT_GROUP3\system\Database\BaseConnection.php(729): CodeIgniter\Database\MySQLi\Connection->execute('SELECT `appoint...')
#2 C:\xampp\htdocs\HOSPITALMANAGEMENT_GROUP3\system\Database\BaseConnection.php(646): CodeIgniter\Database\BaseConnection->simpleQuery('SELECT `appoint...')
#3 C:\xampp\htdocs\HOSPITALMANAGEMENT_GROUP3\system\Database\BaseBuilder.php(1649): CodeIgniter\Database\BaseConnection->query('SELECT `appoint...', Array, false)
#4 C:\xampp\htdocs\HOSPITALMANAGEMENT_GROUP3\app\Models\ReceptionistModel.php(75): CodeIgniter\Database\BaseBuilder->get()
#5 C:\xampp\htdocs\HOSPITALMANAGEMENT_GROUP3\app\Controllers\ReceptionistController.php(88): App\Models\ReceptionistModel->getAppointments()
#6 C:\xampp\htdocs\HOSPITALMANAGEMENT_GROUP3\system\CodeIgniter.php(933): App\Controllers\ReceptionistController->appointments()
#7 C:\xampp\htdocs\HOSPITALMANAGEMENT_GROUP3\system\CodeIgniter.php(507): CodeIgniter\CodeIgniter->runController(Object(App\Controllers\ReceptionistController))
#8 C:\xampp\htdocs\HOSPITALMANAGEMENT_GROUP3\system\CodeIgniter.php(354): CodeIgniter\CodeIgniter->handleRequest(NULL, Object(Config\Cache), false)
#9 C:\xampp\htdocs\HOSPITALMANAGEMENT_GROUP3\system\Boot.php(363): CodeIgniter\CodeIgniter->run()
#10 C:\xampp\htdocs\HOSPITALMANAGEMENT_GROUP3\system\Boot.php(68): CodeIgniter\Boot::runCodeIgniter(Object(CodeIgniter\CodeIgniter))
#11 C:\xampp\htdocs\HOSPITALMANAGEMENT_GROUP3\public\index.php(59): CodeIgniter\Boot::bootWeb(Object(Config\Paths))
#12 C:\xampp\htdocs\HOSPITALMANAGEMENT_GROUP3\system\rewrite.php(44): require_once('C:\\xampp\\htdocs...')
#13 {main}
CRITICAL - 2025-09-11 16:47:33 --> CodeIgniter\Database\Exceptions\DatabaseException: Table 'hmsdb.appointments' doesn't exist
[Method: GET, Route: receptionist/appointments]
in SYSTEMPATH\Database\BaseConnection.php on line 684.
 1 SYSTEMPATH\Database\BaseBuilder.php(1649): CodeIgniter\Database\BaseConnection->query('SELECT `appointments`.*, `patients`.`name` as `patient_name`
FROM `appointments`
LEFT JOIN `patients` ON `patients`.`id` = `appointments`.`patient_id`
ORDER BY `appointments`.`date` DESC', [], false)
 2 APPPATH\Models\ReceptionistModel.php(75): CodeIgniter\Database\BaseBuilder->get()
 3 APPPATH\Controllers\ReceptionistController.php(88): App\Models\ReceptionistModel->getAppointments()
 4 SYSTEMPATH\CodeIgniter.php(933): App\Controllers\ReceptionistController->appointments()
 5 SYSTEMPATH\CodeIgniter.php(507): CodeIgniter\CodeIgniter->runController(Object(App\Controllers\ReceptionistController))
 6 SYSTEMPATH\CodeIgniter.php(354): CodeIgniter\CodeIgniter->handleRequest(null, Object(Config\Cache), false)
 7 SYSTEMPATH\Boot.php(363): CodeIgniter\CodeIgniter->run()
 8 SYSTEMPATH\Boot.php(68): CodeIgniter\Boot::runCodeIgniter(Object(CodeIgniter\CodeIgniter))
 9 FCPATH\index.php(59): CodeIgniter\Boot::bootWeb(Object(Config\Paths))
10 SYSTEMPATH\rewrite.php(44): require_once('C:\\xampp\\htdocs\\HOSPITALMANAGEMENT_GROUP3\\public\\index.php')
CRITICAL - 2025-09-11 16:47:33 --> [Caused by] CodeIgniter\Database\Exceptions\DatabaseException: Table 'hmsdb.appointments' doesn't exist
in SYSTEMPATH\Database\MySQLi\Connection.php on line 332.
 1 SYSTEMPATH\Database\BaseConnection.php(729): CodeIgniter\Database\MySQLi\Connection->execute('SELECT `appointments`.*, `patients`.`name` as `patient_name`
FROM `appointments`
LEFT JOIN `patients` ON `patients`.`id` = `appointments`.`patient_id`
ORDER BY `appointments`.`date` DESC')
 2 SYSTEMPATH\Database\BaseConnection.php(646): CodeIgniter\Database\BaseConnection->simpleQuery('SELECT `appointments`.*, `patients`.`name` as `patient_name`
FROM `appointments`
LEFT JOIN `patients` ON `patients`.`id` = `appointments`.`patient_id`
ORDER BY `appointments`.`date` DESC')
 3 SYSTEMPATH\Database\BaseBuilder.php(1649): CodeIgniter\Database\BaseConnection->query('SELECT `appointments`.*, `patients`.`name` as `patient_name`
FROM `appointments`
LEFT JOIN `patients` ON `patients`.`id` = `appointments`.`patient_id`
ORDER BY `appointments`.`date` DESC', [], false)
 4 APPPATH\Models\ReceptionistModel.php(75): CodeIgniter\Database\BaseBuilder->get()
 5 APPPATH\Controllers\ReceptionistController.php(88): App\Models\ReceptionistModel->getAppointments()
 6 SYSTEMPATH\CodeIgniter.php(933): App\Controllers\ReceptionistController->appointments()
 7 SYSTEMPATH\CodeIgniter.php(507): CodeIgniter\CodeIgniter->runController(Object(App\Controllers\ReceptionistController))
 8 SYSTEMPATH\CodeIgniter.php(354): CodeIgniter\CodeIgniter->handleRequest(null, Object(Config\Cache), false)
 9 SYSTEMPATH\Boot.php(363): CodeIgniter\CodeIgniter->run()
10 SYSTEMPATH\Boot.php(68): CodeIgniter\Boot::runCodeIgniter(Object(CodeIgniter\CodeIgniter))
11 FCPATH\index.php(59): CodeIgniter\Boot::bootWeb(Object(Config\Paths))
12 SYSTEMPATH\rewrite.php(44): require_once('C:\\xampp\\htdocs\\HOSPITALMANAGEMENT_GROUP3\\public\\index.php')
CRITICAL - 2025-09-11 16:47:33 --> [Caused by] mysqli_sql_exception: Table 'hmsdb.appointments' doesn't exist
in SYSTEMPATH\Database\MySQLi\Connection.php on line 327.
 1 SYSTEMPATH\Database\MySQLi\Connection.php(327): mysqli->query('SELECT `appointments`.*, `patients`.`name` as `patient_name`
FROM `appointments`
LEFT JOIN `patients` ON `patients`.`id` = `appointments`.`patient_id`
ORDER BY `appointments`.`date` DESC', 0)
 2 SYSTEMPATH\Database\BaseConnection.php(729): CodeIgniter\Database\MySQLi\Connection->execute('SELECT `appointments`.*, `patients`.`name` as `patient_name`
FROM `appointments`
LEFT JOIN `patients` ON `patients`.`id` = `appointments`.`patient_id`
ORDER BY `appointments`.`date` DESC')
 3 SYSTEMPATH\Database\BaseConnection.php(646): CodeIgniter\Database\BaseConnection->simpleQuery('SELECT `appointments`.*, `patients`.`name` as `patient_name`
FROM `appointments`
LEFT JOIN `patients` ON `patients`.`id` = `appointments`.`patient_id`
ORDER BY `appointments`.`date` DESC')
 4 SYSTEMPATH\Database\BaseBuilder.php(1649): CodeIgniter\Database\BaseConnection->query('SELECT `appointments`.*, `patients`.`name` as `patient_name`
FROM `appointments`
LEFT JOIN `patients` ON `patients`.`id` = `appointments`.`patient_id`
ORDER BY `appointments`.`date` DESC', [], false)
 5 APPPATH\Models\ReceptionistModel.php(75): CodeIgniter\Database\BaseBuilder->get()
 6 APPPATH\Controllers\ReceptionistController.php(88): App\Models\ReceptionistModel->getAppointments()
 7 SYSTEMPATH\CodeIgniter.php(933): App\Controllers\ReceptionistController->appointments()
 8 SYSTEMPATH\CodeIgniter.php(507): CodeIgniter\CodeIgniter->runController(Object(App\Controllers\ReceptionistController))
 9 SYSTEMPATH\CodeIgniter.php(354): CodeIgniter\CodeIgniter->handleRequest(null, Object(Config\Cache), false)
10 SYSTEMPATH\Boot.php(363): CodeIgniter\CodeIgniter->run()
11 SYSTEMPATH\Boot.php(68): CodeIgniter\Boot::runCodeIgniter(Object(CodeIgniter\CodeIgniter))
12 FCPATH\index.php(59): CodeIgniter\Boot::bootWeb(Object(Config\Paths))
13 SYSTEMPATH\rewrite.php(44): require_once('C:\\xampp\\htdocs\\HOSPITALMANAGEMENT_GROUP3\\public\\index.php')
ERROR - 2025-09-11 16:50:54 --> mysqli_sql_exception: Table 'patients' already exists in C:\xampp\htdocs\HOSPITALMANAGEMENT_GROUP3\system\Database\MySQLi\Connection.php:327
Stack trace:
#0 C:\xampp\htdocs\HOSPITALMANAGEMENT_GROUP3\system\Database\MySQLi\Connection.php(327): mysqli->query('CREATE TABLE `p...', 0)
#1 C:\xampp\htdocs\HOSPITALMANAGEMENT_GROUP3\system\Database\BaseConnection.php(729): CodeIgniter\Database\MySQLi\Connection->execute('CREATE TABLE `p...')
#2 C:\xampp\htdocs\HOSPITALMANAGEMENT_GROUP3\system\Database\BaseConnection.php(646): CodeIgniter\Database\BaseConnection->simpleQuery('CREATE TABLE `p...')
#3 C:\xampp\htdocs\HOSPITALMANAGEMENT_GROUP3\system\Database\Forge.php(570): CodeIgniter\Database\BaseConnection->query('CREATE TABLE `p...')
#4 C:\xampp\htdocs\HOSPITALMANAGEMENT_GROUP3\app\Database\Migrations\2025-09-11-135520_CreatePatientsTable.php(51): CodeIgniter\Database\Forge->createTable('patients')
#5 C:\xampp\htdocs\HOSPITALMANAGEMENT_GROUP3\system\Database\MigrationRunner.php(876): App\Database\Migrations\CreatePatientsTable->up()
#6 C:\xampp\htdocs\HOSPITALMANAGEMENT_GROUP3\system\Database\MigrationRunner.php(182): CodeIgniter\Database\MigrationRunner->migrate('up', Object(stdClass))
#7 C:\xampp\htdocs\HOSPITALMANAGEMENT_GROUP3\system\Commands\Database\Migrate.php(85): CodeIgniter\Database\MigrationRunner->latest(NULL)
#8 C:\xampp\htdocs\HOSPITALMANAGEMENT_GROUP3\system\CLI\Commands.php(74): CodeIgniter\Commands\Database\Migrate->run(Array)
#9 C:\xampp\htdocs\HOSPITALMANAGEMENT_GROUP3\system\CLI\Console.php(47): CodeIgniter\CLI\Commands->run('migrate', Array)
#10 C:\xampp\htdocs\HOSPITALMANAGEMENT_GROUP3\system\Boot.php(388): CodeIgniter\CLI\Console->run()
#11 C:\xampp\htdocs\HOSPITALMANAGEMENT_GROUP3\system\Boot.php(133): CodeIgniter\Boot::runCommand(Object(CodeIgniter\CLI\Console))
#12 C:\xampp\htdocs\HOSPITALMANAGEMENT_GROUP3\spark(87): CodeIgniter\Boot::bootSpark(Object(Config\Paths))
#13 {main}
ERROR - 2025-09-11 16:52:41 --> mysqli_sql_exception: Table 'appointments' already exists in C:\xampp\htdocs\HOSPITALMANAGEMENT_GROUP3\system\Database\MySQLi\Connection.php:327
Stack trace:
#0 C:\xampp\htdocs\HOSPITALMANAGEMENT_GROUP3\system\Database\MySQLi\Connection.php(327): mysqli->query('CREATE TABLE `a...', 0)
#1 C:\xampp\htdocs\HOSPITALMANAGEMENT_GROUP3\system\Database\BaseConnection.php(729): CodeIgniter\Database\MySQLi\Connection->execute('CREATE TABLE `a...')
#2 C:\xampp\htdocs\HOSPITALMANAGEMENT_GROUP3\system\Database\BaseConnection.php(646): CodeIgniter\Database\BaseConnection->simpleQuery('CREATE TABLE `a...')
#3 C:\xampp\htdocs\HOSPITALMANAGEMENT_GROUP3\system\Database\Forge.php(570): CodeIgniter\Database\BaseConnection->query('CREATE TABLE `a...')
#4 C:\xampp\htdocs\HOSPITALMANAGEMENT_GROUP3\app\Database\Migrations\2025-09-11-135520_CreateAppointmentsTable.php(47): CodeIgniter\Database\Forge->createTable('appointments')
#5 C:\xampp\htdocs\HOSPITALMANAGEMENT_GROUP3\system\Database\MigrationRunner.php(876): App\Database\Migrations\CreateAppointmentsTable->up()
#6 C:\xampp\htdocs\HOSPITALMANAGEMENT_GROUP3\system\Database\MigrationRunner.php(182): CodeIgniter\Database\MigrationRunner->migrate('up', Object(stdClass))
#7 C:\xampp\htdocs\HOSPITALMANAGEMENT_GROUP3\system\Commands\Database\Migrate.php(85): CodeIgniter\Database\MigrationRunner->latest(NULL)
#8 C:\xampp\htdocs\HOSPITALMANAGEMENT_GROUP3\system\CLI\Commands.php(74): CodeIgniter\Commands\Database\Migrate->run(Array)
#9 C:\xampp\htdocs\HOSPITALMANAGEMENT_GROUP3\system\CLI\Console.php(47): CodeIgniter\CLI\Commands->run('migrate', Array)
#10 C:\xampp\htdocs\HOSPITALMANAGEMENT_GROUP3\system\Boot.php(388): CodeIgniter\CLI\Console->run()
#11 C:\xampp\htdocs\HOSPITALMANAGEMENT_GROUP3\system\Boot.php(133): CodeIgniter\Boot::runCommand(Object(CodeIgniter\CLI\Console))
#12 C:\xampp\htdocs\HOSPITALMANAGEMENT_GROUP3\spark(87): CodeIgniter\Boot::bootSpark(Object(Config\Paths))
#13 {main}
CRITICAL - 2025-09-11 16:55:15 --> CodeIgniter\View\Exceptions\ViewException: Invalid file: "receptionist/appointments.php"
[Method: GET, Route: receptionist/appointments]
in SYSTEMPATH\Exceptions\FrameworkException.php on line 39.
 1 SYSTEMPATH\View\View.php(214): CodeIgniter\Exceptions\FrameworkException::forInvalidFile('receptionist/appointments.php')
 2 SYSTEMPATH\Common.php(1167): CodeIgniter\View\View->render('receptionist/appointments', [], true)
 3 APPPATH\Controllers\ReceptionistController.php(90): view('receptionist/appointments', [...])
 4 SYSTEMPATH\CodeIgniter.php(933): App\Controllers\ReceptionistController->appointments()
 5 SYSTEMPATH\CodeIgniter.php(507): CodeIgniter\CodeIgniter->runController(Object(App\Controllers\ReceptionistController))
 6 SYSTEMPATH\CodeIgniter.php(354): CodeIgniter\CodeIgniter->handleRequest(null, Object(Config\Cache), false)
 7 SYSTEMPATH\Boot.php(363): CodeIgniter\CodeIgniter->run()
 8 SYSTEMPATH\Boot.php(68): CodeIgniter\Boot::runCodeIgniter(Object(CodeIgniter\CodeIgniter))
 9 FCPATH\index.php(59): CodeIgniter\Boot::bootWeb(Object(Config\Paths))
10 SYSTEMPATH\rewrite.php(44): require_once('C:\\xampp\\htdocs\\HOSPITALMANAGEMENT_GROUP3\\public\\index.php')
CRITICAL - 2025-09-11 16:56:02 --> CodeIgniter\View\Exceptions\ViewException: Invalid file: "receptionist/appointments.php"
[Method: GET, Route: receptionist/appointments]
in SYSTEMPATH\Exceptions\FrameworkException.php on line 39.
 1 SYSTEMPATH\View\View.php(214): CodeIgniter\Exceptions\FrameworkException::forInvalidFile('receptionist/appointments.php')
 2 SYSTEMPATH\Common.php(1167): CodeIgniter\View\View->render('receptionist/appointments', [], true)
 3 APPPATH\Controllers\ReceptionistController.php(90): view('receptionist/appointments', [...])
 4 SYSTEMPATH\CodeIgniter.php(933): App\Controllers\ReceptionistController->appointments()
 5 SYSTEMPATH\CodeIgniter.php(507): CodeIgniter\CodeIgniter->runController(Object(App\Controllers\ReceptionistController))
 6 SYSTEMPATH\CodeIgniter.php(354): CodeIgniter\CodeIgniter->handleRequest(null, Object(Config\Cache), false)
 7 SYSTEMPATH\Boot.php(363): CodeIgniter\CodeIgniter->run()
 8 SYSTEMPATH\Boot.php(68): CodeIgniter\Boot::runCodeIgniter(Object(CodeIgniter\CodeIgniter))
 9 FCPATH\index.php(59): CodeIgniter\Boot::bootWeb(Object(Config\Paths))
10 SYSTEMPATH\rewrite.php(44): require_once('C:\\xampp\\htdocs\\HOSPITALMANAGEMENT_GROUP3\\public\\index.php')
CRITICAL - 2025-09-11 16:58:18 --> CodeIgniter\View\Exceptions\ViewException: Invalid file: "receptionist/create_patient.php"
[Method: GET, Route: receptionist/patients/create]
in SYSTEMPATH\Exceptions\FrameworkException.php on line 39.
 1 SYSTEMPATH\View\View.php(214): CodeIgniter\Exceptions\FrameworkException::forInvalidFile('receptionist/create_patient.php')
 2 SYSTEMPATH\Common.php(1167): CodeIgniter\View\View->render('receptionist/create_patient', [], true)
 3 APPPATH\Controllers\ReceptionistController.php(31): view('receptionist/create_patient')
 4 SYSTEMPATH\CodeIgniter.php(933): App\Controllers\ReceptionistController->createPatient()
 5 SYSTEMPATH\CodeIgniter.php(507): CodeIgniter\CodeIgniter->runController(Object(App\Controllers\ReceptionistController))
 6 SYSTEMPATH\CodeIgniter.php(354): CodeIgniter\CodeIgniter->handleRequest(null, Object(Config\Cache), false)
 7 SYSTEMPATH\Boot.php(363): CodeIgniter\CodeIgniter->run()
 8 SYSTEMPATH\Boot.php(68): CodeIgniter\Boot::runCodeIgniter(Object(CodeIgniter\CodeIgniter))
 9 FCPATH\index.php(59): CodeIgniter\Boot::bootWeb(Object(Config\Paths))
10 SYSTEMPATH\rewrite.php(44): require_once('C:\\xampp\\htdocs\\HOSPITALMANAGEMENT_GROUP3\\public\\index.php')
CRITICAL - 2025-09-11 16:58:22 --> CodeIgniter\View\Exceptions\ViewException: Invalid file: "receptionist/create_patient.php"
[Method: GET, Route: receptionist/patients/create]
in SYSTEMPATH\Exceptions\FrameworkException.php on line 39.
 1 SYSTEMPATH\View\View.php(214): CodeIgniter\Exceptions\FrameworkException::forInvalidFile('receptionist/create_patient.php')
 2 SYSTEMPATH\Common.php(1167): CodeIgniter\View\View->render('receptionist/create_patient', [], true)
 3 APPPATH\Controllers\ReceptionistController.php(31): view('receptionist/create_patient')
 4 SYSTEMPATH\CodeIgniter.php(933): App\Controllers\ReceptionistController->createPatient()
 5 SYSTEMPATH\CodeIgniter.php(507): CodeIgniter\CodeIgniter->runController(Object(App\Controllers\ReceptionistController))
 6 SYSTEMPATH\CodeIgniter.php(354): CodeIgniter\CodeIgniter->handleRequest(null, Object(Config\Cache), false)
 7 SYSTEMPATH\Boot.php(363): CodeIgniter\CodeIgniter->run()
 8 SYSTEMPATH\Boot.php(68): CodeIgniter\Boot::runCodeIgniter(Object(CodeIgniter\CodeIgniter))
 9 FCPATH\index.php(59): CodeIgniter\Boot::bootWeb(Object(Config\Paths))
10 SYSTEMPATH\rewrite.php(44): require_once('C:\\xampp\\htdocs\\HOSPITALMANAGEMENT_GROUP3\\public\\index.php')
CRITICAL - 2025-09-11 16:58:31 --> CodeIgniter\View\Exceptions\ViewException: Invalid file: "receptionist/create_patient.php"
[Method: GET, Route: receptionist/patients/create]
in SYSTEMPATH\Exceptions\FrameworkException.php on line 39.
 1 SYSTEMPATH\View\View.php(214): CodeIgniter\Exceptions\FrameworkException::forInvalidFile('receptionist/create_patient.php')
 2 SYSTEMPATH\Common.php(1167): CodeIgniter\View\View->render('receptionist/create_patient', [], true)
 3 APPPATH\Controllers\ReceptionistController.php(31): view('receptionist/create_patient')
 4 SYSTEMPATH\CodeIgniter.php(933): App\Controllers\ReceptionistController->createPatient()
 5 SYSTEMPATH\CodeIgniter.php(507): CodeIgniter\CodeIgniter->runController(Object(App\Controllers\ReceptionistController))
 6 SYSTEMPATH\CodeIgniter.php(354): CodeIgniter\CodeIgniter->handleRequest(null, Object(Config\Cache), false)
 7 SYSTEMPATH\Boot.php(363): CodeIgniter\CodeIgniter->run()
 8 SYSTEMPATH\Boot.php(68): CodeIgniter\Boot::runCodeIgniter(Object(CodeIgniter\CodeIgniter))
 9 FCPATH\index.php(59): CodeIgniter\Boot::bootWeb(Object(Config\Paths))
10 SYSTEMPATH\rewrite.php(44): require_once('C:\\xampp\\htdocs\\HOSPITALMANAGEMENT_GROUP3\\public\\index.php')
CRITICAL - 2025-09-11 17:12:26 --> ErrorException: Undefined array key "date"
[Method: GET, Route: lab/results]
in APPPATH\Views\lab\results.php on line 39.
 1 APPPATH\Views\lab\results.php(39): CodeIgniter\Debug\Exceptions->errorHandler(2, 'Undefined array key "date"', 'C:\\xampp\\htdocs\\HOSPITALMANAGEMENT_GROUP3\\app\\Views\\lab\\results.php', 39)
 2 SYSTEMPATH\View\View.php(226): include('C:\\xampp\\htdocs\\HOSPITALMANAGEMENT_GROUP3\\app\\Views\\lab\\results.php')
 3 SYSTEMPATH\View\View.php(229): CodeIgniter\View\View->CodeIgniter\View\{closure}()
 4 SYSTEMPATH\Common.php(1167): CodeIgniter\View\View->render('lab/results', [], true)
 5 APPPATH\Controllers\LaboratoryStaffController.php(65): view('lab/results', [...])
 6 SYSTEMPATH\CodeIgniter.php(933): App\Controllers\LaboratoryStaffController->results()
 7 SYSTEMPATH\CodeIgniter.php(507): CodeIgniter\CodeIgniter->runController(Object(App\Controllers\LaboratoryStaffController))
 8 SYSTEMPATH\CodeIgniter.php(354): CodeIgniter\CodeIgniter->handleRequest(null, Object(Config\Cache), false)
 9 SYSTEMPATH\Boot.php(363): CodeIgniter\CodeIgniter->run()
10 SYSTEMPATH\Boot.php(68): CodeIgniter\Boot::runCodeIgniter(Object(CodeIgniter\CodeIgniter))
11 FCPATH\index.php(59): CodeIgniter\Boot::bootWeb(Object(Config\Paths))
12 SYSTEMPATH\rewrite.php(44): require_once('C:\\xampp\\htdocs\\HOSPITALMANAGEMENT_GROUP3\\public\\index.php')
CRITICAL - 2025-09-11 17:15:02 --> ErrorException: Undefined array key "date"
[Method: GET, Route: lab/results]
in APPPATH\Views\lab\results.php on line 39.
 1 APPPATH\Views\lab\results.php(39): CodeIgniter\Debug\Exceptions->errorHandler(2, 'Undefined array key "date"', 'C:\\xampp\\htdocs\\HOSPITALMANAGEMENT_GROUP3\\app\\Views\\lab\\results.php', 39)
 2 SYSTEMPATH\View\View.php(226): include('C:\\xampp\\htdocs\\HOSPITALMANAGEMENT_GROUP3\\app\\Views\\lab\\results.php')
 3 SYSTEMPATH\View\View.php(229): CodeIgniter\View\View->CodeIgniter\View\{closure}()
 4 SYSTEMPATH\Common.php(1167): CodeIgniter\View\View->render('lab/results', [], true)
 5 APPPATH\Controllers\LaboratoryStaffController.php(65): view('lab/results', [...])
 6 SYSTEMPATH\CodeIgniter.php(933): App\Controllers\LaboratoryStaffController->results()
 7 SYSTEMPATH\CodeIgniter.php(507): CodeIgniter\CodeIgniter->runController(Object(App\Controllers\LaboratoryStaffController))
 8 SYSTEMPATH\CodeIgniter.php(354): CodeIgniter\CodeIgniter->handleRequest(null, Object(Config\Cache), false)
 9 SYSTEMPATH\Boot.php(363): CodeIgniter\CodeIgniter->run()
10 SYSTEMPATH\Boot.php(68): CodeIgniter\Boot::runCodeIgniter(Object(CodeIgniter\CodeIgniter))
11 FCPATH\index.php(59): CodeIgniter\Boot::bootWeb(Object(Config\Paths))
12 SYSTEMPATH\rewrite.php(44): require_once('C:\\xampp\\htdocs\\HOSPITALMANAGEMENT_GROUP3\\public\\index.php')
CRITICAL - 2025-09-11 17:15:04 --> ErrorException: Undefined array key "status"
[Method: GET, Route: lab/records]
in APPPATH\Views\lab\records.php on line 27.
 1 APPPATH\Views\lab\records.php(27): CodeIgniter\Debug\Exceptions->errorHandler(2, 'Undefined array key "status"', 'C:\\xampp\\htdocs\\HOSPITALMANAGEMENT_GROUP3\\app\\Views\\lab\\records.php', 27)
 2 SYSTEMPATH\View\View.php(226): include('C:\\xampp\\htdocs\\HOSPITALMANAGEMENT_GROUP3\\app\\Views\\lab\\records.php')
 3 SYSTEMPATH\View\View.php(229): CodeIgniter\View\View->CodeIgniter\View\{closure}()
 4 SYSTEMPATH\Common.php(1167): CodeIgniter\View\View->render('lab/records', [], true)
 5 APPPATH\Controllers\LaboratoryStaffController.php(107): view('lab/records', [...])
 6 SYSTEMPATH\CodeIgniter.php(933): App\Controllers\LaboratoryStaffController->records()
 7 SYSTEMPATH\CodeIgniter.php(507): CodeIgniter\CodeIgniter->runController(Object(App\Controllers\LaboratoryStaffController))
 8 SYSTEMPATH\CodeIgniter.php(354): CodeIgniter\CodeIgniter->handleRequest(null, Object(Config\Cache), false)
 9 SYSTEMPATH\Boot.php(363): CodeIgniter\CodeIgniter->run()
10 SYSTEMPATH\Boot.php(68): CodeIgniter\Boot::runCodeIgniter(Object(CodeIgniter\CodeIgniter))
11 FCPATH\index.php(59): CodeIgniter\Boot::bootWeb(Object(Config\Paths))
12 SYSTEMPATH\rewrite.php(44): require_once('C:\\xampp\\htdocs\\HOSPITALMANAGEMENT_GROUP3\\public\\index.php')
CRITICAL - 2025-09-11 17:16:51 --> ErrorException: Undefined array key "date"
[Method: GET, Route: lab/results]
in APPPATH\Views\lab\results.php on line 39.
 1 APPPATH\Views\lab\results.php(39): CodeIgniter\Debug\Exceptions->errorHandler(2, 'Undefined array key "date"', 'C:\\xampp\\htdocs\\HOSPITALMANAGEMENT_GROUP3\\app\\Views\\lab\\results.php', 39)
 2 SYSTEMPATH\View\View.php(226): include('C:\\xampp\\htdocs\\HOSPITALMANAGEMENT_GROUP3\\app\\Views\\lab\\results.php')
 3 SYSTEMPATH\View\View.php(229): CodeIgniter\View\View->CodeIgniter\View\{closure}()
 4 SYSTEMPATH\Common.php(1167): CodeIgniter\View\View->render('lab/results', [], true)
 5 APPPATH\Controllers\LaboratoryStaffController.php(65): view('lab/results', [...])
 6 SYSTEMPATH\CodeIgniter.php(933): App\Controllers\LaboratoryStaffController->results()
 7 SYSTEMPATH\CodeIgniter.php(507): CodeIgniter\CodeIgniter->runController(Object(App\Controllers\LaboratoryStaffController))
 8 SYSTEMPATH\CodeIgniter.php(354): CodeIgniter\CodeIgniter->handleRequest(null, Object(Config\Cache), false)
 9 SYSTEMPATH\Boot.php(363): CodeIgniter\CodeIgniter->run()
10 SYSTEMPATH\Boot.php(68): CodeIgniter\Boot::runCodeIgniter(Object(CodeIgniter\CodeIgniter))
11 FCPATH\index.php(59): CodeIgniter\Boot::bootWeb(Object(Config\Paths))
12 SYSTEMPATH\rewrite.php(44): require_once('C:\\xampp\\htdocs\\HOSPITALMANAGEMENT_GROUP3\\public\\index.php')
CRITICAL - 2025-09-11 17:16:54 --> ErrorException: Undefined array key "date"
[Method: GET, Route: lab/results]
in APPPATH\Views\lab\results.php on line 39.
 1 APPPATH\Views\lab\results.php(39): CodeIgniter\Debug\Exceptions->errorHandler(2, 'Undefined array key "date"', 'C:\\xampp\\htdocs\\HOSPITALMANAGEMENT_GROUP3\\app\\Views\\lab\\results.php', 39)
 2 SYSTEMPATH\View\View.php(226): include('C:\\xampp\\htdocs\\HOSPITALMANAGEMENT_GROUP3\\app\\Views\\lab\\results.php')
 3 SYSTEMPATH\View\View.php(229): CodeIgniter\View\View->CodeIgniter\View\{closure}()
 4 SYSTEMPATH\Common.php(1167): CodeIgniter\View\View->render('lab/results', [], true)
 5 APPPATH\Controllers\LaboratoryStaffController.php(65): view('lab/results', [...])
 6 SYSTEMPATH\CodeIgniter.php(933): App\Controllers\LaboratoryStaffController->results()
 7 SYSTEMPATH\CodeIgniter.php(507): CodeIgniter\CodeIgniter->runController(Object(App\Controllers\LaboratoryStaffController))
 8 SYSTEMPATH\CodeIgniter.php(354): CodeIgniter\CodeIgniter->handleRequest(null, Object(Config\Cache), false)
 9 SYSTEMPATH\Boot.php(363): CodeIgniter\CodeIgniter->run()
10 SYSTEMPATH\Boot.php(68): CodeIgniter\Boot::runCodeIgniter(Object(CodeIgniter\CodeIgniter))
11 FCPATH\index.php(59): CodeIgniter\Boot::bootWeb(Object(Config\Paths))
12 SYSTEMPATH\rewrite.php(44): require_once('C:\\xampp\\htdocs\\HOSPITALMANAGEMENT_GROUP3\\public\\index.php')
CRITICAL - 2025-09-11 17:17:09 --> ErrorException: Undefined array key "date"
[Method: GET, Route: lab/results]
in APPPATH\Views\lab\results.php on line 39.
 1 APPPATH\Views\lab\results.php(39): CodeIgniter\Debug\Exceptions->errorHandler(2, 'Undefined array key "date"', 'C:\\xampp\\htdocs\\HOSPITALMANAGEMENT_GROUP3\\app\\Views\\lab\\results.php', 39)
 2 SYSTEMPATH\View\View.php(226): include('C:\\xampp\\htdocs\\HOSPITALMANAGEMENT_GROUP3\\app\\Views\\lab\\results.php')
 3 SYSTEMPATH\View\View.php(229): CodeIgniter\View\View->CodeIgniter\View\{closure}()
 4 SYSTEMPATH\Common.php(1167): CodeIgniter\View\View->render('lab/results', [], true)
 5 APPPATH\Controllers\LaboratoryStaffController.php(65): view('lab/results', [...])
 6 SYSTEMPATH\CodeIgniter.php(933): App\Controllers\LaboratoryStaffController->results()
 7 SYSTEMPATH\CodeIgniter.php(507): CodeIgniter\CodeIgniter->runController(Object(App\Controllers\LaboratoryStaffController))
 8 SYSTEMPATH\CodeIgniter.php(354): CodeIgniter\CodeIgniter->handleRequest(null, Object(Config\Cache), false)
 9 SYSTEMPATH\Boot.php(363): CodeIgniter\CodeIgniter->run()
10 SYSTEMPATH\Boot.php(68): CodeIgniter\Boot::runCodeIgniter(Object(CodeIgniter\CodeIgniter))
11 FCPATH\index.php(59): CodeIgniter\Boot::bootWeb(Object(Config\Paths))
12 SYSTEMPATH\rewrite.php(44): require_once('C:\\xampp\\htdocs\\HOSPITALMANAGEMENT_GROUP3\\public\\index.php')
CRITICAL - 2025-09-11 17:18:58 --> ErrorException: Undefined array key "status"
[Method: GET, Route: lab/records]
in APPPATH\Views\lab\records.php on line 27.
 1 APPPATH\Views\lab\records.php(27): CodeIgniter\Debug\Exceptions->errorHandler(2, 'Undefined array key "status"', 'C:\\xampp\\htdocs\\HOSPITALMANAGEMENT_GROUP3\\app\\Views\\lab\\records.php', 27)
 2 SYSTEMPATH\View\View.php(226): include('C:\\xampp\\htdocs\\HOSPITALMANAGEMENT_GROUP3\\app\\Views\\lab\\records.php')
 3 SYSTEMPATH\View\View.php(229): CodeIgniter\View\View->CodeIgniter\View\{closure}()
 4 SYSTEMPATH\Common.php(1167): CodeIgniter\View\View->render('lab/records', [], true)
 5 APPPATH\Controllers\LaboratoryStaffController.php(107): view('lab/records', [...])
 6 SYSTEMPATH\CodeIgniter.php(933): App\Controllers\LaboratoryStaffController->records()
 7 SYSTEMPATH\CodeIgniter.php(507): CodeIgniter\CodeIgniter->runController(Object(App\Controllers\LaboratoryStaffController))
 8 SYSTEMPATH\CodeIgniter.php(354): CodeIgniter\CodeIgniter->handleRequest(null, Object(Config\Cache), false)
 9 SYSTEMPATH\Boot.php(363): CodeIgniter\CodeIgniter->run()
10 SYSTEMPATH\Boot.php(68): CodeIgniter\Boot::runCodeIgniter(Object(CodeIgniter\CodeIgniter))
11 FCPATH\index.php(59): CodeIgniter\Boot::bootWeb(Object(Config\Paths))
12 SYSTEMPATH\rewrite.php(44): require_once('C:\\xampp\\htdocs\\HOSPITALMANAGEMENT_GROUP3\\public\\index.php')
CRITICAL - 2025-09-11 17:20:25 --> ErrorException: Undefined array key "status"
[Method: GET, Route: lab/records]
in APPPATH\Views\lab\records.php on line 27.
 1 APPPATH\Views\lab\records.php(27): CodeIgniter\Debug\Exceptions->errorHandler(2, 'Undefined array key "status"', 'C:\\xampp\\htdocs\\HOSPITALMANAGEMENT_GROUP3\\app\\Views\\lab\\records.php', 27)
 2 SYSTEMPATH\View\View.php(226): include('C:\\xampp\\htdocs\\HOSPITALMANAGEMENT_GROUP3\\app\\Views\\lab\\records.php')
 3 SYSTEMPATH\View\View.php(229): CodeIgniter\View\View->CodeIgniter\View\{closure}()
 4 SYSTEMPATH\Common.php(1167): CodeIgniter\View\View->render('lab/records', [], true)
 5 APPPATH\Controllers\LaboratoryStaffController.php(107): view('lab/records', [...])
 6 SYSTEMPATH\CodeIgniter.php(933): App\Controllers\LaboratoryStaffController->records()
 7 SYSTEMPATH\CodeIgniter.php(507): CodeIgniter\CodeIgniter->runController(Object(App\Controllers\LaboratoryStaffController))
 8 SYSTEMPATH\CodeIgniter.php(354): CodeIgniter\CodeIgniter->handleRequest(null, Object(Config\Cache), false)
 9 SYSTEMPATH\Boot.php(363): CodeIgniter\CodeIgniter->run()
10 SYSTEMPATH\Boot.php(68): CodeIgniter\Boot::runCodeIgniter(Object(CodeIgniter\CodeIgniter))
11 FCPATH\index.php(59): CodeIgniter\Boot::bootWeb(Object(Config\Paths))
12 SYSTEMPATH\rewrite.php(44): require_once('C:\\xampp\\htdocs\\HOSPITALMANAGEMENT_GROUP3\\public\\index.php')
CRITICAL - 2025-09-11 17:20:31 --> ErrorException: Undefined array key "status"
[Method: GET, Route: lab/records]
in APPPATH\Views\lab\records.php on line 27.
 1 APPPATH\Views\lab\records.php(27): CodeIgniter\Debug\Exceptions->errorHandler(2, 'Undefined array key "status"', 'C:\\xampp\\htdocs\\HOSPITALMANAGEMENT_GROUP3\\app\\Views\\lab\\records.php', 27)
 2 SYSTEMPATH\View\View.php(226): include('C:\\xampp\\htdocs\\HOSPITALMANAGEMENT_GROUP3\\app\\Views\\lab\\records.php')
 3 SYSTEMPATH\View\View.php(229): CodeIgniter\View\View->CodeIgniter\View\{closure}()
 4 SYSTEMPATH\Common.php(1167): CodeIgniter\View\View->render('lab/records', [], true)
 5 APPPATH\Controllers\LaboratoryStaffController.php(107): view('lab/records', [...])
 6 SYSTEMPATH\CodeIgniter.php(933): App\Controllers\LaboratoryStaffController->records()
 7 SYSTEMPATH\CodeIgniter.php(507): CodeIgniter\CodeIgniter->runController(Object(App\Controllers\LaboratoryStaffController))
 8 SYSTEMPATH\CodeIgniter.php(354): CodeIgniter\CodeIgniter->handleRequest(null, Object(Config\Cache), false)
 9 SYSTEMPATH\Boot.php(363): CodeIgniter\CodeIgniter->run()
10 SYSTEMPATH\Boot.php(68): CodeIgniter\Boot::runCodeIgniter(Object(CodeIgniter\CodeIgniter))
11 FCPATH\index.php(59): CodeIgniter\Boot::bootWeb(Object(Config\Paths))
12 SYSTEMPATH\rewrite.php(44): require_once('C:\\xampp\\htdocs\\HOSPITALMANAGEMENT_GROUP3\\public\\index.php')
