ERROR - 2025-12-04 11:00:45 --> mysqli_sql_exception: Table 'appointments' already exists in C:\xampp\htdocs\HOSPITALMANAGEMENT_GROUP3\system\Database\MySQLi\Connection.php:327
Stack trace:
#0 C:\xampp\htdocs\HOSPITALMANAGEMENT_GROUP3\system\Database\MySQLi\Connection.php(327): mysqli->query('CREATE TABLE `a...', 0)
#1 C:\xampp\htdocs\HOSPITALMANAGEMENT_GROUP3\system\Database\BaseConnection.php(729): CodeIgniter\Database\MySQLi\Connection->execute('CREATE TABLE `a...')
#2 C:\xampp\htdocs\HOSPITALMANAGEMENT_GROUP3\system\Database\BaseConnection.php(646): CodeIgniter\Database\BaseConnection->simpleQuery('CREATE TABLE `a...')
#3 C:\xampp\htdocs\HOSPITALMANAGEMENT_GROUP3\system\Database\Forge.php(570): CodeIgniter\Database\BaseConnection->query('CREATE TABLE `a...')
#4 C:\xampp\htdocs\HOSPITALMANAGEMENT_GROUP3\app\Database\Migrations\2025-09-11-135520_CreateAppointmentsTable.php(47): CodeIgniter\Database\Forge->createTable('appointments')
#5 C:\xampp\htdocs\HOSPITALMANAGEMENT_GROUP3\system\Database\MigrationRunner.php(876): App\Database\Migrations\CreateAppointmentsTable->up()
#6 C:\xampp\htdocs\HOSPITALMANAGEMENT_GROUP3\system\Database\MigrationRunner.php(182): CodeIgniter\Database\MigrationRunner->migrate('up', Object(stdClass))
#7 C:\xampp\htdocs\HOSPITALMANAGEMENT_GROUP3\system\Commands\Database\Migrate.php(85): CodeIgniter\Database\MigrationRunner->latest(NULL)
#8 C:\xampp\htdocs\HOSPITALMANAGEMENT_GROUP3\system\CLI\Commands.php(74): CodeIgniter\Commands\Database\Migrate->run(Array)
#9 C:\xampp\htdocs\HOSPITALMANAGEMENT_GROUP3\system\CLI\Console.php(47): CodeIgniter\CLI\Commands->run('migrate', Array)
#10 C:\xampp\htdocs\HOSPITALMANAGEMENT_GROUP3\system\Boot.php(388): CodeIgniter\CLI\Console->run()
#11 C:\xampp\htdocs\HOSPITALMANAGEMENT_GROUP3\system\Boot.php(133): CodeIgniter\Boot::runCommand(Object(CodeIgniter\CLI\Console))
#12 C:\xampp\htdocs\HOSPITALMANAGEMENT_GROUP3\spark(87): CodeIgniter\Boot::bootSpark(Object(Config\Paths))
#13 {main}
ERROR - 2025-12-04 11:36:56 --> mysqli_sql_exception: Table 'hmsdb.lab_requests' doesn't exist in C:\xampp\htdocs\HOSPITALMANAGEMENT_GROUP3\system\Database\MySQLi\Connection.php:327
Stack trace:
#0 C:\xampp\htdocs\HOSPITALMANAGEMENT_GROUP3\system\Database\MySQLi\Connection.php(327): mysqli->query('ALTER TABLE `la...', 0)
#1 C:\xampp\htdocs\HOSPITALMANAGEMENT_GROUP3\system\Database\BaseConnection.php(729): CodeIgniter\Database\MySQLi\Connection->execute('ALTER TABLE `la...')
#2 C:\xampp\htdocs\HOSPITALMANAGEMENT_GROUP3\system\Database\BaseConnection.php(646): CodeIgniter\Database\BaseConnection->simpleQuery('ALTER TABLE `la...')
#3 C:\xampp\htdocs\HOSPITALMANAGEMENT_GROUP3\system\Database\Forge.php(772): CodeIgniter\Database\BaseConnection->query('ALTER TABLE `la...')
#4 C:\xampp\htdocs\HOSPITALMANAGEMENT_GROUP3\app\Database\Migrations\2025-12-05-000000_AddAppointmentIdToLabRequestsTable.php(11): CodeIgniter\Database\Forge->addColumn('lab_requests', Array)
#5 C:\xampp\htdocs\HOSPITALMANAGEMENT_GROUP3\system\Database\MigrationRunner.php(876): App\Database\Migrations\AddAppointmentIdToLabRequestsTable->up()
#6 C:\xampp\htdocs\HOSPITALMANAGEMENT_GROUP3\system\Database\MigrationRunner.php(182): CodeIgniter\Database\MigrationRunner->migrate('up', Object(stdClass))
#7 C:\xampp\htdocs\HOSPITALMANAGEMENT_GROUP3\system\Commands\Database\Migrate.php(85): CodeIgniter\Database\MigrationRunner->latest(NULL)
#8 C:\xampp\htdocs\HOSPITALMANAGEMENT_GROUP3\system\CLI\Commands.php(74): CodeIgniter\Commands\Database\Migrate->run(Array)
#9 C:\xampp\htdocs\HOSPITALMANAGEMENT_GROUP3\system\CLI\Console.php(47): CodeIgniter\CLI\Commands->run('migrate', Array)
#10 C:\xampp\htdocs\HOSPITALMANAGEMENT_GROUP3\system\Boot.php(388): CodeIgniter\CLI\Console->run()
#11 C:\xampp\htdocs\HOSPITALMANAGEMENT_GROUP3\system\Boot.php(133): CodeIgniter\Boot::runCommand(Object(CodeIgniter\CLI\Console))
#12 C:\xampp\htdocs\HOSPITALMANAGEMENT_GROUP3\spark(87): CodeIgniter\Boot::bootSpark(Object(Config\Paths))
#13 {main}
ERROR - 2025-12-04 11:37:25 --> mysqli_sql_exception: Table 'hmsdb.lab_requests' doesn't exist in C:\xampp\htdocs\HOSPITALMANAGEMENT_GROUP3\system\Database\MySQLi\Connection.php:327
Stack trace:
#0 C:\xampp\htdocs\HOSPITALMANAGEMENT_GROUP3\system\Database\MySQLi\Connection.php(327): mysqli->query('ALTER TABLE `la...', 0)
#1 C:\xampp\htdocs\HOSPITALMANAGEMENT_GROUP3\system\Database\BaseConnection.php(729): CodeIgniter\Database\MySQLi\Connection->execute('ALTER TABLE `la...')
#2 C:\xampp\htdocs\HOSPITALMANAGEMENT_GROUP3\system\Database\BaseConnection.php(646): CodeIgniter\Database\BaseConnection->simpleQuery('ALTER TABLE `la...')
#3 C:\xampp\htdocs\HOSPITALMANAGEMENT_GROUP3\system\Database\Forge.php(772): CodeIgniter\Database\BaseConnection->query('ALTER TABLE `la...')
#4 C:\xampp\htdocs\HOSPITALMANAGEMENT_GROUP3\app\Database\Migrations\2025-12-05-000000_AddAppointmentIdToLabRequestsTable.php(11): CodeIgniter\Database\Forge->addColumn('lab_requests', Array)
#5 C:\xampp\htdocs\HOSPITALMANAGEMENT_GROUP3\system\Database\MigrationRunner.php(876): App\Database\Migrations\AddAppointmentIdToLabRequestsTable->up()
#6 C:\xampp\htdocs\HOSPITALMANAGEMENT_GROUP3\system\Database\MigrationRunner.php(182): CodeIgniter\Database\MigrationRunner->migrate('up', Object(stdClass))
#7 C:\xampp\htdocs\HOSPITALMANAGEMENT_GROUP3\system\Commands\Database\Migrate.php(85): CodeIgniter\Database\MigrationRunner->latest(NULL)
#8 C:\xampp\htdocs\HOSPITALMANAGEMENT_GROUP3\system\CLI\Commands.php(74): CodeIgniter\Commands\Database\Migrate->run(Array)
#9 C:\xampp\htdocs\HOSPITALMANAGEMENT_GROUP3\system\CLI\Console.php(47): CodeIgniter\CLI\Commands->run('migrate', Array)
#10 C:\xampp\htdocs\HOSPITALMANAGEMENT_GROUP3\system\Boot.php(388): CodeIgniter\CLI\Console->run()
#11 C:\xampp\htdocs\HOSPITALMANAGEMENT_GROUP3\system\Boot.php(133): CodeIgniter\Boot::runCommand(Object(CodeIgniter\CLI\Console))
#12 C:\xampp\htdocs\HOSPITALMANAGEMENT_GROUP3\spark(87): CodeIgniter\Boot::bootSpark(Object(Config\Paths))
#13 {main}
ERROR - 2025-12-04 11:38:53 --> mysqli_sql_exception: Table 'hmsdb.lab_requests' doesn't exist in C:\xampp\htdocs\HOSPITALMANAGEMENT_GROUP3\system\Database\MySQLi\Connection.php:327
Stack trace:
#0 C:\xampp\htdocs\HOSPITALMANAGEMENT_GROUP3\system\Database\MySQLi\Connection.php(327): mysqli->query('ALTER TABLE `la...', 0)
#1 C:\xampp\htdocs\HOSPITALMANAGEMENT_GROUP3\system\Database\BaseConnection.php(729): CodeIgniter\Database\MySQLi\Connection->execute('ALTER TABLE `la...')
#2 C:\xampp\htdocs\HOSPITALMANAGEMENT_GROUP3\system\Database\BaseConnection.php(646): CodeIgniter\Database\BaseConnection->simpleQuery('ALTER TABLE `la...')
#3 C:\xampp\htdocs\HOSPITALMANAGEMENT_GROUP3\system\Database\Forge.php(772): CodeIgniter\Database\BaseConnection->query('ALTER TABLE `la...')
#4 C:\xampp\htdocs\HOSPITALMANAGEMENT_GROUP3\app\Database\Migrations\2025-12-05-000000_AddAppointmentIdToLabRequestsTable.php(11): CodeIgniter\Database\Forge->addColumn('lab_requests', Array)
#5 C:\xampp\htdocs\HOSPITALMANAGEMENT_GROUP3\system\Database\MigrationRunner.php(876): App\Database\Migrations\AddAppointmentIdToLabRequestsTable->up()
#6 C:\xampp\htdocs\HOSPITALMANAGEMENT_GROUP3\system\Database\MigrationRunner.php(182): CodeIgniter\Database\MigrationRunner->migrate('up', Object(stdClass))
#7 C:\xampp\htdocs\HOSPITALMANAGEMENT_GROUP3\system\Commands\Database\Migrate.php(85): CodeIgniter\Database\MigrationRunner->latest(NULL)
#8 C:\xampp\htdocs\HOSPITALMANAGEMENT_GROUP3\system\CLI\Commands.php(74): CodeIgniter\Commands\Database\Migrate->run(Array)
#9 C:\xampp\htdocs\HOSPITALMANAGEMENT_GROUP3\system\CLI\Console.php(47): CodeIgniter\CLI\Commands->run('migrate', Array)
#10 C:\xampp\htdocs\HOSPITALMANAGEMENT_GROUP3\system\Boot.php(388): CodeIgniter\CLI\Console->run()
#11 C:\xampp\htdocs\HOSPITALMANAGEMENT_GROUP3\system\Boot.php(133): CodeIgniter\Boot::runCommand(Object(CodeIgniter\CLI\Console))
#12 C:\xampp\htdocs\HOSPITALMANAGEMENT_GROUP3\spark(87): CodeIgniter\Boot::bootSpark(Object(Config\Paths))
#13 {main}
ERROR - 2025-12-04 11:40:05 --> mysqli_sql_exception: Table 'hmsdb.lab_requests' doesn't exist in C:\xampp\htdocs\HOSPITALMANAGEMENT_GROUP3\system\Database\MySQLi\Connection.php:327
Stack trace:
#0 C:\xampp\htdocs\HOSPITALMANAGEMENT_GROUP3\system\Database\MySQLi\Connection.php(327): mysqli->query('ALTER TABLE `la...', 0)
#1 C:\xampp\htdocs\HOSPITALMANAGEMENT_GROUP3\system\Database\BaseConnection.php(729): CodeIgniter\Database\MySQLi\Connection->execute('ALTER TABLE `la...')
#2 C:\xampp\htdocs\HOSPITALMANAGEMENT_GROUP3\system\Database\BaseConnection.php(646): CodeIgniter\Database\BaseConnection->simpleQuery('ALTER TABLE `la...')
#3 C:\xampp\htdocs\HOSPITALMANAGEMENT_GROUP3\system\Database\Forge.php(772): CodeIgniter\Database\BaseConnection->query('ALTER TABLE `la...')
#4 C:\xampp\htdocs\HOSPITALMANAGEMENT_GROUP3\app\Database\Migrations\2025-12-05-000000_AddAppointmentIdToLabRequestsTable.php(11): CodeIgniter\Database\Forge->addColumn('lab_requests', Array)
#5 C:\xampp\htdocs\HOSPITALMANAGEMENT_GROUP3\system\Database\MigrationRunner.php(876): App\Database\Migrations\AddAppointmentIdToLabRequestsTable->up()
#6 C:\xampp\htdocs\HOSPITALMANAGEMENT_GROUP3\system\Database\MigrationRunner.php(182): CodeIgniter\Database\MigrationRunner->migrate('up', Object(stdClass))
#7 C:\xampp\htdocs\HOSPITALMANAGEMENT_GROUP3\system\Commands\Database\Migrate.php(85): CodeIgniter\Database\MigrationRunner->latest(NULL)
#8 C:\xampp\htdocs\HOSPITALMANAGEMENT_GROUP3\system\CLI\Commands.php(74): CodeIgniter\Commands\Database\Migrate->run(Array)
#9 C:\xampp\htdocs\HOSPITALMANAGEMENT_GROUP3\system\CLI\Console.php(47): CodeIgniter\CLI\Commands->run('migrate', Array)
#10 C:\xampp\htdocs\HOSPITALMANAGEMENT_GROUP3\system\Boot.php(388): CodeIgniter\CLI\Console->run()
#11 C:\xampp\htdocs\HOSPITALMANAGEMENT_GROUP3\system\Boot.php(133): CodeIgniter\Boot::runCommand(Object(CodeIgniter\CLI\Console))
#12 C:\xampp\htdocs\HOSPITALMANAGEMENT_GROUP3\spark(87): CodeIgniter\Boot::bootSpark(Object(Config\Paths))
#13 {main}
ERROR - 2025-12-04 11:46:07 --> mysqli_sql_exception: Table 'hmsdb.lab_requests' doesn't exist in C:\xampp\htdocs\HOSPITALMANAGEMENT_GROUP3\system\Database\MySQLi\Connection.php:327
Stack trace:
#0 C:\xampp\htdocs\HOSPITALMANAGEMENT_GROUP3\system\Database\MySQLi\Connection.php(327): mysqli->query('ALTER TABLE `la...', 0)
#1 C:\xampp\htdocs\HOSPITALMANAGEMENT_GROUP3\system\Database\BaseConnection.php(729): CodeIgniter\Database\MySQLi\Connection->execute('ALTER TABLE `la...')
#2 C:\xampp\htdocs\HOSPITALMANAGEMENT_GROUP3\system\Database\BaseConnection.php(646): CodeIgniter\Database\BaseConnection->simpleQuery('ALTER TABLE `la...')
#3 C:\xampp\htdocs\HOSPITALMANAGEMENT_GROUP3\system\Database\Forge.php(772): CodeIgniter\Database\BaseConnection->query('ALTER TABLE `la...')
#4 C:\xampp\htdocs\HOSPITALMANAGEMENT_GROUP3\app\Database\Migrations\2025-12-05-000000_AddAppointmentIdToLabRequestsTable.php(11): CodeIgniter\Database\Forge->addColumn('lab_requests', Array)
#5 C:\xampp\htdocs\HOSPITALMANAGEMENT_GROUP3\system\Database\MigrationRunner.php(876): App\Database\Migrations\AddAppointmentIdToLabRequestsTable->up()
#6 C:\xampp\htdocs\HOSPITALMANAGEMENT_GROUP3\system\Database\MigrationRunner.php(182): CodeIgniter\Database\MigrationRunner->migrate('up', Object(stdClass))
#7 C:\xampp\htdocs\HOSPITALMANAGEMENT_GROUP3\system\Commands\Database\Migrate.php(85): CodeIgniter\Database\MigrationRunner->latest(NULL)
#8 C:\xampp\htdocs\HOSPITALMANAGEMENT_GROUP3\system\CLI\Commands.php(74): CodeIgniter\Commands\Database\Migrate->run(Array)
#9 C:\xampp\htdocs\HOSPITALMANAGEMENT_GROUP3\system\CLI\Console.php(47): CodeIgniter\CLI\Commands->run('migrate', Array)
#10 C:\xampp\htdocs\HOSPITALMANAGEMENT_GROUP3\system\Boot.php(388): CodeIgniter\CLI\Console->run()
#11 C:\xampp\htdocs\HOSPITALMANAGEMENT_GROUP3\system\Boot.php(133): CodeIgniter\Boot::runCommand(Object(CodeIgniter\CLI\Console))
#12 C:\xampp\htdocs\HOSPITALMANAGEMENT_GROUP3\spark(87): CodeIgniter\Boot::bootSpark(Object(Config\Paths))
#13 {main}
CRITICAL - 2025-12-04 11:47:31 --> ErrorException: Cannot declare class App\Database\Migrations\AddVitalsToPatients, because the name is already in use
[Method: CLI, Route: migrate:refresh]
in APPPATH\Database\Migrations\2025-09-12-000000_AddVitalsToPatients.php on line 7.
 1 [internal function]: CodeIgniter\Debug\Exceptions->shutdownHandler()
ERROR - 2025-12-04 11:48:11 --> mysqli_sql_exception: Unknown table 'hmsdb.lab_records' in C:\xampp\htdocs\HOSPITALMANAGEMENT_GROUP3\system\Database\MySQLi\Connection.php:327
Stack trace:
#0 C:\xampp\htdocs\HOSPITALMANAGEMENT_GROUP3\system\Database\MySQLi\Connection.php(327): mysqli->query('DROP TABLE `lab...', 0)
#1 C:\xampp\htdocs\HOSPITALMANAGEMENT_GROUP3\system\Database\BaseConnection.php(729): CodeIgniter\Database\MySQLi\Connection->execute('DROP TABLE `lab...')
#2 C:\xampp\htdocs\HOSPITALMANAGEMENT_GROUP3\system\Database\BaseConnection.php(646): CodeIgniter\Database\BaseConnection->simpleQuery('DROP TABLE `lab...')
#3 C:\xampp\htdocs\HOSPITALMANAGEMENT_GROUP3\system\Database\Forge.php(663): CodeIgniter\Database\BaseConnection->query('DROP TABLE `lab...')
#4 C:\xampp\htdocs\HOSPITALMANAGEMENT_GROUP3\app\Database\Migrations\2025-09-08-183105_CreateLabRecordsTable.php(26): CodeIgniter\Database\Forge->dropTable('lab_records')
#5 C:\xampp\htdocs\HOSPITALMANAGEMENT_GROUP3\system\Database\MigrationRunner.php(876): App\Database\Migrations\CreateLabRecordsTable->down()
#6 C:\xampp\htdocs\HOSPITALMANAGEMENT_GROUP3\system\Database\MigrationRunner.php(289): CodeIgniter\Database\MigrationRunner->migrate('down', Object(stdClass))
#7 C:\xampp\htdocs\HOSPITALMANAGEMENT_GROUP3\system\Commands\Database\MigrateRollback.php(101): CodeIgniter\Database\MigrationRunner->regress(0)
#8 C:\xampp\htdocs\HOSPITALMANAGEMENT_GROUP3\system\CLI\Commands.php(74): CodeIgniter\Commands\Database\MigrateRollback->run(Array)
#9 C:\xampp\htdocs\HOSPITALMANAGEMENT_GROUP3\system\CLI\BaseCommand.php(119): CodeIgniter\CLI\Commands->run('migrate:rollbac...', Array)
#10 C:\xampp\htdocs\HOSPITALMANAGEMENT_GROUP3\system\Commands\Database\MigrateRefresh.php(86): CodeIgniter\CLI\BaseCommand->call('migrate:rollbac...', Array)
#11 C:\xampp\htdocs\HOSPITALMANAGEMENT_GROUP3\system\CLI\Commands.php(74): CodeIgniter\Commands\Database\MigrateRefresh->run(Array)
#12 C:\xampp\htdocs\HOSPITALMANAGEMENT_GROUP3\system\CLI\Console.php(47): CodeIgniter\CLI\Commands->run('migrate:refresh', Array)
#13 C:\xampp\htdocs\HOSPITALMANAGEMENT_GROUP3\system\Boot.php(388): CodeIgniter\CLI\Console->run()
#14 C:\xampp\htdocs\HOSPITALMANAGEMENT_GROUP3\system\Boot.php(133): CodeIgniter\Boot::runCommand(Object(CodeIgniter\CLI\Console))
#15 C:\xampp\htdocs\HOSPITALMANAGEMENT_GROUP3\spark(87): CodeIgniter\Boot::bootSpark(Object(Config\Paths))
#16 {main}
CRITICAL - 2025-12-04 11:48:11 --> ErrorException: Cannot declare class App\Database\Migrations\AddVitalsToPatients, because the name is already in use
[Method: CLI, Route: migrate:refresh]
in APPPATH\Database\Migrations\20231202000000_AddVitalsToPatients.php on line 7.
 1 [internal function]: CodeIgniter\Debug\Exceptions->shutdownHandler()
ERROR - 2025-12-04 12:23:04 --> mysqli_sql_exception: Table 'hmsdb.patients' doesn't exist in C:\xampp\htdocs\HOSPITALMANAGEMENT_GROUP3\system\Database\MySQLi\Connection.php:327
Stack trace:
#0 C:\xampp\htdocs\HOSPITALMANAGEMENT_GROUP3\system\Database\MySQLi\Connection.php(327): mysqli->query('SHOW COLUMNS FR...', 0)
#1 C:\xampp\htdocs\HOSPITALMANAGEMENT_GROUP3\system\Database\BaseConnection.php(729): CodeIgniter\Database\MySQLi\Connection->execute('SHOW COLUMNS FR...')
#2 C:\xampp\htdocs\HOSPITALMANAGEMENT_GROUP3\system\Database\BaseConnection.php(646): CodeIgniter\Database\BaseConnection->simpleQuery('SHOW COLUMNS FR...')
#3 C:\xampp\htdocs\HOSPITALMANAGEMENT_GROUP3\system\Database\BaseConnection.php(1606): CodeIgniter\Database\BaseConnection->query('SHOW COLUMNS FR...')
#4 C:\xampp\htdocs\HOSPITALMANAGEMENT_GROUP3\app\Database\Migrations\20231202000000_AddVitalsToPatients.php(12): CodeIgniter\Database\BaseConnection->getFieldNames('patients')
#5 C:\xampp\htdocs\HOSPITALMANAGEMENT_GROUP3\system\Database\MigrationRunner.php(876): App\Database\Migrations\AddVitalsToPatients->up()
#6 C:\xampp\htdocs\HOSPITALMANAGEMENT_GROUP3\system\Database\MigrationRunner.php(182): CodeIgniter\Database\MigrationRunner->migrate('up', Object(stdClass))
#7 C:\xampp\htdocs\HOSPITALMANAGEMENT_GROUP3\system\Commands\Database\Migrate.php(85): CodeIgniter\Database\MigrationRunner->latest(NULL)
#8 C:\xampp\htdocs\HOSPITALMANAGEMENT_GROUP3\system\CLI\Commands.php(74): CodeIgniter\Commands\Database\Migrate->run(Array)
#9 C:\xampp\htdocs\HOSPITALMANAGEMENT_GROUP3\system\CLI\Console.php(47): CodeIgniter\CLI\Commands->run('migrate', Array)
#10 C:\xampp\htdocs\HOSPITALMANAGEMENT_GROUP3\system\Boot.php(388): CodeIgniter\CLI\Console->run()
#11 C:\xampp\htdocs\HOSPITALMANAGEMENT_GROUP3\system\Boot.php(133): CodeIgniter\Boot::runCommand(Object(CodeIgniter\CLI\Console))
#12 C:\xampp\htdocs\HOSPITALMANAGEMENT_GROUP3\spark(87): CodeIgniter\Boot::bootSpark(Object(Config\Paths))
#13 {main}
ERROR - 2025-12-04 12:23:07 --> mysqli_sql_exception: Table 'hmsdb.patients' doesn't exist in C:\xampp\htdocs\HOSPITALMANAGEMENT_GROUP3\system\Database\MySQLi\Connection.php:327
Stack trace:
#0 C:\xampp\htdocs\HOSPITALMANAGEMENT_GROUP3\system\Database\MySQLi\Connection.php(327): mysqli->query('SHOW COLUMNS FR...', 0)
#1 C:\xampp\htdocs\HOSPITALMANAGEMENT_GROUP3\system\Database\BaseConnection.php(729): CodeIgniter\Database\MySQLi\Connection->execute('SHOW COLUMNS FR...')
#2 C:\xampp\htdocs\HOSPITALMANAGEMENT_GROUP3\system\Database\BaseConnection.php(646): CodeIgniter\Database\BaseConnection->simpleQuery('SHOW COLUMNS FR...')
#3 C:\xampp\htdocs\HOSPITALMANAGEMENT_GROUP3\system\Database\BaseConnection.php(1606): CodeIgniter\Database\BaseConnection->query('SHOW COLUMNS FR...')
#4 C:\xampp\htdocs\HOSPITALMANAGEMENT_GROUP3\app\Database\Migrations\20231202000000_AddVitalsToPatients.php(12): CodeIgniter\Database\BaseConnection->getFieldNames('patients')
#5 C:\xampp\htdocs\HOSPITALMANAGEMENT_GROUP3\system\Database\MigrationRunner.php(876): App\Database\Migrations\AddVitalsToPatients->up()
#6 C:\xampp\htdocs\HOSPITALMANAGEMENT_GROUP3\system\Database\MigrationRunner.php(182): CodeIgniter\Database\MigrationRunner->migrate('up', Object(stdClass))
#7 C:\xampp\htdocs\HOSPITALMANAGEMENT_GROUP3\system\Commands\Database\Migrate.php(85): CodeIgniter\Database\MigrationRunner->latest(NULL)
#8 C:\xampp\htdocs\HOSPITALMANAGEMENT_GROUP3\system\CLI\Commands.php(74): CodeIgniter\Commands\Database\Migrate->run(Array)
#9 C:\xampp\htdocs\HOSPITALMANAGEMENT_GROUP3\system\CLI\Console.php(47): CodeIgniter\CLI\Commands->run('migrate', Array)
#10 C:\xampp\htdocs\HOSPITALMANAGEMENT_GROUP3\system\Boot.php(388): CodeIgniter\CLI\Console->run()
#11 C:\xampp\htdocs\HOSPITALMANAGEMENT_GROUP3\system\Boot.php(133): CodeIgniter\Boot::runCommand(Object(CodeIgniter\CLI\Console))
#12 C:\xampp\htdocs\HOSPITALMANAGEMENT_GROUP3\spark(87): CodeIgniter\Boot::bootSpark(Object(Config\Paths))
#13 {main}
