CRITICAL - 2025-09-12 13:55:13 --> CodeIgniter\View\Exceptions\ViewException: Invalid file: "itstaff/dashboard.php"
[Method: GET, Route: itstaff/dashboard]
in SYSTEMPATH\Exceptions\FrameworkException.php on line 39.
 1 SYSTEMPATH\View\View.php(214): CodeIgniter\Exceptions\FrameworkException::forInvalidFile('itstaff/dashboard.php')
 2 SYSTEMPATH\Common.php(1167): CodeIgniter\View\View->render('itstaff/dashboard', [], true)
 3 APPPATH\Controllers\ITStaffController.php(20): view('itstaff/dashboard', [...])
 4 SYSTEMPATH\CodeIgniter.php(933): App\Controllers\ITStaffController->dashboard()
 5 SYSTEMPATH\CodeIgniter.php(507): CodeIgniter\CodeIgniter->runController(Object(App\Controllers\ITStaffController))
 6 SYSTEMPATH\CodeIgniter.php(354): CodeIgniter\CodeIgniter->handleRequest(null, Object(Config\Cache), false)
 7 SYSTEMPATH\Boot.php(363): CodeIgniter\CodeIgniter->run()
 8 SYSTEMPATH\Boot.php(68): CodeIgniter\Boot::runCodeIgniter(Object(CodeIgniter\CodeIgniter))
 9 FCPATH\index.php(59): CodeIgniter\Boot::bootWeb(Object(Config\Paths))
10 SYSTEMPATH\rewrite.php(44): require_once('C:\\xampp\\htdocs\\HOSPITALMANAGEMENT_GROUP3\\public\\index.php')
CRITICAL - 2025-09-12 13:56:13 --> CodeIgniter\View\Exceptions\ViewException: Invalid file: "itstaff/settings.php"
[Method: GET, Route: itstaff/settings]
in SYSTEMPATH\Exceptions\FrameworkException.php on line 39.
 1 SYSTEMPATH\View\View.php(214): CodeIgniter\Exceptions\FrameworkException::forInvalidFile('itstaff/settings.php')
 2 SYSTEMPATH\Common.php(1167): CodeIgniter\View\View->render('itstaff/settings', [], true)
 3 APPPATH\Controllers\ITStaffController.php(83): view('itstaff/settings')
 4 SYSTEMPATH\CodeIgniter.php(933): App\Controllers\ITStaffController->settings()
 5 SYSTEMPATH\CodeIgniter.php(507): CodeIgniter\CodeIgniter->runController(Object(App\Controllers\ITStaffController))
 6 SYSTEMPATH\CodeIgniter.php(354): CodeIgniter\CodeIgniter->handleRequest(null, Object(Config\Cache), false)
 7 SYSTEMPATH\Boot.php(363): CodeIgniter\CodeIgniter->run()
 8 SYSTEMPATH\Boot.php(68): CodeIgniter\Boot::runCodeIgniter(Object(CodeIgniter\CodeIgniter))
 9 FCPATH\index.php(59): CodeIgniter\Boot::bootWeb(Object(Config\Paths))
10 SYSTEMPATH\rewrite.php(44): require_once('C:\\xampp\\htdocs\\HOSPITALMANAGEMENT_GROUP3\\public\\index.php')
CRITICAL - 2025-09-12 14:01:46 --> CodeIgniter\View\Exceptions\ViewException: Invalid file: "accountant/dashboard.php"
[Method: GET, Route: accountant/dashboard]
in SYSTEMPATH\Exceptions\FrameworkException.php on line 39.
 1 SYSTEMPATH\View\View.php(214): CodeIgniter\Exceptions\FrameworkException::forInvalidFile('accountant/dashboard.php')
 2 SYSTEMPATH\Common.php(1167): CodeIgniter\View\View->render('accountant/dashboard', [], true)
 3 APPPATH\Controllers\AccountantController.php(21): view('accountant/dashboard', [...])
 4 SYSTEMPATH\CodeIgniter.php(933): App\Controllers\AccountantController->dashboard()
 5 SYSTEMPATH\CodeIgniter.php(507): CodeIgniter\CodeIgniter->runController(Object(App\Controllers\AccountantController))
 6 SYSTEMPATH\CodeIgniter.php(354): CodeIgniter\CodeIgniter->handleRequest(null, Object(Config\Cache), false)
 7 SYSTEMPATH\Boot.php(363): CodeIgniter\CodeIgniter->run()
 8 SYSTEMPATH\Boot.php(68): CodeIgniter\Boot::runCodeIgniter(Object(CodeIgniter\CodeIgniter))
 9 FCPATH\index.php(59): CodeIgniter\Boot::bootWeb(Object(Config\Paths))
10 SYSTEMPATH\rewrite.php(44): require_once('C:\\xampp\\htdocs\\HOSPITALMANAGEMENT_GROUP3\\public\\index.php')
