CRITICAL - 2025-12-02 05:54:37 --> CodeIgniter\Cache\Exceptions\CacheException: Cache unable to write to "C:\xampp\htdocs\HOSPITALMANAGEMENT_GROUP3\writable\cache/".
[Method: GET, Route: /]
in SYSTEMPATH\Cache\Handlers\FileHandler.php on line 66.
 1 SYSTEMPATH\Cache\Handlers\FileHandler.php(66): CodeIgniter\Cache\Exceptions\CacheException::forUnableToWrite('C:\\xampp\\htdocs\\HOSPITALMANAGEMENT_GROUP3\\writable\\cache/')
 2 SYSTEMPATH\Cache\CacheFactory.php(67): CodeIgniter\Cache\Handlers\FileHandler->__construct(Object(Config\Cache))
 3 SYSTEMPATH\Config\Services.php(129): CodeIgniter\Cache\CacheFactory::getHandler(Object(Config\Cache))
 4 SYSTEMPATH\Config\BaseService.php(312): CodeIgniter\Config\Services::cache(Object(Config\Cache), false)
 5 SYSTEMPATH\Config\BaseService.php(251): CodeIgniter\Config\BaseService::__callStatic('cache', [...])
 6 SYSTEMPATH\Config\Services.php(124): CodeIgniter\Config\BaseService::getSharedInstance('cache', null)
 7 SYSTEMPATH\Config\BaseService.php(321): CodeIgniter\Config\Services::cache()
 8 SYSTEMPATH\Config\BaseService.php(202): CodeIgniter\Config\BaseService::__callStatic('cache', [])
 9 SYSTEMPATH\Config\Services.php(454): CodeIgniter\Config\BaseService::get('cache')
10 SYSTEMPATH\Config\BaseService.php(312): CodeIgniter\Config\Services::responsecache(Object(Config\Cache), null, false)
11 SYSTEMPATH\Config\BaseService.php(251): CodeIgniter\Config\BaseService::__callStatic('responsecache', [...])
12 SYSTEMPATH\Config\Services.php(450): CodeIgniter\Config\BaseService::getSharedInstance('responsecache', null, null)
13 SYSTEMPATH\Config\BaseService.php(321): CodeIgniter\Config\Services::responsecache()
14 SYSTEMPATH\CodeIgniter.php(178): CodeIgniter\Config\BaseService::__callStatic('responsecache', [])
15 SYSTEMPATH\Config\Services.php(164): CodeIgniter\CodeIgniter->__construct(Object(Config\App))
16 SYSTEMPATH\Config\BaseService.php(312): CodeIgniter\Config\Services::codeigniter(Object(Config\App), false)
17 SYSTEMPATH\Config\BaseService.php(251): CodeIgniter\Config\BaseService::__callStatic('codeigniter', [...])
18 SYSTEMPATH\Config\Services.php(159): CodeIgniter\Config\BaseService::getSharedInstance('codeigniter', null)
19 SYSTEMPATH\Config\BaseService.php(321): CodeIgniter\Config\Services::codeigniter()
20 SYSTEMPATH\Config\BaseService.php(202): CodeIgniter\Config\BaseService::__callStatic('codeigniter', [])
21 SYSTEMPATH\Common.php(995): CodeIgniter\Config\BaseService::get('codeigniter')
22 SYSTEMPATH\Boot.php(349): service('codeigniter')
23 SYSTEMPATH\Boot.php(130): CodeIgniter\Boot::initializeCodeIgniter()
24 ROOTPATH\spark(87): CodeIgniter\Boot::bootSpark(Object(Config\Paths))
CRITICAL - 2025-12-02 05:55:56 --> CodeIgniter\Cache\Exceptions\CacheException: Cache unable to write to "C:\xampp\htdocs\HOSPITALMANAGEMENT_GROUP3\writable\cache/".
[Method: GET, Route: /]
in SYSTEMPATH\Cache\Handlers\FileHandler.php on line 66.
 1 SYSTEMPATH\Cache\Handlers\FileHandler.php(66): CodeIgniter\Cache\Exceptions\CacheException::forUnableToWrite('C:\\xampp\\htdocs\\HOSPITALMANAGEMENT_GROUP3\\writable\\cache/')
 2 SYSTEMPATH\Cache\CacheFactory.php(67): CodeIgniter\Cache\Handlers\FileHandler->__construct(Object(Config\Cache))
 3 SYSTEMPATH\Config\Services.php(129): CodeIgniter\Cache\CacheFactory::getHandler(Object(Config\Cache))
 4 SYSTEMPATH\Config\BaseService.php(312): CodeIgniter\Config\Services::cache(Object(Config\Cache), false)
 5 SYSTEMPATH\Config\BaseService.php(251): CodeIgniter\Config\BaseService::__callStatic('cache', [...])
 6 SYSTEMPATH\Config\Services.php(124): CodeIgniter\Config\BaseService::getSharedInstance('cache', null)
 7 SYSTEMPATH\Config\BaseService.php(321): CodeIgniter\Config\Services::cache()
 8 SYSTEMPATH\Config\BaseService.php(202): CodeIgniter\Config\BaseService::__callStatic('cache', [])
 9 SYSTEMPATH\Config\Services.php(454): CodeIgniter\Config\BaseService::get('cache')
10 SYSTEMPATH\Config\BaseService.php(312): CodeIgniter\Config\Services::responsecache(Object(Config\Cache), null, false)
11 SYSTEMPATH\Config\BaseService.php(251): CodeIgniter\Config\BaseService::__callStatic('responsecache', [...])
12 SYSTEMPATH\Config\Services.php(450): CodeIgniter\Config\BaseService::getSharedInstance('responsecache', null, null)
13 SYSTEMPATH\Config\BaseService.php(321): CodeIgniter\Config\Services::responsecache()
14 SYSTEMPATH\CodeIgniter.php(178): CodeIgniter\Config\BaseService::__callStatic('responsecache', [])
15 SYSTEMPATH\Config\Services.php(164): CodeIgniter\CodeIgniter->__construct(Object(Config\App))
16 SYSTEMPATH\Config\BaseService.php(312): CodeIgniter\Config\Services::codeigniter(Object(Config\App), false)
17 SYSTEMPATH\Config\BaseService.php(251): CodeIgniter\Config\BaseService::__callStatic('codeigniter', [...])
18 SYSTEMPATH\Config\Services.php(159): CodeIgniter\Config\BaseService::getSharedInstance('codeigniter', null)
19 SYSTEMPATH\Config\BaseService.php(321): CodeIgniter\Config\Services::codeigniter()
20 SYSTEMPATH\Config\BaseService.php(202): CodeIgniter\Config\BaseService::__callStatic('codeigniter', [])
21 SYSTEMPATH\Common.php(995): CodeIgniter\Config\BaseService::get('codeigniter')
22 SYSTEMPATH\Boot.php(349): service('codeigniter')
23 SYSTEMPATH\Boot.php(130): CodeIgniter\Boot::initializeCodeIgniter()
24 ROOTPATH\spark(87): CodeIgniter\Boot::bootSpark(Object(Config\Paths))
CRITICAL - 2025-12-02 05:56:04 --> CodeIgniter\Cache\Exceptions\CacheException: Cache unable to write to "C:\xampp\htdocs\HOSPITALMANAGEMENT_GROUP3\writable\cache/".
[Method: GET, Route: /]
in SYSTEMPATH\Cache\Handlers\FileHandler.php on line 66.
 1 SYSTEMPATH\Cache\Handlers\FileHandler.php(66): CodeIgniter\Cache\Exceptions\CacheException::forUnableToWrite('C:\\xampp\\htdocs\\HOSPITALMANAGEMENT_GROUP3\\writable\\cache/')
 2 SYSTEMPATH\Cache\CacheFactory.php(67): CodeIgniter\Cache\Handlers\FileHandler->__construct(Object(Config\Cache))
 3 SYSTEMPATH\Config\Services.php(129): CodeIgniter\Cache\CacheFactory::getHandler(Object(Config\Cache))
 4 SYSTEMPATH\Config\BaseService.php(312): CodeIgniter\Config\Services::cache(Object(Config\Cache), false)
 5 SYSTEMPATH\Config\BaseService.php(251): CodeIgniter\Config\BaseService::__callStatic('cache', [...])
 6 SYSTEMPATH\Config\Services.php(124): CodeIgniter\Config\BaseService::getSharedInstance('cache', null)
 7 SYSTEMPATH\Config\BaseService.php(321): CodeIgniter\Config\Services::cache()
 8 SYSTEMPATH\Config\BaseService.php(202): CodeIgniter\Config\BaseService::__callStatic('cache', [])
 9 SYSTEMPATH\Config\Services.php(454): CodeIgniter\Config\BaseService::get('cache')
10 SYSTEMPATH\Config\BaseService.php(312): CodeIgniter\Config\Services::responsecache(Object(Config\Cache), null, false)
11 SYSTEMPATH\Config\BaseService.php(251): CodeIgniter\Config\BaseService::__callStatic('responsecache', [...])
12 SYSTEMPATH\Config\Services.php(450): CodeIgniter\Config\BaseService::getSharedInstance('responsecache', null, null)
13 SYSTEMPATH\Config\BaseService.php(321): CodeIgniter\Config\Services::responsecache()
14 SYSTEMPATH\CodeIgniter.php(178): CodeIgniter\Config\BaseService::__callStatic('responsecache', [])
15 SYSTEMPATH\Config\Services.php(164): CodeIgniter\CodeIgniter->__construct(Object(Config\App))
16 SYSTEMPATH\Config\BaseService.php(312): CodeIgniter\Config\Services::codeigniter(Object(Config\App), false)
17 SYSTEMPATH\Config\BaseService.php(251): CodeIgniter\Config\BaseService::__callStatic('codeigniter', [...])
18 SYSTEMPATH\Config\Services.php(159): CodeIgniter\Config\BaseService::getSharedInstance('codeigniter', null)
19 SYSTEMPATH\Config\BaseService.php(321): CodeIgniter\Config\Services::codeigniter()
20 SYSTEMPATH\Config\BaseService.php(202): CodeIgniter\Config\BaseService::__callStatic('codeigniter', [])
21 SYSTEMPATH\Common.php(995): CodeIgniter\Config\BaseService::get('codeigniter')
22 SYSTEMPATH\Boot.php(349): service('codeigniter')
23 SYSTEMPATH\Boot.php(130): CodeIgniter\Boot::initializeCodeIgniter()
24 ROOTPATH\spark(87): CodeIgniter\Boot::bootSpark(Object(Config\Paths))
CRITICAL - 2025-12-02 05:56:20 --> CodeIgniter\Cache\Exceptions\CacheException: Cache unable to write to "C:\xampp\htdocs\HOSPITALMANAGEMENT_GROUP3\writable\cache/".
[Method: GET, Route: /]
in SYSTEMPATH\Cache\Handlers\FileHandler.php on line 66.
 1 SYSTEMPATH\Cache\Handlers\FileHandler.php(66): CodeIgniter\Cache\Exceptions\CacheException::forUnableToWrite('C:\\xampp\\htdocs\\HOSPITALMANAGEMENT_GROUP3\\writable\\cache/')
 2 SYSTEMPATH\Cache\CacheFactory.php(67): CodeIgniter\Cache\Handlers\FileHandler->__construct(Object(Config\Cache))
 3 SYSTEMPATH\Config\Services.php(129): CodeIgniter\Cache\CacheFactory::getHandler(Object(Config\Cache))
 4 SYSTEMPATH\Config\BaseService.php(312): CodeIgniter\Config\Services::cache(Object(Config\Cache), false)
 5 SYSTEMPATH\Config\BaseService.php(251): CodeIgniter\Config\BaseService::__callStatic('cache', [...])
 6 SYSTEMPATH\Config\Services.php(124): CodeIgniter\Config\BaseService::getSharedInstance('cache', null)
 7 SYSTEMPATH\Config\BaseService.php(321): CodeIgniter\Config\Services::cache()
 8 SYSTEMPATH\Config\BaseService.php(202): CodeIgniter\Config\BaseService::__callStatic('cache', [])
 9 SYSTEMPATH\Config\Services.php(454): CodeIgniter\Config\BaseService::get('cache')
10 SYSTEMPATH\Config\BaseService.php(312): CodeIgniter\Config\Services::responsecache(Object(Config\Cache), null, false)
11 SYSTEMPATH\Config\BaseService.php(251): CodeIgniter\Config\BaseService::__callStatic('responsecache', [...])
12 SYSTEMPATH\Config\Services.php(450): CodeIgniter\Config\BaseService::getSharedInstance('responsecache', null, null)
13 SYSTEMPATH\Config\BaseService.php(321): CodeIgniter\Config\Services::responsecache()
14 SYSTEMPATH\CodeIgniter.php(178): CodeIgniter\Config\BaseService::__callStatic('responsecache', [])
15 SYSTEMPATH\Config\Services.php(164): CodeIgniter\CodeIgniter->__construct(Object(Config\App))
16 SYSTEMPATH\Config\BaseService.php(312): CodeIgniter\Config\Services::codeigniter(Object(Config\App), false)
17 SYSTEMPATH\Config\BaseService.php(251): CodeIgniter\Config\BaseService::__callStatic('codeigniter', [...])
18 SYSTEMPATH\Config\Services.php(159): CodeIgniter\Config\BaseService::getSharedInstance('codeigniter', null)
19 SYSTEMPATH\Config\BaseService.php(321): CodeIgniter\Config\Services::codeigniter()
20 SYSTEMPATH\Config\BaseService.php(202): CodeIgniter\Config\BaseService::__callStatic('codeigniter', [])
21 SYSTEMPATH\Common.php(995): CodeIgniter\Config\BaseService::get('codeigniter')
22 SYSTEMPATH\Boot.php(349): service('codeigniter')
23 SYSTEMPATH\Boot.php(130): CodeIgniter\Boot::initializeCodeIgniter()
24 ROOTPATH\spark(87): CodeIgniter\Boot::bootSpark(Object(Config\Paths))
CRITICAL - 2025-12-02 05:58:34 --> CodeIgniter\Cache\Exceptions\CacheException: Cache unable to write to "C:\xampp\htdocs\HOSPITALMANAGEMENT_GROUP3\writable\cache/".
[Method: GET, Route: /]
in SYSTEMPATH\Cache\Handlers\FileHandler.php on line 66.
 1 SYSTEMPATH\Cache\Handlers\FileHandler.php(66): CodeIgniter\Cache\Exceptions\CacheException::forUnableToWrite('C:\\xampp\\htdocs\\HOSPITALMANAGEMENT_GROUP3\\writable\\cache/')
 2 SYSTEMPATH\Cache\CacheFactory.php(67): CodeIgniter\Cache\Handlers\FileHandler->__construct(Object(Config\Cache))
 3 SYSTEMPATH\Config\Services.php(129): CodeIgniter\Cache\CacheFactory::getHandler(Object(Config\Cache))
 4 SYSTEMPATH\Config\BaseService.php(312): CodeIgniter\Config\Services::cache(Object(Config\Cache), false)
 5 SYSTEMPATH\Config\BaseService.php(251): CodeIgniter\Config\BaseService::__callStatic('cache', [...])
 6 SYSTEMPATH\Config\Services.php(124): CodeIgniter\Config\BaseService::getSharedInstance('cache', null)
 7 SYSTEMPATH\Config\BaseService.php(321): CodeIgniter\Config\Services::cache()
 8 SYSTEMPATH\Config\BaseService.php(202): CodeIgniter\Config\BaseService::__callStatic('cache', [])
 9 SYSTEMPATH\Config\Services.php(454): CodeIgniter\Config\BaseService::get('cache')
10 SYSTEMPATH\Config\BaseService.php(312): CodeIgniter\Config\Services::responsecache(Object(Config\Cache), null, false)
11 SYSTEMPATH\Config\BaseService.php(251): CodeIgniter\Config\BaseService::__callStatic('responsecache', [...])
12 SYSTEMPATH\Config\Services.php(450): CodeIgniter\Config\BaseService::getSharedInstance('responsecache', null, null)
13 SYSTEMPATH\Config\BaseService.php(321): CodeIgniter\Config\Services::responsecache()
14 SYSTEMPATH\CodeIgniter.php(178): CodeIgniter\Config\BaseService::__callStatic('responsecache', [])
15 SYSTEMPATH\Config\Services.php(164): CodeIgniter\CodeIgniter->__construct(Object(Config\App))
16 SYSTEMPATH\Config\BaseService.php(312): CodeIgniter\Config\Services::codeigniter(Object(Config\App), false)
17 SYSTEMPATH\Config\BaseService.php(251): CodeIgniter\Config\BaseService::__callStatic('codeigniter', [...])
18 SYSTEMPATH\Config\Services.php(159): CodeIgniter\Config\BaseService::getSharedInstance('codeigniter', null)
19 SYSTEMPATH\Config\BaseService.php(321): CodeIgniter\Config\Services::codeigniter()
20 SYSTEMPATH\Config\BaseService.php(202): CodeIgniter\Config\BaseService::__callStatic('codeigniter', [])
21 SYSTEMPATH\Common.php(995): CodeIgniter\Config\BaseService::get('codeigniter')
22 SYSTEMPATH\Boot.php(349): service('codeigniter')
23 SYSTEMPATH\Boot.php(130): CodeIgniter\Boot::initializeCodeIgniter()
24 ROOTPATH\spark(87): CodeIgniter\Boot::bootSpark(Object(Config\Paths))
ERROR - 2025-12-02 05:11:19 --> Staff not found for email: koko@gmail.com
ERROR - 2025-12-02 05:13:23 --> Staff not found for email: koko@gmail.com
CRITICAL - 2025-12-02 06:44:23 --> Error: Class "App\Models\NurseTaskModel" not found
[Method: POST, Route: nurse/patients/2/complete-task]
in APPPATH\Controllers\NurseController.php on line 318.
 1 SYSTEMPATH\CodeIgniter.php(933): App\Controllers\NurseController->completeTask('2')
 2 SYSTEMPATH\CodeIgniter.php(507): CodeIgniter\CodeIgniter->runController(Object(App\Controllers\NurseController))
 3 SYSTEMPATH\CodeIgniter.php(354): CodeIgniter\CodeIgniter->handleRequest(null, Object(Config\Cache), false)
 4 SYSTEMPATH\Boot.php(363): CodeIgniter\CodeIgniter->run()
 5 SYSTEMPATH\Boot.php(68): CodeIgniter\Boot::runCodeIgniter(Object(CodeIgniter\CodeIgniter))
 6 FCPATH\index.php(59): CodeIgniter\Boot::bootWeb(Object(Config\Paths))
 7 SYSTEMPATH\rewrite.php(44): require_once('C:\\xampp\\htdocs\\HOSPITALMANAGEMENT_GROUP3\\index.php')
CRITICAL - 2025-12-02 06:44:31 --> Error: Class "App\Models\NurseTaskModel" not found
[Method: POST, Route: nurse/patients/2/complete-task]
in APPPATH\Controllers\NurseController.php on line 318.
 1 SYSTEMPATH\CodeIgniter.php(933): App\Controllers\NurseController->completeTask('2')
 2 SYSTEMPATH\CodeIgniter.php(507): CodeIgniter\CodeIgniter->runController(Object(App\Controllers\NurseController))
 3 SYSTEMPATH\CodeIgniter.php(354): CodeIgniter\CodeIgniter->handleRequest(null, Object(Config\Cache), false)
 4 SYSTEMPATH\Boot.php(363): CodeIgniter\CodeIgniter->run()
 5 SYSTEMPATH\Boot.php(68): CodeIgniter\Boot::runCodeIgniter(Object(CodeIgniter\CodeIgniter))
 6 FCPATH\index.php(59): CodeIgniter\Boot::bootWeb(Object(Config\Paths))
 7 SYSTEMPATH\rewrite.php(44): require_once('C:\\xampp\\htdocs\\HOSPITALMANAGEMENT_GROUP3\\index.php')
CRITICAL - 2025-12-02 06:44:55 --> CodeIgniter\Database\Exceptions\DataException: There is no data to update.
[Method: POST, Route: nurse/patients/vitals/2/save]
in SYSTEMPATH\BaseModel.php on line 1008.
 1 SYSTEMPATH\BaseModel.php(1008): CodeIgniter\Database\Exceptions\DataException::forEmptyDataset('update')
 2 SYSTEMPATH\Model.php(860): CodeIgniter\BaseModel->update([...], [])
 3 SYSTEMPATH\BaseModel.php(749): CodeIgniter\Model->update('2', [...])
 4 APPPATH\Controllers\NurseController.php(297): CodeIgniter\BaseModel->save([...])
 5 SYSTEMPATH\CodeIgniter.php(933): App\Controllers\NurseController->saveVitals('2')
 6 SYSTEMPATH\CodeIgniter.php(507): CodeIgniter\CodeIgniter->runController(Object(App\Controllers\NurseController))
 7 SYSTEMPATH\CodeIgniter.php(354): CodeIgniter\CodeIgniter->handleRequest(null, Object(Config\Cache), false)
 8 SYSTEMPATH\Boot.php(363): CodeIgniter\CodeIgniter->run()
 9 SYSTEMPATH\Boot.php(68): CodeIgniter\Boot::runCodeIgniter(Object(CodeIgniter\CodeIgniter))
10 FCPATH\index.php(59): CodeIgniter\Boot::bootWeb(Object(Config\Paths))
11 SYSTEMPATH\rewrite.php(44): require_once('C:\\xampp\\htdocs\\HOSPITALMANAGEMENT_GROUP3\\index.php')
ERROR - 2025-12-02 06:47:27 --> mysqli_sql_exception: Unknown column 'blood_pressure' in 'field list' in C:\xampp\htdocs\HOSPITALMANAGEMENT_GROUP3\system\Database\MySQLi\Connection.php:327
Stack trace:
#0 C:\xampp\htdocs\HOSPITALMANAGEMENT_GROUP3\system\Database\MySQLi\Connection.php(327): mysqli->query('UPDATE `patient...', 0)
#1 C:\xampp\htdocs\HOSPITALMANAGEMENT_GROUP3\system\Database\BaseConnection.php(729): CodeIgniter\Database\MySQLi\Connection->execute('UPDATE `patient...')
#2 C:\xampp\htdocs\HOSPITALMANAGEMENT_GROUP3\system\Database\BaseConnection.php(646): CodeIgniter\Database\BaseConnection->simpleQuery('UPDATE `patient...')
#3 C:\xampp\htdocs\HOSPITALMANAGEMENT_GROUP3\system\Database\BaseBuilder.php(2521): CodeIgniter\Database\BaseConnection->query('UPDATE `patient...', Array, false)
#4 C:\xampp\htdocs\HOSPITALMANAGEMENT_GROUP3\system\Model.php(461): CodeIgniter\Database\BaseBuilder->update()
#5 C:\xampp\htdocs\HOSPITALMANAGEMENT_GROUP3\system\BaseModel.php(1025): CodeIgniter\Model->doUpdate(Array, Array)
#6 C:\xampp\htdocs\HOSPITALMANAGEMENT_GROUP3\system\Model.php(860): CodeIgniter\BaseModel->update(Array, Array)
#7 C:\xampp\htdocs\HOSPITALMANAGEMENT_GROUP3\system\BaseModel.php(749): CodeIgniter\Model->update('2', Array)
#8 C:\xampp\htdocs\HOSPITALMANAGEMENT_GROUP3\app\Controllers\NurseController.php(297): CodeIgniter\BaseModel->save(Array)
#9 C:\xampp\htdocs\HOSPITALMANAGEMENT_GROUP3\system\CodeIgniter.php(933): App\Controllers\NurseController->saveVitals('2')
#10 C:\xampp\htdocs\HOSPITALMANAGEMENT_GROUP3\system\CodeIgniter.php(507): CodeIgniter\CodeIgniter->runController(Object(App\Controllers\NurseController))
#11 C:\xampp\htdocs\HOSPITALMANAGEMENT_GROUP3\system\CodeIgniter.php(354): CodeIgniter\CodeIgniter->handleRequest(NULL, Object(Config\Cache), false)
#12 C:\xampp\htdocs\HOSPITALMANAGEMENT_GROUP3\system\Boot.php(363): CodeIgniter\CodeIgniter->run()
#13 C:\xampp\htdocs\HOSPITALMANAGEMENT_GROUP3\system\Boot.php(68): CodeIgniter\Boot::runCodeIgniter(Object(CodeIgniter\CodeIgniter))
#14 C:\xampp\htdocs\HOSPITALMANAGEMENT_GROUP3\index.php(59): CodeIgniter\Boot::bootWeb(Object(Config\Paths))
#15 C:\xampp\htdocs\HOSPITALMANAGEMENT_GROUP3\system\rewrite.php(44): require_once('C:\\xampp\\htdocs...')
#16 {main}
CRITICAL - 2025-12-02 06:47:27 --> CodeIgniter\Database\Exceptions\DatabaseException: Unknown column 'blood_pressure' in 'field list'
[Method: POST, Route: nurse/patients/vitals/2/save]
in SYSTEMPATH\Database\BaseConnection.php on line 684.
 1 SYSTEMPATH\Database\BaseBuilder.php(2521): CodeIgniter\Database\BaseConnection->query('UPDATE `patients` SET `blood_pressure` = :blood_pressure:, `temperature` = :temperature:, `pulse` = :pulse:, `respiratory_rate` = :respiratory_rate:, `oxygen_level` = :oxygen_level:, `weight` = :weight:, `height` = :height:, `notes` = :notes:, `updated_at` = :updated_at:
WHERE `patients`.`id` IN :patients.id:', [...], false)
 2 SYSTEMPATH\Model.php(461): CodeIgniter\Database\BaseBuilder->update()
 3 SYSTEMPATH\BaseModel.php(1025): CodeIgniter\Model->doUpdate([...], [...])
 4 SYSTEMPATH\Model.php(860): CodeIgniter\BaseModel->update([...], [...])
 5 SYSTEMPATH\BaseModel.php(749): CodeIgniter\Model->update('2', [...])
 6 APPPATH\Controllers\NurseController.php(297): CodeIgniter\BaseModel->save([...])
 7 SYSTEMPATH\CodeIgniter.php(933): App\Controllers\NurseController->saveVitals('2')
 8 SYSTEMPATH\CodeIgniter.php(507): CodeIgniter\CodeIgniter->runController(Object(App\Controllers\NurseController))
 9 SYSTEMPATH\CodeIgniter.php(354): CodeIgniter\CodeIgniter->handleRequest(null, Object(Config\Cache), false)
10 SYSTEMPATH\Boot.php(363): CodeIgniter\CodeIgniter->run()
11 SYSTEMPATH\Boot.php(68): CodeIgniter\Boot::runCodeIgniter(Object(CodeIgniter\CodeIgniter))
12 FCPATH\index.php(59): CodeIgniter\Boot::bootWeb(Object(Config\Paths))
13 SYSTEMPATH\rewrite.php(44): require_once('C:\\xampp\\htdocs\\HOSPITALMANAGEMENT_GROUP3\\index.php')
CRITICAL - 2025-12-02 06:47:27 --> [Caused by] CodeIgniter\Database\Exceptions\DatabaseException: Unknown column 'blood_pressure' in 'field list'
in SYSTEMPATH\Database\MySQLi\Connection.php on line 332.
 1 SYSTEMPATH\Database\BaseConnection.php(729): CodeIgniter\Database\MySQLi\Connection->execute('UPDATE `patients` SET `blood_pressure` = \'70\', `temperature` = \'34\', `pulse` = \'21\', `respiratory_rate` = \'8\', `oxygen_level` = \'16\', `weight` = \'60\', `height` = NULL, `notes` = \'123\', `updated_at` = \'2025-12-02 06:47:27\'
WHERE `patients`.`id` IN (\'2\')')
 2 SYSTEMPATH\Database\BaseConnection.php(646): CodeIgniter\Database\BaseConnection->simpleQuery('UPDATE `patients` SET `blood_pressure` = \'70\', `temperature` = \'34\', `pulse` = \'21\', `respiratory_rate` = \'8\', `oxygen_level` = \'16\', `weight` = \'60\', `height` = NULL, `notes` = \'123\', `updated_at` = \'2025-12-02 06:47:27\'
WHERE `patients`.`id` IN (\'2\')')
 3 SYSTEMPATH\Database\BaseBuilder.php(2521): CodeIgniter\Database\BaseConnection->query('UPDATE `patients` SET `blood_pressure` = :blood_pressure:, `temperature` = :temperature:, `pulse` = :pulse:, `respiratory_rate` = :respiratory_rate:, `oxygen_level` = :oxygen_level:, `weight` = :weight:, `height` = :height:, `notes` = :notes:, `updated_at` = :updated_at:
WHERE `patients`.`id` IN :patients.id:', [...], false)
 4 SYSTEMPATH\Model.php(461): CodeIgniter\Database\BaseBuilder->update()
 5 SYSTEMPATH\BaseModel.php(1025): CodeIgniter\Model->doUpdate([...], [...])
 6 SYSTEMPATH\Model.php(860): CodeIgniter\BaseModel->update([...], [...])
 7 SYSTEMPATH\BaseModel.php(749): CodeIgniter\Model->update('2', [...])
 8 APPPATH\Controllers\NurseController.php(297): CodeIgniter\BaseModel->save([...])
 9 SYSTEMPATH\CodeIgniter.php(933): App\Controllers\NurseController->saveVitals('2')
10 SYSTEMPATH\CodeIgniter.php(507): CodeIgniter\CodeIgniter->runController(Object(App\Controllers\NurseController))
11 SYSTEMPATH\CodeIgniter.php(354): CodeIgniter\CodeIgniter->handleRequest(null, Object(Config\Cache), false)
12 SYSTEMPATH\Boot.php(363): CodeIgniter\CodeIgniter->run()
13 SYSTEMPATH\Boot.php(68): CodeIgniter\Boot::runCodeIgniter(Object(CodeIgniter\CodeIgniter))
14 FCPATH\index.php(59): CodeIgniter\Boot::bootWeb(Object(Config\Paths))
15 SYSTEMPATH\rewrite.php(44): require_once('C:\\xampp\\htdocs\\HOSPITALMANAGEMENT_GROUP3\\index.php')
CRITICAL - 2025-12-02 06:47:27 --> [Caused by] mysqli_sql_exception: Unknown column 'blood_pressure' in 'field list'
in SYSTEMPATH\Database\MySQLi\Connection.php on line 327.
 1 SYSTEMPATH\Database\MySQLi\Connection.php(327): mysqli->query('UPDATE `patients` SET `blood_pressure` = \'70\', `temperature` = \'34\', `pulse` = \'21\', `respiratory_rate` = \'8\', `oxygen_level` = \'16\', `weight` = \'60\', `height` = NULL, `notes` = \'123\', `updated_at` = \'2025-12-02 06:47:27\'
WHERE `patients`.`id` IN (\'2\')', 0)
 2 SYSTEMPATH\Database\BaseConnection.php(729): CodeIgniter\Database\MySQLi\Connection->execute('UPDATE `patients` SET `blood_pressure` = \'70\', `temperature` = \'34\', `pulse` = \'21\', `respiratory_rate` = \'8\', `oxygen_level` = \'16\', `weight` = \'60\', `height` = NULL, `notes` = \'123\', `updated_at` = \'2025-12-02 06:47:27\'
WHERE `patients`.`id` IN (\'2\')')
 3 SYSTEMPATH\Database\BaseConnection.php(646): CodeIgniter\Database\BaseConnection->simpleQuery('UPDATE `patients` SET `blood_pressure` = \'70\', `temperature` = \'34\', `pulse` = \'21\', `respiratory_rate` = \'8\', `oxygen_level` = \'16\', `weight` = \'60\', `height` = NULL, `notes` = \'123\', `updated_at` = \'2025-12-02 06:47:27\'
WHERE `patients`.`id` IN (\'2\')')
 4 SYSTEMPATH\Database\BaseBuilder.php(2521): CodeIgniter\Database\BaseConnection->query('UPDATE `patients` SET `blood_pressure` = :blood_pressure:, `temperature` = :temperature:, `pulse` = :pulse:, `respiratory_rate` = :respiratory_rate:, `oxygen_level` = :oxygen_level:, `weight` = :weight:, `height` = :height:, `notes` = :notes:, `updated_at` = :updated_at:
WHERE `patients`.`id` IN :patients.id:', [...], false)
 5 SYSTEMPATH\Model.php(461): CodeIgniter\Database\BaseBuilder->update()
 6 SYSTEMPATH\BaseModel.php(1025): CodeIgniter\Model->doUpdate([...], [...])
 7 SYSTEMPATH\Model.php(860): CodeIgniter\BaseModel->update([...], [...])
 8 SYSTEMPATH\BaseModel.php(749): CodeIgniter\Model->update('2', [...])
 9 APPPATH\Controllers\NurseController.php(297): CodeIgniter\BaseModel->save([...])
10 SYSTEMPATH\CodeIgniter.php(933): App\Controllers\NurseController->saveVitals('2')
11 SYSTEMPATH\CodeIgniter.php(507): CodeIgniter\CodeIgniter->runController(Object(App\Controllers\NurseController))
12 SYSTEMPATH\CodeIgniter.php(354): CodeIgniter\CodeIgniter->handleRequest(null, Object(Config\Cache), false)
13 SYSTEMPATH\Boot.php(363): CodeIgniter\CodeIgniter->run()
14 SYSTEMPATH\Boot.php(68): CodeIgniter\Boot::runCodeIgniter(Object(CodeIgniter\CodeIgniter))
15 FCPATH\index.php(59): CodeIgniter\Boot::bootWeb(Object(Config\Paths))
16 SYSTEMPATH\rewrite.php(44): require_once('C:\\xampp\\htdocs\\HOSPITALMANAGEMENT_GROUP3\\index.php')
ERROR - 2025-12-02 06:50:22 --> mysqli_sql_exception: Unknown column 'blood_pressure' in 'field list' in C:\xampp\htdocs\HOSPITALMANAGEMENT_GROUP3\system\Database\MySQLi\Connection.php:327
Stack trace:
#0 C:\xampp\htdocs\HOSPITALMANAGEMENT_GROUP3\system\Database\MySQLi\Connection.php(327): mysqli->query('UPDATE `patient...', 0)
#1 C:\xampp\htdocs\HOSPITALMANAGEMENT_GROUP3\system\Database\BaseConnection.php(729): CodeIgniter\Database\MySQLi\Connection->execute('UPDATE `patient...')
#2 C:\xampp\htdocs\HOSPITALMANAGEMENT_GROUP3\system\Database\BaseConnection.php(646): CodeIgniter\Database\BaseConnection->simpleQuery('UPDATE `patient...')
#3 C:\xampp\htdocs\HOSPITALMANAGEMENT_GROUP3\system\Database\BaseBuilder.php(2521): CodeIgniter\Database\BaseConnection->query('UPDATE `patient...', Array, false)
#4 C:\xampp\htdocs\HOSPITALMANAGEMENT_GROUP3\system\Model.php(461): CodeIgniter\Database\BaseBuilder->update()
#5 C:\xampp\htdocs\HOSPITALMANAGEMENT_GROUP3\system\BaseModel.php(1025): CodeIgniter\Model->doUpdate(Array, Array)
#6 C:\xampp\htdocs\HOSPITALMANAGEMENT_GROUP3\system\Model.php(860): CodeIgniter\BaseModel->update(Array, Array)
#7 C:\xampp\htdocs\HOSPITALMANAGEMENT_GROUP3\system\BaseModel.php(749): CodeIgniter\Model->update('2', Array)
#8 C:\xampp\htdocs\HOSPITALMANAGEMENT_GROUP3\app\Controllers\NurseController.php(297): CodeIgniter\BaseModel->save(Array)
#9 C:\xampp\htdocs\HOSPITALMANAGEMENT_GROUP3\system\CodeIgniter.php(933): App\Controllers\NurseController->saveVitals('2')
#10 C:\xampp\htdocs\HOSPITALMANAGEMENT_GROUP3\system\CodeIgniter.php(507): CodeIgniter\CodeIgniter->runController(Object(App\Controllers\NurseController))
#11 C:\xampp\htdocs\HOSPITALMANAGEMENT_GROUP3\system\CodeIgniter.php(354): CodeIgniter\CodeIgniter->handleRequest(NULL, Object(Config\Cache), false)
#12 C:\xampp\htdocs\HOSPITALMANAGEMENT_GROUP3\system\Boot.php(363): CodeIgniter\CodeIgniter->run()
#13 C:\xampp\htdocs\HOSPITALMANAGEMENT_GROUP3\system\Boot.php(68): CodeIgniter\Boot::runCodeIgniter(Object(CodeIgniter\CodeIgniter))
#14 C:\xampp\htdocs\HOSPITALMANAGEMENT_GROUP3\index.php(59): CodeIgniter\Boot::bootWeb(Object(Config\Paths))
#15 C:\xampp\htdocs\HOSPITALMANAGEMENT_GROUP3\system\rewrite.php(44): require_once('C:\\xampp\\htdocs...')
#16 {main}
CRITICAL - 2025-12-02 06:50:22 --> CodeIgniter\Database\Exceptions\DatabaseException: Unknown column 'blood_pressure' in 'field list'
[Method: POST, Route: nurse/patients/vitals/2/save]
in SYSTEMPATH\Database\BaseConnection.php on line 684.
 1 SYSTEMPATH\Database\BaseBuilder.php(2521): CodeIgniter\Database\BaseConnection->query('UPDATE `patients` SET `blood_pressure` = :blood_pressure:, `temperature` = :temperature:, `pulse` = :pulse:, `respiratory_rate` = :respiratory_rate:, `oxygen_level` = :oxygen_level:, `weight` = :weight:, `height` = :height:, `notes` = :notes:, `updated_at` = :updated_at:
WHERE `patients`.`id` IN :patients.id:', [...], false)
 2 SYSTEMPATH\Model.php(461): CodeIgniter\Database\BaseBuilder->update()
 3 SYSTEMPATH\BaseModel.php(1025): CodeIgniter\Model->doUpdate([...], [...])
 4 SYSTEMPATH\Model.php(860): CodeIgniter\BaseModel->update([...], [...])
 5 SYSTEMPATH\BaseModel.php(749): CodeIgniter\Model->update('2', [...])
 6 APPPATH\Controllers\NurseController.php(297): CodeIgniter\BaseModel->save([...])
 7 SYSTEMPATH\CodeIgniter.php(933): App\Controllers\NurseController->saveVitals('2')
 8 SYSTEMPATH\CodeIgniter.php(507): CodeIgniter\CodeIgniter->runController(Object(App\Controllers\NurseController))
 9 SYSTEMPATH\CodeIgniter.php(354): CodeIgniter\CodeIgniter->handleRequest(null, Object(Config\Cache), false)
10 SYSTEMPATH\Boot.php(363): CodeIgniter\CodeIgniter->run()
11 SYSTEMPATH\Boot.php(68): CodeIgniter\Boot::runCodeIgniter(Object(CodeIgniter\CodeIgniter))
12 FCPATH\index.php(59): CodeIgniter\Boot::bootWeb(Object(Config\Paths))
13 SYSTEMPATH\rewrite.php(44): require_once('C:\\xampp\\htdocs\\HOSPITALMANAGEMENT_GROUP3\\index.php')
CRITICAL - 2025-12-02 06:50:22 --> [Caused by] CodeIgniter\Database\Exceptions\DatabaseException: Unknown column 'blood_pressure' in 'field list'
in SYSTEMPATH\Database\MySQLi\Connection.php on line 332.
 1 SYSTEMPATH\Database\BaseConnection.php(729): CodeIgniter\Database\MySQLi\Connection->execute('UPDATE `patients` SET `blood_pressure` = \'70\', `temperature` = \'34\', `pulse` = \'21\', `respiratory_rate` = \'8\', `oxygen_level` = \'16\', `weight` = \'60\', `height` = NULL, `notes` = \'123\', `updated_at` = \'2025-12-02 06:50:22\'
WHERE `patients`.`id` IN (\'2\')')
 2 SYSTEMPATH\Database\BaseConnection.php(646): CodeIgniter\Database\BaseConnection->simpleQuery('UPDATE `patients` SET `blood_pressure` = \'70\', `temperature` = \'34\', `pulse` = \'21\', `respiratory_rate` = \'8\', `oxygen_level` = \'16\', `weight` = \'60\', `height` = NULL, `notes` = \'123\', `updated_at` = \'2025-12-02 06:50:22\'
WHERE `patients`.`id` IN (\'2\')')
 3 SYSTEMPATH\Database\BaseBuilder.php(2521): CodeIgniter\Database\BaseConnection->query('UPDATE `patients` SET `blood_pressure` = :blood_pressure:, `temperature` = :temperature:, `pulse` = :pulse:, `respiratory_rate` = :respiratory_rate:, `oxygen_level` = :oxygen_level:, `weight` = :weight:, `height` = :height:, `notes` = :notes:, `updated_at` = :updated_at:
WHERE `patients`.`id` IN :patients.id:', [...], false)
 4 SYSTEMPATH\Model.php(461): CodeIgniter\Database\BaseBuilder->update()
 5 SYSTEMPATH\BaseModel.php(1025): CodeIgniter\Model->doUpdate([...], [...])
 6 SYSTEMPATH\Model.php(860): CodeIgniter\BaseModel->update([...], [...])
 7 SYSTEMPATH\BaseModel.php(749): CodeIgniter\Model->update('2', [...])
 8 APPPATH\Controllers\NurseController.php(297): CodeIgniter\BaseModel->save([...])
 9 SYSTEMPATH\CodeIgniter.php(933): App\Controllers\NurseController->saveVitals('2')
10 SYSTEMPATH\CodeIgniter.php(507): CodeIgniter\CodeIgniter->runController(Object(App\Controllers\NurseController))
11 SYSTEMPATH\CodeIgniter.php(354): CodeIgniter\CodeIgniter->handleRequest(null, Object(Config\Cache), false)
12 SYSTEMPATH\Boot.php(363): CodeIgniter\CodeIgniter->run()
13 SYSTEMPATH\Boot.php(68): CodeIgniter\Boot::runCodeIgniter(Object(CodeIgniter\CodeIgniter))
14 FCPATH\index.php(59): CodeIgniter\Boot::bootWeb(Object(Config\Paths))
15 SYSTEMPATH\rewrite.php(44): require_once('C:\\xampp\\htdocs\\HOSPITALMANAGEMENT_GROUP3\\index.php')
CRITICAL - 2025-12-02 06:50:22 --> [Caused by] mysqli_sql_exception: Unknown column 'blood_pressure' in 'field list'
in SYSTEMPATH\Database\MySQLi\Connection.php on line 327.
 1 SYSTEMPATH\Database\MySQLi\Connection.php(327): mysqli->query('UPDATE `patients` SET `blood_pressure` = \'70\', `temperature` = \'34\', `pulse` = \'21\', `respiratory_rate` = \'8\', `oxygen_level` = \'16\', `weight` = \'60\', `height` = NULL, `notes` = \'123\', `updated_at` = \'2025-12-02 06:50:22\'
WHERE `patients`.`id` IN (\'2\')', 0)
 2 SYSTEMPATH\Database\BaseConnection.php(729): CodeIgniter\Database\MySQLi\Connection->execute('UPDATE `patients` SET `blood_pressure` = \'70\', `temperature` = \'34\', `pulse` = \'21\', `respiratory_rate` = \'8\', `oxygen_level` = \'16\', `weight` = \'60\', `height` = NULL, `notes` = \'123\', `updated_at` = \'2025-12-02 06:50:22\'
WHERE `patients`.`id` IN (\'2\')')
 3 SYSTEMPATH\Database\BaseConnection.php(646): CodeIgniter\Database\BaseConnection->simpleQuery('UPDATE `patients` SET `blood_pressure` = \'70\', `temperature` = \'34\', `pulse` = \'21\', `respiratory_rate` = \'8\', `oxygen_level` = \'16\', `weight` = \'60\', `height` = NULL, `notes` = \'123\', `updated_at` = \'2025-12-02 06:50:22\'
WHERE `patients`.`id` IN (\'2\')')
 4 SYSTEMPATH\Database\BaseBuilder.php(2521): CodeIgniter\Database\BaseConnection->query('UPDATE `patients` SET `blood_pressure` = :blood_pressure:, `temperature` = :temperature:, `pulse` = :pulse:, `respiratory_rate` = :respiratory_rate:, `oxygen_level` = :oxygen_level:, `weight` = :weight:, `height` = :height:, `notes` = :notes:, `updated_at` = :updated_at:
WHERE `patients`.`id` IN :patients.id:', [...], false)
 5 SYSTEMPATH\Model.php(461): CodeIgniter\Database\BaseBuilder->update()
 6 SYSTEMPATH\BaseModel.php(1025): CodeIgniter\Model->doUpdate([...], [...])
 7 SYSTEMPATH\Model.php(860): CodeIgniter\BaseModel->update([...], [...])
 8 SYSTEMPATH\BaseModel.php(749): CodeIgniter\Model->update('2', [...])
 9 APPPATH\Controllers\NurseController.php(297): CodeIgniter\BaseModel->save([...])
10 SYSTEMPATH\CodeIgniter.php(933): App\Controllers\NurseController->saveVitals('2')
11 SYSTEMPATH\CodeIgniter.php(507): CodeIgniter\CodeIgniter->runController(Object(App\Controllers\NurseController))
12 SYSTEMPATH\CodeIgniter.php(354): CodeIgniter\CodeIgniter->handleRequest(null, Object(Config\Cache), false)
13 SYSTEMPATH\Boot.php(363): CodeIgniter\CodeIgniter->run()
14 SYSTEMPATH\Boot.php(68): CodeIgniter\Boot::runCodeIgniter(Object(CodeIgniter\CodeIgniter))
15 FCPATH\index.php(59): CodeIgniter\Boot::bootWeb(Object(Config\Paths))
16 SYSTEMPATH\rewrite.php(44): require_once('C:\\xampp\\htdocs\\HOSPITALMANAGEMENT_GROUP3\\index.php')
ERROR - 2025-12-02 06:51:03 --> mysqli_sql_exception: Duplicate column name 'notes' in C:\xampp\htdocs\HOSPITALMANAGEMENT_GROUP3\system\Database\MySQLi\Connection.php:327
Stack trace:
#0 C:\xampp\htdocs\HOSPITALMANAGEMENT_GROUP3\system\Database\MySQLi\Connection.php(327): mysqli->query('ALTER TABLE `pa...', 0)
#1 C:\xampp\htdocs\HOSPITALMANAGEMENT_GROUP3\system\Database\BaseConnection.php(729): CodeIgniter\Database\MySQLi\Connection->execute('ALTER TABLE `pa...')
#2 C:\xampp\htdocs\HOSPITALMANAGEMENT_GROUP3\system\Database\BaseConnection.php(646): CodeIgniter\Database\BaseConnection->simpleQuery('ALTER TABLE `pa...')
#3 C:\xampp\htdocs\HOSPITALMANAGEMENT_GROUP3\system\Database\Forge.php(772): CodeIgniter\Database\BaseConnection->query('ALTER TABLE `pa...')
#4 C:\xampp\htdocs\HOSPITALMANAGEMENT_GROUP3\app\Database\Migrations\20231202000000_AddVitalsToPatients.php(11): CodeIgniter\Database\Forge->addColumn('patients', Array)
#5 C:\xampp\htdocs\HOSPITALMANAGEMENT_GROUP3\system\Database\MigrationRunner.php(876): App\Database\Migrations\AddVitalsToPatients->up()
#6 C:\xampp\htdocs\HOSPITALMANAGEMENT_GROUP3\system\Database\MigrationRunner.php(182): CodeIgniter\Database\MigrationRunner->migrate('up', Object(stdClass))
#7 C:\xampp\htdocs\HOSPITALMANAGEMENT_GROUP3\system\Commands\Database\Migrate.php(85): CodeIgniter\Database\MigrationRunner->latest(NULL)
#8 C:\xampp\htdocs\HOSPITALMANAGEMENT_GROUP3\system\CLI\Commands.php(74): CodeIgniter\Commands\Database\Migrate->run(Array)
#9 C:\xampp\htdocs\HOSPITALMANAGEMENT_GROUP3\system\CLI\Console.php(47): CodeIgniter\CLI\Commands->run('migrate', Array)
#10 C:\xampp\htdocs\HOSPITALMANAGEMENT_GROUP3\system\Boot.php(388): CodeIgniter\CLI\Console->run()
#11 C:\xampp\htdocs\HOSPITALMANAGEMENT_GROUP3\system\Boot.php(133): CodeIgniter\Boot::runCommand(Object(CodeIgniter\CLI\Console))
#12 C:\xampp\htdocs\HOSPITALMANAGEMENT_GROUP3\spark(87): CodeIgniter\Boot::bootSpark(Object(Config\Paths))
#13 {main}
ERROR - 2025-12-02 06:51:18 --> mysqli_sql_exception: Unknown column 'blood_pressure' in 'field list' in C:\xampp\htdocs\HOSPITALMANAGEMENT_GROUP3\system\Database\MySQLi\Connection.php:327
Stack trace:
#0 C:\xampp\htdocs\HOSPITALMANAGEMENT_GROUP3\system\Database\MySQLi\Connection.php(327): mysqli->query('UPDATE `patient...', 0)
#1 C:\xampp\htdocs\HOSPITALMANAGEMENT_GROUP3\system\Database\BaseConnection.php(729): CodeIgniter\Database\MySQLi\Connection->execute('UPDATE `patient...')
#2 C:\xampp\htdocs\HOSPITALMANAGEMENT_GROUP3\system\Database\BaseConnection.php(646): CodeIgniter\Database\BaseConnection->simpleQuery('UPDATE `patient...')
#3 C:\xampp\htdocs\HOSPITALMANAGEMENT_GROUP3\system\Database\BaseBuilder.php(2521): CodeIgniter\Database\BaseConnection->query('UPDATE `patient...', Array, false)
#4 C:\xampp\htdocs\HOSPITALMANAGEMENT_GROUP3\system\Model.php(461): CodeIgniter\Database\BaseBuilder->update()
#5 C:\xampp\htdocs\HOSPITALMANAGEMENT_GROUP3\system\BaseModel.php(1025): CodeIgniter\Model->doUpdate(Array, Array)
#6 C:\xampp\htdocs\HOSPITALMANAGEMENT_GROUP3\system\Model.php(860): CodeIgniter\BaseModel->update(Array, Array)
#7 C:\xampp\htdocs\HOSPITALMANAGEMENT_GROUP3\system\BaseModel.php(749): CodeIgniter\Model->update('2', Array)
#8 C:\xampp\htdocs\HOSPITALMANAGEMENT_GROUP3\app\Controllers\NurseController.php(297): CodeIgniter\BaseModel->save(Array)
#9 C:\xampp\htdocs\HOSPITALMANAGEMENT_GROUP3\system\CodeIgniter.php(933): App\Controllers\NurseController->saveVitals('2')
#10 C:\xampp\htdocs\HOSPITALMANAGEMENT_GROUP3\system\CodeIgniter.php(507): CodeIgniter\CodeIgniter->runController(Object(App\Controllers\NurseController))
#11 C:\xampp\htdocs\HOSPITALMANAGEMENT_GROUP3\system\CodeIgniter.php(354): CodeIgniter\CodeIgniter->handleRequest(NULL, Object(Config\Cache), false)
#12 C:\xampp\htdocs\HOSPITALMANAGEMENT_GROUP3\system\Boot.php(363): CodeIgniter\CodeIgniter->run()
#13 C:\xampp\htdocs\HOSPITALMANAGEMENT_GROUP3\system\Boot.php(68): CodeIgniter\Boot::runCodeIgniter(Object(CodeIgniter\CodeIgniter))
#14 C:\xampp\htdocs\HOSPITALMANAGEMENT_GROUP3\index.php(59): CodeIgniter\Boot::bootWeb(Object(Config\Paths))
#15 C:\xampp\htdocs\HOSPITALMANAGEMENT_GROUP3\system\rewrite.php(44): require_once('C:\\xampp\\htdocs...')
#16 {main}
CRITICAL - 2025-12-02 06:51:18 --> CodeIgniter\Database\Exceptions\DatabaseException: Unknown column 'blood_pressure' in 'field list'
[Method: POST, Route: nurse/patients/vitals/2/save]
in SYSTEMPATH\Database\BaseConnection.php on line 684.
 1 SYSTEMPATH\Database\BaseBuilder.php(2521): CodeIgniter\Database\BaseConnection->query('UPDATE `patients` SET `blood_pressure` = :blood_pressure:, `temperature` = :temperature:, `pulse` = :pulse:, `respiratory_rate` = :respiratory_rate:, `oxygen_level` = :oxygen_level:, `weight` = :weight:, `height` = :height:, `notes` = :notes:, `updated_at` = :updated_at:
WHERE `patients`.`id` IN :patients.id:', [...], false)
 2 SYSTEMPATH\Model.php(461): CodeIgniter\Database\BaseBuilder->update()
 3 SYSTEMPATH\BaseModel.php(1025): CodeIgniter\Model->doUpdate([...], [...])
 4 SYSTEMPATH\Model.php(860): CodeIgniter\BaseModel->update([...], [...])
 5 SYSTEMPATH\BaseModel.php(749): CodeIgniter\Model->update('2', [...])
 6 APPPATH\Controllers\NurseController.php(297): CodeIgniter\BaseModel->save([...])
 7 SYSTEMPATH\CodeIgniter.php(933): App\Controllers\NurseController->saveVitals('2')
 8 SYSTEMPATH\CodeIgniter.php(507): CodeIgniter\CodeIgniter->runController(Object(App\Controllers\NurseController))
 9 SYSTEMPATH\CodeIgniter.php(354): CodeIgniter\CodeIgniter->handleRequest(null, Object(Config\Cache), false)
10 SYSTEMPATH\Boot.php(363): CodeIgniter\CodeIgniter->run()
11 SYSTEMPATH\Boot.php(68): CodeIgniter\Boot::runCodeIgniter(Object(CodeIgniter\CodeIgniter))
12 FCPATH\index.php(59): CodeIgniter\Boot::bootWeb(Object(Config\Paths))
13 SYSTEMPATH\rewrite.php(44): require_once('C:\\xampp\\htdocs\\HOSPITALMANAGEMENT_GROUP3\\index.php')
CRITICAL - 2025-12-02 06:51:18 --> [Caused by] CodeIgniter\Database\Exceptions\DatabaseException: Unknown column 'blood_pressure' in 'field list'
in SYSTEMPATH\Database\MySQLi\Connection.php on line 332.
 1 SYSTEMPATH\Database\BaseConnection.php(729): CodeIgniter\Database\MySQLi\Connection->execute('UPDATE `patients` SET `blood_pressure` = \'70\', `temperature` = \'34\', `pulse` = \'21\', `respiratory_rate` = \'8\', `oxygen_level` = \'16\', `weight` = \'60\', `height` = NULL, `notes` = \'123\', `updated_at` = \'2025-12-02 06:51:18\'
WHERE `patients`.`id` IN (\'2\')')
 2 SYSTEMPATH\Database\BaseConnection.php(646): CodeIgniter\Database\BaseConnection->simpleQuery('UPDATE `patients` SET `blood_pressure` = \'70\', `temperature` = \'34\', `pulse` = \'21\', `respiratory_rate` = \'8\', `oxygen_level` = \'16\', `weight` = \'60\', `height` = NULL, `notes` = \'123\', `updated_at` = \'2025-12-02 06:51:18\'
WHERE `patients`.`id` IN (\'2\')')
 3 SYSTEMPATH\Database\BaseBuilder.php(2521): CodeIgniter\Database\BaseConnection->query('UPDATE `patients` SET `blood_pressure` = :blood_pressure:, `temperature` = :temperature:, `pulse` = :pulse:, `respiratory_rate` = :respiratory_rate:, `oxygen_level` = :oxygen_level:, `weight` = :weight:, `height` = :height:, `notes` = :notes:, `updated_at` = :updated_at:
WHERE `patients`.`id` IN :patients.id:', [...], false)
 4 SYSTEMPATH\Model.php(461): CodeIgniter\Database\BaseBuilder->update()
 5 SYSTEMPATH\BaseModel.php(1025): CodeIgniter\Model->doUpdate([...], [...])
 6 SYSTEMPATH\Model.php(860): CodeIgniter\BaseModel->update([...], [...])
 7 SYSTEMPATH\BaseModel.php(749): CodeIgniter\Model->update('2', [...])
 8 APPPATH\Controllers\NurseController.php(297): CodeIgniter\BaseModel->save([...])
 9 SYSTEMPATH\CodeIgniter.php(933): App\Controllers\NurseController->saveVitals('2')
10 SYSTEMPATH\CodeIgniter.php(507): CodeIgniter\CodeIgniter->runController(Object(App\Controllers\NurseController))
11 SYSTEMPATH\CodeIgniter.php(354): CodeIgniter\CodeIgniter->handleRequest(null, Object(Config\Cache), false)
12 SYSTEMPATH\Boot.php(363): CodeIgniter\CodeIgniter->run()
13 SYSTEMPATH\Boot.php(68): CodeIgniter\Boot::runCodeIgniter(Object(CodeIgniter\CodeIgniter))
14 FCPATH\index.php(59): CodeIgniter\Boot::bootWeb(Object(Config\Paths))
15 SYSTEMPATH\rewrite.php(44): require_once('C:\\xampp\\htdocs\\HOSPITALMANAGEMENT_GROUP3\\index.php')
CRITICAL - 2025-12-02 06:51:18 --> [Caused by] mysqli_sql_exception: Unknown column 'blood_pressure' in 'field list'
in SYSTEMPATH\Database\MySQLi\Connection.php on line 327.
 1 SYSTEMPATH\Database\MySQLi\Connection.php(327): mysqli->query('UPDATE `patients` SET `blood_pressure` = \'70\', `temperature` = \'34\', `pulse` = \'21\', `respiratory_rate` = \'8\', `oxygen_level` = \'16\', `weight` = \'60\', `height` = NULL, `notes` = \'123\', `updated_at` = \'2025-12-02 06:51:18\'
WHERE `patients`.`id` IN (\'2\')', 0)
 2 SYSTEMPATH\Database\BaseConnection.php(729): CodeIgniter\Database\MySQLi\Connection->execute('UPDATE `patients` SET `blood_pressure` = \'70\', `temperature` = \'34\', `pulse` = \'21\', `respiratory_rate` = \'8\', `oxygen_level` = \'16\', `weight` = \'60\', `height` = NULL, `notes` = \'123\', `updated_at` = \'2025-12-02 06:51:18\'
WHERE `patients`.`id` IN (\'2\')')
 3 SYSTEMPATH\Database\BaseConnection.php(646): CodeIgniter\Database\BaseConnection->simpleQuery('UPDATE `patients` SET `blood_pressure` = \'70\', `temperature` = \'34\', `pulse` = \'21\', `respiratory_rate` = \'8\', `oxygen_level` = \'16\', `weight` = \'60\', `height` = NULL, `notes` = \'123\', `updated_at` = \'2025-12-02 06:51:18\'
WHERE `patients`.`id` IN (\'2\')')
 4 SYSTEMPATH\Database\BaseBuilder.php(2521): CodeIgniter\Database\BaseConnection->query('UPDATE `patients` SET `blood_pressure` = :blood_pressure:, `temperature` = :temperature:, `pulse` = :pulse:, `respiratory_rate` = :respiratory_rate:, `oxygen_level` = :oxygen_level:, `weight` = :weight:, `height` = :height:, `notes` = :notes:, `updated_at` = :updated_at:
WHERE `patients`.`id` IN :patients.id:', [...], false)
 5 SYSTEMPATH\Model.php(461): CodeIgniter\Database\BaseBuilder->update()
 6 SYSTEMPATH\BaseModel.php(1025): CodeIgniter\Model->doUpdate([...], [...])
 7 SYSTEMPATH\Model.php(860): CodeIgniter\BaseModel->update([...], [...])
 8 SYSTEMPATH\BaseModel.php(749): CodeIgniter\Model->update('2', [...])
 9 APPPATH\Controllers\NurseController.php(297): CodeIgniter\BaseModel->save([...])
10 SYSTEMPATH\CodeIgniter.php(933): App\Controllers\NurseController->saveVitals('2')
11 SYSTEMPATH\CodeIgniter.php(507): CodeIgniter\CodeIgniter->runController(Object(App\Controllers\NurseController))
12 SYSTEMPATH\CodeIgniter.php(354): CodeIgniter\CodeIgniter->handleRequest(null, Object(Config\Cache), false)
13 SYSTEMPATH\Boot.php(363): CodeIgniter\CodeIgniter->run()
14 SYSTEMPATH\Boot.php(68): CodeIgniter\Boot::runCodeIgniter(Object(CodeIgniter\CodeIgniter))
15 FCPATH\index.php(59): CodeIgniter\Boot::bootWeb(Object(Config\Paths))
16 SYSTEMPATH\rewrite.php(44): require_once('C:\\xampp\\htdocs\\HOSPITALMANAGEMENT_GROUP3\\index.php')
CRITICAL - 2025-12-02 06:52:36 --> Error: Class "App\Models\NurseTaskModel" not found
[Method: POST, Route: nurse/patients/2/complete-task]
in APPPATH\Controllers\NurseController.php on line 318.
 1 SYSTEMPATH\CodeIgniter.php(933): App\Controllers\NurseController->completeTask('2')
 2 SYSTEMPATH\CodeIgniter.php(507): CodeIgniter\CodeIgniter->runController(Object(App\Controllers\NurseController))
 3 SYSTEMPATH\CodeIgniter.php(354): CodeIgniter\CodeIgniter->handleRequest(null, Object(Config\Cache), false)
 4 SYSTEMPATH\Boot.php(363): CodeIgniter\CodeIgniter->run()
 5 SYSTEMPATH\Boot.php(68): CodeIgniter\Boot::runCodeIgniter(Object(CodeIgniter\CodeIgniter))
 6 FCPATH\index.php(59): CodeIgniter\Boot::bootWeb(Object(Config\Paths))
 7 SYSTEMPATH\rewrite.php(44): require_once('C:\\xampp\\htdocs\\HOSPITALMANAGEMENT_GROUP3\\index.php')
ERROR - 2025-12-02 07:01:00 --> mysqli_sql_exception: Table 'hmsdb.nurse_tasks' doesn't exist in C:\xampp\htdocs\HOSPITALMANAGEMENT_GROUP3\system\Database\MySQLi\Connection.php:327
Stack trace:
#0 C:\xampp\htdocs\HOSPITALMANAGEMENT_GROUP3\system\Database\MySQLi\Connection.php(327): mysqli->query('UPDATE `nurse_t...', 0)
#1 C:\xampp\htdocs\HOSPITALMANAGEMENT_GROUP3\system\Database\BaseConnection.php(729): CodeIgniter\Database\MySQLi\Connection->execute('UPDATE `nurse_t...')
#2 C:\xampp\htdocs\HOSPITALMANAGEMENT_GROUP3\system\Database\BaseConnection.php(646): CodeIgniter\Database\BaseConnection->simpleQuery('UPDATE `nurse_t...')
#3 C:\xampp\htdocs\HOSPITALMANAGEMENT_GROUP3\system\Database\BaseBuilder.php(2521): CodeIgniter\Database\BaseConnection->query('UPDATE `nurse_t...', Array, false)
#4 C:\xampp\htdocs\HOSPITALMANAGEMENT_GROUP3\app\Controllers\NurseController.php(346): CodeIgniter\Database\BaseBuilder->update()
#5 C:\xampp\htdocs\HOSPITALMANAGEMENT_GROUP3\system\CodeIgniter.php(933): App\Controllers\NurseController->completeTask('5')
#6 C:\xampp\htdocs\HOSPITALMANAGEMENT_GROUP3\system\CodeIgniter.php(507): CodeIgniter\CodeIgniter->runController(Object(App\Controllers\NurseController))
#7 C:\xampp\htdocs\HOSPITALMANAGEMENT_GROUP3\system\CodeIgniter.php(354): CodeIgniter\CodeIgniter->handleRequest(NULL, Object(Config\Cache), false)
#8 C:\xampp\htdocs\HOSPITALMANAGEMENT_GROUP3\system\Boot.php(363): CodeIgniter\CodeIgniter->run()
#9 C:\xampp\htdocs\HOSPITALMANAGEMENT_GROUP3\system\Boot.php(68): CodeIgniter\Boot::runCodeIgniter(Object(CodeIgniter\CodeIgniter))
#10 C:\xampp\htdocs\HOSPITALMANAGEMENT_GROUP3\index.php(59): CodeIgniter\Boot::bootWeb(Object(Config\Paths))
#11 C:\xampp\htdocs\HOSPITALMANAGEMENT_GROUP3\system\rewrite.php(44): require_once('C:\\xampp\\htdocs...')
#12 {main}
ERROR - 2025-12-02 07:01:00 --> Error completing task: Table 'hmsdb.nurse_tasks' doesn't exist
CRITICAL - 2025-12-02 07:43:49 --> ParseError: syntax error, unexpected token "public"
[Method: GET, Route: nurse/medications]
in APPPATH\Controllers\NurseController.php on line 110.
 1 SYSTEMPATH\Autoloader\Autoloader.php(295): CodeIgniter\Autoloader\Autoloader->includeFile('C:\\xampp\\htdocs\\HOSPITALMANAGEMENT_GROUP3\\app\\Controllers\\NurseController.php')
 2 SYSTEMPATH\Autoloader\Autoloader.php(271): CodeIgniter\Autoloader\Autoloader->loadInNamespace('App\\Controllers\\NurseController')
 3 [internal function]: CodeIgniter\Autoloader\Autoloader->loadClass('App\\Controllers\\NurseController')
 4 SYSTEMPATH\CodeIgniter.php(885): class_exists('\\App\\Controllers\\NurseController', true)
 5 SYSTEMPATH\CodeIgniter.php(494): CodeIgniter\CodeIgniter->startController()
 6 SYSTEMPATH\CodeIgniter.php(354): CodeIgniter\CodeIgniter->handleRequest(null, Object(Config\Cache), false)
 7 SYSTEMPATH\Boot.php(363): CodeIgniter\CodeIgniter->run()
 8 SYSTEMPATH\Boot.php(68): CodeIgniter\Boot::runCodeIgniter(Object(CodeIgniter\CodeIgniter))
 9 FCPATH\index.php(59): CodeIgniter\Boot::bootWeb(Object(Config\Paths))
10 SYSTEMPATH\rewrite.php(44): require_once('C:\\xampp\\htdocs\\HOSPITALMANAGEMENT_GROUP3\\index.php')
CRITICAL - 2025-12-02 07:43:50 --> ParseError: syntax error, unexpected token "public"
[Method: GET, Route: nurse/medications]
in APPPATH\Controllers\NurseController.php on line 110.
 1 SYSTEMPATH\Autoloader\Autoloader.php(295): CodeIgniter\Autoloader\Autoloader->includeFile('C:\\xampp\\htdocs\\HOSPITALMANAGEMENT_GROUP3\\app\\Controllers\\NurseController.php')
 2 SYSTEMPATH\Autoloader\Autoloader.php(271): CodeIgniter\Autoloader\Autoloader->loadInNamespace('App\\Controllers\\NurseController')
 3 [internal function]: CodeIgniter\Autoloader\Autoloader->loadClass('App\\Controllers\\NurseController')
 4 SYSTEMPATH\CodeIgniter.php(885): class_exists('\\App\\Controllers\\NurseController', true)
 5 SYSTEMPATH\CodeIgniter.php(494): CodeIgniter\CodeIgniter->startController()
 6 SYSTEMPATH\CodeIgniter.php(354): CodeIgniter\CodeIgniter->handleRequest(null, Object(Config\Cache), false)
 7 SYSTEMPATH\Boot.php(363): CodeIgniter\CodeIgniter->run()
 8 SYSTEMPATH\Boot.php(68): CodeIgniter\Boot::runCodeIgniter(Object(CodeIgniter\CodeIgniter))
 9 FCPATH\index.php(59): CodeIgniter\Boot::bootWeb(Object(Config\Paths))
10 SYSTEMPATH\rewrite.php(44): require_once('C:\\xampp\\htdocs\\HOSPITALMANAGEMENT_GROUP3\\index.php')
CRITICAL - 2025-12-02 07:43:51 --> ParseError: syntax error, unexpected token "public"
[Method: GET, Route: nurse/medications]
in APPPATH\Controllers\NurseController.php on line 110.
 1 SYSTEMPATH\Autoloader\Autoloader.php(295): CodeIgniter\Autoloader\Autoloader->includeFile('C:\\xampp\\htdocs\\HOSPITALMANAGEMENT_GROUP3\\app\\Controllers\\NurseController.php')
 2 SYSTEMPATH\Autoloader\Autoloader.php(271): CodeIgniter\Autoloader\Autoloader->loadInNamespace('App\\Controllers\\NurseController')
 3 [internal function]: CodeIgniter\Autoloader\Autoloader->loadClass('App\\Controllers\\NurseController')
 4 SYSTEMPATH\CodeIgniter.php(885): class_exists('\\App\\Controllers\\NurseController', true)
 5 SYSTEMPATH\CodeIgniter.php(494): CodeIgniter\CodeIgniter->startController()
 6 SYSTEMPATH\CodeIgniter.php(354): CodeIgniter\CodeIgniter->handleRequest(null, Object(Config\Cache), false)
 7 SYSTEMPATH\Boot.php(363): CodeIgniter\CodeIgniter->run()
 8 SYSTEMPATH\Boot.php(68): CodeIgniter\Boot::runCodeIgniter(Object(CodeIgniter\CodeIgniter))
 9 FCPATH\index.php(59): CodeIgniter\Boot::bootWeb(Object(Config\Paths))
10 SYSTEMPATH\rewrite.php(44): require_once('C:\\xampp\\htdocs\\HOSPITALMANAGEMENT_GROUP3\\index.php')
CRITICAL - 2025-12-02 07:44:33 --> ParseError: syntax error, unexpected token "public"
[Method: GET, Route: nurse/medications]
in APPPATH\Controllers\NurseController.php on line 110.
 1 SYSTEMPATH\Autoloader\Autoloader.php(295): CodeIgniter\Autoloader\Autoloader->includeFile('C:\\xampp\\htdocs\\HOSPITALMANAGEMENT_GROUP3\\app\\Controllers\\NurseController.php')
 2 SYSTEMPATH\Autoloader\Autoloader.php(271): CodeIgniter\Autoloader\Autoloader->loadInNamespace('App\\Controllers\\NurseController')
 3 [internal function]: CodeIgniter\Autoloader\Autoloader->loadClass('App\\Controllers\\NurseController')
 4 SYSTEMPATH\CodeIgniter.php(885): class_exists('\\App\\Controllers\\NurseController', true)
 5 SYSTEMPATH\CodeIgniter.php(494): CodeIgniter\CodeIgniter->startController()
 6 SYSTEMPATH\CodeIgniter.php(354): CodeIgniter\CodeIgniter->handleRequest(null, Object(Config\Cache), false)
 7 SYSTEMPATH\Boot.php(363): CodeIgniter\CodeIgniter->run()
 8 SYSTEMPATH\Boot.php(68): CodeIgniter\Boot::runCodeIgniter(Object(CodeIgniter\CodeIgniter))
 9 FCPATH\index.php(59): CodeIgniter\Boot::bootWeb(Object(Config\Paths))
10 SYSTEMPATH\rewrite.php(44): require_once('C:\\xampp\\htdocs\\HOSPITALMANAGEMENT_GROUP3\\index.php')
CRITICAL - 2025-12-02 07:44:34 --> ParseError: syntax error, unexpected token "public"
[Method: GET, Route: nurse/medications]
in APPPATH\Controllers\NurseController.php on line 110.
 1 SYSTEMPATH\Autoloader\Autoloader.php(295): CodeIgniter\Autoloader\Autoloader->includeFile('C:\\xampp\\htdocs\\HOSPITALMANAGEMENT_GROUP3\\app\\Controllers\\NurseController.php')
 2 SYSTEMPATH\Autoloader\Autoloader.php(271): CodeIgniter\Autoloader\Autoloader->loadInNamespace('App\\Controllers\\NurseController')
 3 [internal function]: CodeIgniter\Autoloader\Autoloader->loadClass('App\\Controllers\\NurseController')
 4 SYSTEMPATH\CodeIgniter.php(885): class_exists('\\App\\Controllers\\NurseController', true)
 5 SYSTEMPATH\CodeIgniter.php(494): CodeIgniter\CodeIgniter->startController()
 6 SYSTEMPATH\CodeIgniter.php(354): CodeIgniter\CodeIgniter->handleRequest(null, Object(Config\Cache), false)
 7 SYSTEMPATH\Boot.php(363): CodeIgniter\CodeIgniter->run()
 8 SYSTEMPATH\Boot.php(68): CodeIgniter\Boot::runCodeIgniter(Object(CodeIgniter\CodeIgniter))
 9 FCPATH\index.php(59): CodeIgniter\Boot::bootWeb(Object(Config\Paths))
10 SYSTEMPATH\rewrite.php(44): require_once('C:\\xampp\\htdocs\\HOSPITALMANAGEMENT_GROUP3\\index.php')
CRITICAL - 2025-12-02 07:46:07 --> ParseError: syntax error, unexpected token "public"
[Method: GET, Route: nurse/medications]
in APPPATH\Controllers\NurseController.php on line 110.
 1 SYSTEMPATH\Autoloader\Autoloader.php(295): CodeIgniter\Autoloader\Autoloader->includeFile('C:\\xampp\\htdocs\\HOSPITALMANAGEMENT_GROUP3\\app\\Controllers\\NurseController.php')
 2 SYSTEMPATH\Autoloader\Autoloader.php(271): CodeIgniter\Autoloader\Autoloader->loadInNamespace('App\\Controllers\\NurseController')
 3 [internal function]: CodeIgniter\Autoloader\Autoloader->loadClass('App\\Controllers\\NurseController')
 4 SYSTEMPATH\CodeIgniter.php(885): class_exists('\\App\\Controllers\\NurseController', true)
 5 SYSTEMPATH\CodeIgniter.php(494): CodeIgniter\CodeIgniter->startController()
 6 SYSTEMPATH\CodeIgniter.php(354): CodeIgniter\CodeIgniter->handleRequest(null, Object(Config\Cache), false)
 7 SYSTEMPATH\Boot.php(363): CodeIgniter\CodeIgniter->run()
 8 SYSTEMPATH\Boot.php(68): CodeIgniter\Boot::runCodeIgniter(Object(CodeIgniter\CodeIgniter))
 9 FCPATH\index.php(59): CodeIgniter\Boot::bootWeb(Object(Config\Paths))
10 SYSTEMPATH\rewrite.php(44): require_once('C:\\xampp\\htdocs\\HOSPITALMANAGEMENT_GROUP3\\index.php')
CRITICAL - 2025-12-02 07:46:08 --> ParseError: syntax error, unexpected token "public"
[Method: GET, Route: nurse/medications]
in APPPATH\Controllers\NurseController.php on line 110.
 1 SYSTEMPATH\Autoloader\Autoloader.php(295): CodeIgniter\Autoloader\Autoloader->includeFile('C:\\xampp\\htdocs\\HOSPITALMANAGEMENT_GROUP3\\app\\Controllers\\NurseController.php')
 2 SYSTEMPATH\Autoloader\Autoloader.php(271): CodeIgniter\Autoloader\Autoloader->loadInNamespace('App\\Controllers\\NurseController')
 3 [internal function]: CodeIgniter\Autoloader\Autoloader->loadClass('App\\Controllers\\NurseController')
 4 SYSTEMPATH\CodeIgniter.php(885): class_exists('\\App\\Controllers\\NurseController', true)
 5 SYSTEMPATH\CodeIgniter.php(494): CodeIgniter\CodeIgniter->startController()
 6 SYSTEMPATH\CodeIgniter.php(354): CodeIgniter\CodeIgniter->handleRequest(null, Object(Config\Cache), false)
 7 SYSTEMPATH\Boot.php(363): CodeIgniter\CodeIgniter->run()
 8 SYSTEMPATH\Boot.php(68): CodeIgniter\Boot::runCodeIgniter(Object(CodeIgniter\CodeIgniter))
 9 FCPATH\index.php(59): CodeIgniter\Boot::bootWeb(Object(Config\Paths))
10 SYSTEMPATH\rewrite.php(44): require_once('C:\\xampp\\htdocs\\HOSPITALMANAGEMENT_GROUP3\\index.php')
CRITICAL - 2025-12-02 07:46:49 --> ParseError: syntax error, unexpected token "public"
[Method: GET, Route: nurse/medications]
in APPPATH\Controllers\NurseController.php on line 110.
 1 SYSTEMPATH\Autoloader\Autoloader.php(295): CodeIgniter\Autoloader\Autoloader->includeFile('C:\\xampp\\htdocs\\HOSPITALMANAGEMENT_GROUP3\\app\\Controllers\\NurseController.php')
 2 SYSTEMPATH\Autoloader\Autoloader.php(271): CodeIgniter\Autoloader\Autoloader->loadInNamespace('App\\Controllers\\NurseController')
 3 [internal function]: CodeIgniter\Autoloader\Autoloader->loadClass('App\\Controllers\\NurseController')
 4 SYSTEMPATH\CodeIgniter.php(885): class_exists('\\App\\Controllers\\NurseController', true)
 5 SYSTEMPATH\CodeIgniter.php(494): CodeIgniter\CodeIgniter->startController()
 6 SYSTEMPATH\CodeIgniter.php(354): CodeIgniter\CodeIgniter->handleRequest(null, Object(Config\Cache), false)
 7 SYSTEMPATH\Boot.php(363): CodeIgniter\CodeIgniter->run()
 8 SYSTEMPATH\Boot.php(68): CodeIgniter\Boot::runCodeIgniter(Object(CodeIgniter\CodeIgniter))
 9 FCPATH\index.php(59): CodeIgniter\Boot::bootWeb(Object(Config\Paths))
10 SYSTEMPATH\rewrite.php(44): require_once('C:\\xampp\\htdocs\\HOSPITALMANAGEMENT_GROUP3\\index.php')
CRITICAL - 2025-12-02 07:46:50 --> ParseError: syntax error, unexpected token "public"
[Method: GET, Route: nurse/medications]
in APPPATH\Controllers\NurseController.php on line 110.
 1 SYSTEMPATH\Autoloader\Autoloader.php(295): CodeIgniter\Autoloader\Autoloader->includeFile('C:\\xampp\\htdocs\\HOSPITALMANAGEMENT_GROUP3\\app\\Controllers\\NurseController.php')
 2 SYSTEMPATH\Autoloader\Autoloader.php(271): CodeIgniter\Autoloader\Autoloader->loadInNamespace('App\\Controllers\\NurseController')
 3 [internal function]: CodeIgniter\Autoloader\Autoloader->loadClass('App\\Controllers\\NurseController')
 4 SYSTEMPATH\CodeIgniter.php(885): class_exists('\\App\\Controllers\\NurseController', true)
 5 SYSTEMPATH\CodeIgniter.php(494): CodeIgniter\CodeIgniter->startController()
 6 SYSTEMPATH\CodeIgniter.php(354): CodeIgniter\CodeIgniter->handleRequest(null, Object(Config\Cache), false)
 7 SYSTEMPATH\Boot.php(363): CodeIgniter\CodeIgniter->run()
 8 SYSTEMPATH\Boot.php(68): CodeIgniter\Boot::runCodeIgniter(Object(CodeIgniter\CodeIgniter))
 9 FCPATH\index.php(59): CodeIgniter\Boot::bootWeb(Object(Config\Paths))
10 SYSTEMPATH\rewrite.php(44): require_once('C:\\xampp\\htdocs\\HOSPITALMANAGEMENT_GROUP3\\index.php')
ERROR - 2025-12-02 07:50:44 --> mysqli_sql_exception: Table 'hmsdb.nurse_tasks' doesn't exist in C:\xampp\htdocs\HOSPITALMANAGEMENT_GROUP3\system\Database\MySQLi\Connection.php:327
Stack trace:
#0 C:\xampp\htdocs\HOSPITALMANAGEMENT_GROUP3\system\Database\MySQLi\Connection.php(327): mysqli->query('UPDATE `nurse_t...', 0)
#1 C:\xampp\htdocs\HOSPITALMANAGEMENT_GROUP3\system\Database\BaseConnection.php(729): CodeIgniter\Database\MySQLi\Connection->execute('UPDATE `nurse_t...')
#2 C:\xampp\htdocs\HOSPITALMANAGEMENT_GROUP3\system\Database\BaseConnection.php(646): CodeIgniter\Database\BaseConnection->simpleQuery('UPDATE `nurse_t...')
#3 C:\xampp\htdocs\HOSPITALMANAGEMENT_GROUP3\system\Database\BaseBuilder.php(2521): CodeIgniter\Database\BaseConnection->query('UPDATE `nurse_t...', Array, false)
#4 C:\xampp\htdocs\HOSPITALMANAGEMENT_GROUP3\app\Controllers\NurseController.php(441): CodeIgniter\Database\BaseBuilder->update()
#5 C:\xampp\htdocs\HOSPITALMANAGEMENT_GROUP3\system\CodeIgniter.php(933): App\Controllers\NurseController->completeTask('5')
#6 C:\xampp\htdocs\HOSPITALMANAGEMENT_GROUP3\system\CodeIgniter.php(507): CodeIgniter\CodeIgniter->runController(Object(App\Controllers\NurseController))
#7 C:\xampp\htdocs\HOSPITALMANAGEMENT_GROUP3\system\CodeIgniter.php(354): CodeIgniter\CodeIgniter->handleRequest(NULL, Object(Config\Cache), false)
#8 C:\xampp\htdocs\HOSPITALMANAGEMENT_GROUP3\system\Boot.php(363): CodeIgniter\CodeIgniter->run()
#9 C:\xampp\htdocs\HOSPITALMANAGEMENT_GROUP3\system\Boot.php(68): CodeIgniter\Boot::runCodeIgniter(Object(CodeIgniter\CodeIgniter))
#10 C:\xampp\htdocs\HOSPITALMANAGEMENT_GROUP3\index.php(59): CodeIgniter\Boot::bootWeb(Object(Config\Paths))
#11 C:\xampp\htdocs\HOSPITALMANAGEMENT_GROUP3\system\rewrite.php(44): require_once('C:\\xampp\\htdocs...')
#12 {main}
ERROR - 2025-12-02 07:50:44 --> Error completing task: Table 'hmsdb.nurse_tasks' doesn't exist
CRITICAL - 2025-12-02 07:52:44 --> ErrorException: Cannot redeclare App\Controllers\NurseController::searchMedications()
[Method: GET, Route: nurse/medications]
in APPPATH\Controllers\NurseController.php on line 668.
 1 [internal function]: CodeIgniter\Debug\Exceptions->shutdownHandler()
CRITICAL - 2025-12-02 07:52:45 --> ErrorException: Cannot redeclare App\Controllers\NurseController::searchMedications()
[Method: GET, Route: nurse/medications]
in APPPATH\Controllers\NurseController.php on line 668.
 1 [internal function]: CodeIgniter\Debug\Exceptions->shutdownHandler()
CRITICAL - 2025-12-02 07:52:52 --> ErrorException: Cannot redeclare App\Controllers\NurseController::searchMedications()
[Method: GET, Route: nurse/medications]
in APPPATH\Controllers\NurseController.php on line 668.
 1 [internal function]: CodeIgniter\Debug\Exceptions->shutdownHandler()
CRITICAL - 2025-12-02 07:53:49 --> ErrorException: Cannot redeclare App\Controllers\NurseController::searchMedications()
[Method: GET, Route: nurse/medications]
in APPPATH\Controllers\NurseController.php on line 668.
 1 [internal function]: CodeIgniter\Debug\Exceptions->shutdownHandler()
CRITICAL - 2025-12-02 07:53:49 --> ErrorException: Cannot redeclare App\Controllers\NurseController::searchMedications()
[Method: GET, Route: nurse/medications]
in APPPATH\Controllers\NurseController.php on line 668.
 1 [internal function]: CodeIgniter\Debug\Exceptions->shutdownHandler()
CRITICAL - 2025-12-02 07:55:46 --> ErrorException: Cannot redeclare App\Controllers\NurseController::searchMedications()
[Method: GET, Route: nurse/medications]
in APPPATH\Controllers\NurseController.php on line 668.
 1 [internal function]: CodeIgniter\Debug\Exceptions->shutdownHandler()
CRITICAL - 2025-12-02 08:04:49 --> CodeIgniter\View\Exceptions\ViewException: Invalid file: "templates/dashboard.php"
[Method: GET, Route: admin/dashboard]
in SYSTEMPATH\Exceptions\FrameworkException.php on line 39.
 1 SYSTEMPATH\View\View.php(214): CodeIgniter\Exceptions\FrameworkException::forInvalidFile('templates/dashboard.php')
 2 SYSTEMPATH\View\View.php(242): CodeIgniter\View\View->render('templates/dashboard', [], true)
 3 SYSTEMPATH\Common.php(1167): CodeIgniter\View\View->render('auth/admin/dashboard', [], true)
 4 APPPATH\Controllers\AdminController.php(68): view('auth/admin/dashboard', [...])
 5 SYSTEMPATH\CodeIgniter.php(933): App\Controllers\AdminController->dashboard()
 6 SYSTEMPATH\CodeIgniter.php(507): CodeIgniter\CodeIgniter->runController(Object(App\Controllers\AdminController))
 7 SYSTEMPATH\CodeIgniter.php(354): CodeIgniter\CodeIgniter->handleRequest(null, Object(Config\Cache), false)
 8 SYSTEMPATH\Boot.php(363): CodeIgniter\CodeIgniter->run()
 9 SYSTEMPATH\Boot.php(68): CodeIgniter\Boot::runCodeIgniter(Object(CodeIgniter\CodeIgniter))
10 FCPATH\index.php(59): CodeIgniter\Boot::bootWeb(Object(Config\Paths))
11 SYSTEMPATH\rewrite.php(44): require_once('C:\\xampp\\htdocs\\HOSPITALMANAGEMENT_GROUP3\\index.php')
CRITICAL - 2025-12-02 08:04:51 --> CodeIgniter\View\Exceptions\ViewException: Invalid file: "templates/dashboard.php"
[Method: GET, Route: admin/dashboard]
in SYSTEMPATH\Exceptions\FrameworkException.php on line 39.
 1 SYSTEMPATH\View\View.php(214): CodeIgniter\Exceptions\FrameworkException::forInvalidFile('templates/dashboard.php')
 2 SYSTEMPATH\View\View.php(242): CodeIgniter\View\View->render('templates/dashboard', [], true)
 3 SYSTEMPATH\Common.php(1167): CodeIgniter\View\View->render('auth/admin/dashboard', [], true)
 4 APPPATH\Controllers\AdminController.php(68): view('auth/admin/dashboard', [...])
 5 SYSTEMPATH\CodeIgniter.php(933): App\Controllers\AdminController->dashboard()
 6 SYSTEMPATH\CodeIgniter.php(507): CodeIgniter\CodeIgniter->runController(Object(App\Controllers\AdminController))
 7 SYSTEMPATH\CodeIgniter.php(354): CodeIgniter\CodeIgniter->handleRequest(null, Object(Config\Cache), false)
 8 SYSTEMPATH\Boot.php(363): CodeIgniter\CodeIgniter->run()
 9 SYSTEMPATH\Boot.php(68): CodeIgniter\Boot::runCodeIgniter(Object(CodeIgniter\CodeIgniter))
10 FCPATH\index.php(59): CodeIgniter\Boot::bootWeb(Object(Config\Paths))
11 SYSTEMPATH\rewrite.php(44): require_once('C:\\xampp\\htdocs\\HOSPITALMANAGEMENT_GROUP3\\index.php')
CRITICAL - 2025-12-02 08:04:52 --> CodeIgniter\View\Exceptions\ViewException: Invalid file: "templates/dashboard.php"
[Method: GET, Route: admin/dashboard]
in SYSTEMPATH\Exceptions\FrameworkException.php on line 39.
 1 SYSTEMPATH\View\View.php(214): CodeIgniter\Exceptions\FrameworkException::forInvalidFile('templates/dashboard.php')
 2 SYSTEMPATH\View\View.php(242): CodeIgniter\View\View->render('templates/dashboard', [], true)
 3 SYSTEMPATH\Common.php(1167): CodeIgniter\View\View->render('auth/admin/dashboard', [], true)
 4 APPPATH\Controllers\AdminController.php(68): view('auth/admin/dashboard', [...])
 5 SYSTEMPATH\CodeIgniter.php(933): App\Controllers\AdminController->dashboard()
 6 SYSTEMPATH\CodeIgniter.php(507): CodeIgniter\CodeIgniter->runController(Object(App\Controllers\AdminController))
 7 SYSTEMPATH\CodeIgniter.php(354): CodeIgniter\CodeIgniter->handleRequest(null, Object(Config\Cache), false)
 8 SYSTEMPATH\Boot.php(363): CodeIgniter\CodeIgniter->run()
 9 SYSTEMPATH\Boot.php(68): CodeIgniter\Boot::runCodeIgniter(Object(CodeIgniter\CodeIgniter))
10 FCPATH\index.php(59): CodeIgniter\Boot::bootWeb(Object(Config\Paths))
11 SYSTEMPATH\rewrite.php(44): require_once('C:\\xampp\\htdocs\\HOSPITALMANAGEMENT_GROUP3\\index.php')
